#
# There is insufficient memory for the Java Runtime Environment to continue.
# Native memory allocation (malloc) failed to allocate 517696 bytes. Error detail: Chunk::new
# Possible reasons:
#   The system is out of physical RAM or swap space
#   This process is running with CompressedOops enabled, and the Java Heap may be blocking the growth of the native heap
# Possible solutions:
#   Reduce memory load on the system
#   Increase physical memory or swap space
#   Check if swap backing store is full
#   Decrease Java heap size (-Xmx/-Xms)
#   Decrease number of Java threads
#   Decrease Java thread stack sizes (-Xss)
#   Set larger code cache with -XX:ReservedCodeCacheSize=
#   JVM is running with Unscaled Compressed Oops mode in which the Java heap is
#     placed in the first 4GB address space. The Java Heap base address is the
#     maximum limit for the native heap growth. Please use -XX:HeapBaseMinAddress
#     to set the Java Heap base and to place the Java Heap above 4GB virtual address.
# This output file may be truncated or incomplete.
#
#  Out of Memory Error (arena.cpp:191), pid=20928, tid=9696
#
# JRE version: OpenJDK Runtime Environment (17.0.11) (build 17.0.11+0--11852314)
# Java VM: OpenJDK 64-Bit Server VM (17.0.11+0--11852314, mixed mode, tiered, compressed oops, compressed class ptrs, g1 gc, windows-amd64)
# No core dump will be written. Minidumps are not enabled by default on client versions of Windows
#

---------------  S U M M A R Y ------------

Command Line: --add-opens=java.base/java.util=ALL-UNNAMED --add-opens=java.base/java.lang=ALL-UNNAMED --add-opens=java.base/java.lang.invoke=ALL-UNNAMED --add-opens=java.prefs/java.util.prefs=ALL-UNNAMED --add-opens=java.base/java.nio.charset=ALL-UNNAMED --add-opens=java.base/java.net=ALL-UNNAMED --add-opens=java.base/java.util.concurrent.atomic=ALL-UNNAMED -Xmx2048m -Dfile.encoding=UTF-8 -Duser.country=US -Duser.language=en -Duser.variant -javaagent:C:\Users\nvhoa\.gradle\wrapper\dists\gradle-8.7-bin\bhs2wmbdwecv87pi65oeuq5iu\gradle-8.7\lib\agents\gradle-instrumentation-agent-8.7.jar org.gradle.launcher.daemon.bootstrap.GradleDaemon 8.7

Host: 11th Gen Intel(R) Core(TM) i5-11400H @ 2.70GHz, 12 cores, 7G,  Windows 11 , 64 bit Build 22621 (10.0.22621.4391)
Time: Sun Dec  1 22:50:08 2024 SE Asia Standard Time elapsed time: 2.146161 seconds (0d 0h 0m 2s)

---------------  T H R E A D  ---------------

Current thread (0x0000021e3017c7b0):  JavaThread "C2 CompilerThread1" daemon [_thread_in_native, id=9696, stack(0x0000005f20500000,0x0000005f20600000)]


Current CompileTask:
C2:   2146 2250   !   4       java.lang.ClassLoader::loadClass (121 bytes)

Stack: [0x0000005f20500000,0x0000005f20600000]
Native frames: (J=compiled Java code, j=interpreted, Vv=VM code, C=native code)
V  [jvm.dll+0x687bb9]
V  [jvm.dll+0x84142a]
V  [jvm.dll+0x8430ae]
V  [jvm.dll+0x843713]
V  [jvm.dll+0x24a35f]
V  [jvm.dll+0xac544]
V  [jvm.dll+0xacb8c]
V  [jvm.dll+0x2b194f]
V  [jvm.dll+0x58eba7]
V  [jvm.dll+0x2247e2]
V  [jvm.dll+0x21d6dd]
V  [jvm.dll+0x21b201]
V  [jvm.dll+0x1a63ed]
V  [jvm.dll+0x22b1ee]
V  [jvm.dll+0x229375]
V  [jvm.dll+0x7f5647]
V  [jvm.dll+0x7efa4a]
V  [jvm.dll+0x686a35]
C  [ucrtbase.dll+0x29333]
C  [KERNEL32.DLL+0x1259d]
C  [ntdll.dll+0x5af38]


---------------  P R O C E S S  ---------------

Threads class SMR info:
_java_thread_list=0x0000021e32486c20, length=26, elements={
0x0000021e0f82ecd0, 0x0000021e2bc30990, 0x0000021e2bc35370, 0x0000021e2bc92200,
0x0000021e2bc86230, 0x0000021e2bc89210, 0x0000021e2bc8bff0, 0x0000021e2bc8cce0,
0x0000021e2bc8d6e0, 0x0000021e2bc96fe0, 0x0000021e2be1fd00, 0x0000021e2be21140,
0x0000021e3017c7b0, 0x0000021e2be21650, 0x0000021e2be22070, 0x0000021e2be21b60,
0x0000021e2be22580, 0x0000021e2be20720, 0x0000021e2be22a90, 0x0000021e2be20210,
0x0000021e2be1f2e0, 0x0000021e2be20c30, 0x0000021e2be1f7f0, 0x0000021e3198f690,
0x0000021e3198c3f0, 0x0000021e3198ce10
}

Java Threads: ( => current thread )
  0x0000021e0f82ecd0 JavaThread "main" [_thread_blocked, id=20356, stack(0x0000005f1f200000,0x0000005f1f300000)]
  0x0000021e2bc30990 JavaThread "Reference Handler" daemon [_thread_blocked, id=2172, stack(0x0000005f1f900000,0x0000005f1fa00000)]
  0x0000021e2bc35370 JavaThread "Finalizer" daemon [_thread_blocked, id=9776, stack(0x0000005f1fa00000,0x0000005f1fb00000)]
  0x0000021e2bc92200 JavaThread "Signal Dispatcher" daemon [_thread_blocked, id=17256, stack(0x0000005f1fb00000,0x0000005f1fc00000)]
  0x0000021e2bc86230 JavaThread "Attach Listener" daemon [_thread_blocked, id=19740, stack(0x0000005f1fc00000,0x0000005f1fd00000)]
  0x0000021e2bc89210 JavaThread "Service Thread" daemon [_thread_blocked, id=10512, stack(0x0000005f1fd00000,0x0000005f1fe00000)]
  0x0000021e2bc8bff0 JavaThread "Monitor Deflation Thread" daemon [_thread_blocked, id=15892, stack(0x0000005f1fe00000,0x0000005f1ff00000)]
  0x0000021e2bc8cce0 JavaThread "C2 CompilerThread0" daemon [_thread_blocked, id=19984, stack(0x0000005f1ff00000,0x0000005f20000000)]
  0x0000021e2bc8d6e0 JavaThread "C1 CompilerThread0" daemon [_thread_blocked, id=22272, stack(0x0000005f20000000,0x0000005f20100000)]
  0x0000021e2bc96fe0 JavaThread "Sweeper thread" daemon [_thread_blocked, id=17352, stack(0x0000005f20100000,0x0000005f20200000)]
  0x0000021e2be1fd00 JavaThread "Common-Cleaner" daemon [_thread_blocked, id=22568, stack(0x0000005f20200000,0x0000005f20300000)]
  0x0000021e2be21140 JavaThread "Notification Thread" daemon [_thread_blocked, id=6440, stack(0x0000005f20300000,0x0000005f20400000)]
=>0x0000021e3017c7b0 JavaThread "C2 CompilerThread1" daemon [_thread_in_native, id=9696, stack(0x0000005f20500000,0x0000005f20600000)]
  0x0000021e2be21650 JavaThread "Daemon health stats" [_thread_blocked, id=18908, stack(0x0000005f20a00000,0x0000005f20b00000)]
  0x0000021e2be22070 JavaThread "Incoming local TCP Connector on port 50553" [_thread_in_native, id=23232, stack(0x0000005f20b00000,0x0000005f20c00000)]
  0x0000021e2be21b60 JavaThread "Daemon periodic checks" [_thread_blocked, id=19552, stack(0x0000005f20c00000,0x0000005f20d00000)]
  0x0000021e2be22580 JavaThread "Daemon" [_thread_blocked, id=18388, stack(0x0000005f20d00000,0x0000005f20e00000)]
  0x0000021e2be20720 JavaThread "Handler for socket connection from /127.0.0.1:50553 to /127.0.0.1:50554" [_thread_in_native, id=2312, stack(0x0000005f20e00000,0x0000005f20f00000)]
  0x0000021e2be22a90 JavaThread "Cancel handler" [_thread_blocked, id=4524, stack(0x0000005f20f00000,0x0000005f21000000)]
  0x0000021e2be20210 JavaThread "Daemon worker" [_thread_in_native, id=3400, stack(0x0000005f21000000,0x0000005f21100000)]
  0x0000021e2be1f2e0 JavaThread "Asynchronous log dispatcher for DefaultDaemonConnection: socket connection from /127.0.0.1:50553 to /127.0.0.1:50554" [_thread_blocked, id=13408, stack(0x0000005f21100000,0x0000005f21200000)]
  0x0000021e2be20c30 JavaThread "Stdin handler" [_thread_blocked, id=12352, stack(0x0000005f21200000,0x0000005f21300000)]
  0x0000021e2be1f7f0 JavaThread "Daemon client event forwarder" [_thread_blocked, id=4436, stack(0x0000005f21300000,0x0000005f21400000)]
  0x0000021e3198f690 JavaThread "Cache worker for journal cache (C:\Users\nvhoa\.gradle\caches\journal-1)" [_thread_blocked, id=11184, stack(0x0000005f21b00000,0x0000005f21c00000)]
  0x0000021e3198c3f0 JavaThread "File lock request listener" [_thread_in_native, id=13028, stack(0x0000005f21c00000,0x0000005f21d00000)]
  0x0000021e3198ce10 JavaThread "Cache worker for file hash cache (C:\Users\nvhoa\.gradle\caches\8.7\fileHashes)" [_thread_blocked, id=22712, stack(0x0000005f21d00000,0x0000005f21e00000)]

Other Threads:
  0x0000021e2babeb70 VMThread "VM Thread" [stack: 0x0000005f1f800000,0x0000005f1f900000] [id=9092]
  0x0000021e2bf38de0 WatcherThread [stack: 0x0000005f20400000,0x0000005f20500000] [id=7372]
  0x0000021e0f88aee0 GCTaskThread "GC Thread#0" [stack: 0x0000005f1f300000,0x0000005f1f400000] [id=17812]
  0x0000021e30def440 GCTaskThread "GC Thread#1" [stack: 0x0000005f20600000,0x0000005f20700000] [id=16736]
  0x0000021e30e46da0 GCTaskThread "GC Thread#2" [stack: 0x0000005f20700000,0x0000005f20800000] [id=21372]
  0x0000021e30bf9010 GCTaskThread "GC Thread#3" [stack: 0x0000005f20800000,0x0000005f20900000] [id=20784]
  0x0000021e30e79980 GCTaskThread "GC Thread#4" [stack: 0x0000005f20900000,0x0000005f20a00000] [id=8560]
  0x0000021e328b4510 GCTaskThread "GC Thread#5" [stack: 0x0000005f21400000,0x0000005f21500000] [id=19348]
  0x0000021e30f62b80 GCTaskThread "GC Thread#6" [stack: 0x0000005f21500000,0x0000005f21600000] [id=21756]
  0x0000021e312ffdd0 GCTaskThread "GC Thread#7" [stack: 0x0000005f21600000,0x0000005f21700000] [id=9892]
  0x0000021e3221b280 GCTaskThread "GC Thread#8" [stack: 0x0000005f21700000,0x0000005f21800000] [id=20672]
  0x0000021e3221c040 GCTaskThread "GC Thread#9" [stack: 0x0000005f21800000,0x0000005f21900000] [id=2848]
  0x0000021e0f89be30 ConcurrentGCThread "G1 Main Marker" [stack: 0x0000005f1f400000,0x0000005f1f500000] [id=5396]
  0x0000021e0f89c850 ConcurrentGCThread "G1 Conc#0" [stack: 0x0000005f1f500000,0x0000005f1f600000] [id=14392]
  0x0000021e3221c300 ConcurrentGCThread "G1 Conc#1" [stack: 0x0000005f21900000,0x0000005f21a00000] [id=12688]
  0x0000021e3221b800 ConcurrentGCThread "G1 Conc#2" [stack: 0x0000005f21a00000,0x0000005f21b00000] [id=5628]
  0x0000021e2b955d10 ConcurrentGCThread "G1 Refine#0" [stack: 0x0000005f1f600000,0x0000005f1f700000] [id=11708]
  0x0000021e2b956740 ConcurrentGCThread "G1 Service" [stack: 0x0000005f1f700000,0x0000005f1f800000] [id=22324]

Threads with active compile tasks:
C2 CompilerThread1     2164 2250   !   4       java.lang.ClassLoader::loadClass (121 bytes)

VM state: not at safepoint (normal execution)

VM Mutex/Monitor currently owned by a thread: None

Heap address: 0x0000000080000000, size: 2048 MB, Compressed Oops mode: 32-bit

CDS archive(s) not mapped
Compressed class space mapped at: 0x0000000100000000-0x0000000140000000, reserved size: 1073741824
Narrow klass base: 0x0000000000000000, Narrow klass shift: 3, Narrow klass range: 0x140000000

GC Precious Log:
 CPUs: 12 total, 12 available
 Memory: 7913M
 Large Page Support: Disabled
 NUMA Support: Disabled
 Compressed Oops: Enabled (32-bit)
 Heap Region Size: 1M
 Heap Min Capacity: 8M
 Heap Initial Capacity: 124M
 Heap Max Capacity: 2G
 Pre-touch: Disabled
 Parallel Workers: 10
 Concurrent Workers: 3
 Concurrent Refinement Workers: 10
 Periodic GC: Disabled

Heap:
 garbage-first heap   total 68608K, used 37543K [0x0000000080000000, 0x0000000100000000)
  region size 1024K, 28 young (28672K), 8 survivors (8192K)
 Metaspace       used 24606K, committed 24896K, reserved 1114112K
  class space    used 3040K, committed 3136K, reserved 1048576K

Heap Regions: E=young(eden), S=young(survivor), O=old, HS=humongous(starts), HC=humongous(continues), CS=collection set, F=free, OA=open archive, CA=closed archive, TAMS=top-at-mark-start (previous, next)
|   0|0x0000000080000000, 0x0000000080100000, 0x0000000080100000|100%|HS|  |TAMS 0x0000000080100000, 0x0000000080000000| Complete 
|   1|0x0000000080100000, 0x0000000080200000, 0x0000000080200000|100%|HC|  |TAMS 0x0000000080200000, 0x0000000080100000| Complete 
|   2|0x0000000080200000, 0x0000000080300000, 0x0000000080300000|100%|HC|  |TAMS 0x0000000080300000, 0x0000000080200000| Complete 
|   3|0x0000000080300000, 0x0000000080400000, 0x0000000080400000|100%|HC|  |TAMS 0x0000000080400000, 0x0000000080300000| Complete 
|   4|0x0000000080400000, 0x0000000080500000, 0x0000000080500000|100%| O|  |TAMS 0x0000000080500000, 0x0000000080400000| Untracked 
|   5|0x0000000080500000, 0x0000000080600000, 0x0000000080600000|100%| O|  |TAMS 0x0000000080600000, 0x0000000080500000| Untracked 
|   6|0x0000000080600000, 0x0000000080700000, 0x0000000080700000|100%| O|  |TAMS 0x0000000080700000, 0x0000000080600000| Untracked 
|   7|0x0000000080700000, 0x0000000080800000, 0x0000000080800000|100%| O|  |TAMS 0x0000000080800000, 0x0000000080700000| Untracked 
|   8|0x0000000080800000, 0x0000000080900000, 0x0000000080900000|100%| O|  |TAMS 0x0000000080900000, 0x0000000080800000| Untracked 
|   9|0x0000000080900000, 0x0000000080a00000, 0x0000000080a00000|100%| O|  |TAMS 0x0000000080a00000, 0x0000000080900000| Untracked 
|  10|0x0000000080a00000, 0x0000000080aa9e00, 0x0000000080b00000| 66%| O|  |TAMS 0x0000000080a40a00, 0x0000000080a00000| Untracked 
|  11|0x0000000080b00000, 0x0000000080b00000, 0x0000000080c00000|  0%| F|  |TAMS 0x0000000080b00000, 0x0000000080b00000| Untracked 
|  12|0x0000000080c00000, 0x0000000080c00000, 0x0000000080d00000|  0%| F|  |TAMS 0x0000000080c00000, 0x0000000080c00000| Untracked 
|  13|0x0000000080d00000, 0x0000000080d00000, 0x0000000080e00000|  0%| F|  |TAMS 0x0000000080d00000, 0x0000000080d00000| Untracked 
|  14|0x0000000080e00000, 0x0000000080e00000, 0x0000000080f00000|  0%| F|  |TAMS 0x0000000080e00000, 0x0000000080e00000| Untracked 
|  15|0x0000000080f00000, 0x0000000080f00000, 0x0000000081000000|  0%| F|  |TAMS 0x0000000080f00000, 0x0000000080f00000| Untracked 
|  16|0x0000000081000000, 0x0000000081000000, 0x0000000081100000|  0%| F|  |TAMS 0x0000000081000000, 0x0000000081000000| Untracked 
|  17|0x0000000081100000, 0x0000000081100000, 0x0000000081200000|  0%| F|  |TAMS 0x0000000081100000, 0x0000000081100000| Untracked 
|  18|0x0000000081200000, 0x0000000081200000, 0x0000000081300000|  0%| F|  |TAMS 0x0000000081200000, 0x0000000081200000| Untracked 
|  19|0x0000000081300000, 0x0000000081300000, 0x0000000081400000|  0%| F|  |TAMS 0x0000000081300000, 0x0000000081300000| Untracked 
|  20|0x0000000081400000, 0x0000000081400000, 0x0000000081500000|  0%| F|  |TAMS 0x0000000081400000, 0x0000000081400000| Untracked 
|  21|0x0000000081500000, 0x0000000081500000, 0x0000000081600000|  0%| F|  |TAMS 0x0000000081500000, 0x0000000081500000| Untracked 
|  22|0x0000000081600000, 0x0000000081600000, 0x0000000081700000|  0%| F|  |TAMS 0x0000000081600000, 0x0000000081600000| Untracked 
|  23|0x0000000081700000, 0x0000000081700000, 0x0000000081800000|  0%| F|  |TAMS 0x0000000081700000, 0x0000000081700000| Untracked 
|  24|0x0000000081800000, 0x0000000081800000, 0x0000000081900000|  0%| F|  |TAMS 0x0000000081800000, 0x0000000081800000| Untracked 
|  25|0x0000000081900000, 0x0000000081900000, 0x0000000081a00000|  0%| F|  |TAMS 0x0000000081900000, 0x0000000081900000| Untracked 
|  26|0x0000000081a00000, 0x0000000081a00000, 0x0000000081b00000|  0%| F|  |TAMS 0x0000000081a00000, 0x0000000081a00000| Untracked 
|  27|0x0000000081b00000, 0x0000000081b00000, 0x0000000081c00000|  0%| F|  |TAMS 0x0000000081b00000, 0x0000000081b00000| Untracked 
|  28|0x0000000081c00000, 0x0000000081c00000, 0x0000000081d00000|  0%| F|  |TAMS 0x0000000081c00000, 0x0000000081c00000| Untracked 
|  29|0x0000000081d00000, 0x0000000081d00000, 0x0000000081e00000|  0%| F|  |TAMS 0x0000000081d00000, 0x0000000081d00000| Untracked 
|  30|0x0000000081e00000, 0x0000000081e00000, 0x0000000081f00000|  0%| F|  |TAMS 0x0000000081e00000, 0x0000000081e00000| Untracked 
|  31|0x0000000081f00000, 0x0000000081f00000, 0x0000000082000000|  0%| F|  |TAMS 0x0000000081f00000, 0x0000000081f00000| Untracked 
|  32|0x0000000082000000, 0x0000000082000000, 0x0000000082100000|  0%| F|  |TAMS 0x0000000082000000, 0x0000000082000000| Untracked 
|  33|0x0000000082100000, 0x0000000082100000, 0x0000000082200000|  0%| F|  |TAMS 0x0000000082100000, 0x0000000082100000| Untracked 
|  34|0x0000000082200000, 0x0000000082200000, 0x0000000082300000|  0%| F|  |TAMS 0x0000000082200000, 0x0000000082200000| Untracked 
|  35|0x0000000082300000, 0x0000000082300000, 0x0000000082400000|  0%| F|  |TAMS 0x0000000082300000, 0x0000000082300000| Untracked 
|  36|0x0000000082400000, 0x0000000082400000, 0x0000000082500000|  0%| F|  |TAMS 0x0000000082400000, 0x0000000082400000| Untracked 
|  37|0x0000000082500000, 0x0000000082500000, 0x0000000082600000|  0%| F|  |TAMS 0x0000000082500000, 0x0000000082500000| Untracked 
|  38|0x0000000082600000, 0x0000000082600000, 0x0000000082700000|  0%| F|  |TAMS 0x0000000082600000, 0x0000000082600000| Untracked 
|  39|0x0000000082700000, 0x00000000827b2470, 0x0000000082800000| 69%| E|  |TAMS 0x0000000082700000, 0x0000000082700000| Complete 
|  40|0x0000000082800000, 0x0000000082900000, 0x0000000082900000|100%| E|CS|TAMS 0x0000000082800000, 0x0000000082800000| Complete 
|  41|0x0000000082900000, 0x0000000082a00000, 0x0000000082a00000|100%| E|CS|TAMS 0x0000000082900000, 0x0000000082900000| Complete 
|  42|0x0000000082a00000, 0x0000000082b00000, 0x0000000082b00000|100%| E|CS|TAMS 0x0000000082a00000, 0x0000000082a00000| Complete 
|  43|0x0000000082b00000, 0x0000000082c00000, 0x0000000082c00000|100%| E|CS|TAMS 0x0000000082b00000, 0x0000000082b00000| Complete 
|  44|0x0000000082c00000, 0x0000000082d00000, 0x0000000082d00000|100%| E|CS|TAMS 0x0000000082c00000, 0x0000000082c00000| Complete 
|  45|0x0000000082d00000, 0x0000000082e00000, 0x0000000082e00000|100%| E|CS|TAMS 0x0000000082d00000, 0x0000000082d00000| Complete 
|  46|0x0000000082e00000, 0x0000000082f00000, 0x0000000082f00000|100%| E|CS|TAMS 0x0000000082e00000, 0x0000000082e00000| Complete 
|  47|0x0000000082f00000, 0x0000000083000000, 0x0000000083000000|100%| E|CS|TAMS 0x0000000082f00000, 0x0000000082f00000| Complete 
|  48|0x0000000083000000, 0x0000000083100000, 0x0000000083100000|100%| E|CS|TAMS 0x0000000083000000, 0x0000000083000000| Complete 
|  49|0x0000000083100000, 0x0000000083200000, 0x0000000083200000|100%| E|CS|TAMS 0x0000000083100000, 0x0000000083100000| Complete 
|  50|0x0000000083200000, 0x0000000083300000, 0x0000000083300000|100%| E|CS|TAMS 0x0000000083200000, 0x0000000083200000| Complete 
|  51|0x0000000083300000, 0x0000000083400000, 0x0000000083400000|100%| E|CS|TAMS 0x0000000083300000, 0x0000000083300000| Complete 
|  52|0x0000000083400000, 0x0000000083500000, 0x0000000083500000|100%| E|CS|TAMS 0x0000000083400000, 0x0000000083400000| Complete 
|  53|0x0000000083500000, 0x0000000083600000, 0x0000000083600000|100%| E|CS|TAMS 0x0000000083500000, 0x0000000083500000| Complete 
|  54|0x0000000083600000, 0x0000000083700000, 0x0000000083700000|100%| E|CS|TAMS 0x0000000083600000, 0x0000000083600000| Complete 
|  55|0x0000000083700000, 0x0000000083800000, 0x0000000083800000|100%| E|CS|TAMS 0x0000000083700000, 0x0000000083700000| Complete 
|  56|0x0000000083800000, 0x0000000083900000, 0x0000000083900000|100%| E|CS|TAMS 0x0000000083800000, 0x0000000083800000| Complete 
|  57|0x0000000083900000, 0x0000000083a00000, 0x0000000083a00000|100%| E|CS|TAMS 0x0000000083900000, 0x0000000083900000| Complete 
|  65|0x0000000084100000, 0x0000000084200000, 0x0000000084200000|100%| S|CS|TAMS 0x0000000084100000, 0x0000000084100000| Complete 
|  66|0x0000000084200000, 0x0000000084300000, 0x0000000084300000|100%| S|CS|TAMS 0x0000000084200000, 0x0000000084200000| Complete 
|  67|0x0000000084300000, 0x0000000084400000, 0x0000000084400000|100%| S|CS|TAMS 0x0000000084300000, 0x0000000084300000| Complete 
|  68|0x0000000084400000, 0x0000000084500000, 0x0000000084500000|100%| S|CS|TAMS 0x0000000084400000, 0x0000000084400000| Complete 
|  69|0x0000000084500000, 0x0000000084600000, 0x0000000084600000|100%| S|CS|TAMS 0x0000000084500000, 0x0000000084500000| Complete 
|  70|0x0000000084600000, 0x0000000084700000, 0x0000000084700000|100%| S|CS|TAMS 0x0000000084600000, 0x0000000084600000| Complete 
|  71|0x0000000084700000, 0x0000000084800000, 0x0000000084800000|100%| S|CS|TAMS 0x0000000084700000, 0x0000000084700000| Complete 
|  72|0x0000000084800000, 0x0000000084900000, 0x0000000084900000|100%| S|CS|TAMS 0x0000000084800000, 0x0000000084800000| Complete 
| 123|0x0000000087b00000, 0x0000000087c00000, 0x0000000087c00000|100%| E|  |TAMS 0x0000000087b00000, 0x0000000087b00000| Complete 

Card table byte_map: [0x0000021e24560000,0x0000021e24960000] _byte_map_base: 0x0000021e24160000

Marking Bits (Prev, Next): (CMBitMap*) 0x0000021e0f88b540, (CMBitMap*) 0x0000021e0f88b500
 Prev Bits: [0x0000021e26d60000, 0x0000021e28d60000)
 Next Bits: [0x0000021e24d60000, 0x0000021e26d60000)

Polling page: 0x0000021e0f8e0000

Metaspace:

Usage:
  Non-class:     21.07 MB used.
      Class:      2.97 MB used.
       Both:     24.04 MB used.

Virtual space:
  Non-class space:       64.00 MB reserved,      21.25 MB ( 33%) committed,  1 nodes.
      Class space:        1.00 GB reserved,       3.06 MB ( <1%) committed,  1 nodes.
             Both:        1.06 GB reserved,      24.31 MB (  2%) committed. 

Chunk freelists:
   Non-Class:  10.59 MB
       Class:  12.88 MB
        Both:  23.47 MB

MaxMetaspaceSize: unlimited
CompressedClassSpaceSize: 1.00 GB
Initial GC threshold: 21.00 MB
Current GC threshold: 35.12 MB
CDS: off
MetaspaceReclaimPolicy: balanced
 - commit_granule_bytes: 65536.
 - commit_granule_words: 8192.
 - virtual_space_node_default_size: 8388608.
 - enlarge_chunks_in_place: 1.
 - new_chunks_are_fully_committed: 0.
 - uncommit_free_chunks: 1.
 - use_allocation_guard: 0.
 - handle_deallocations: 1.


Internal statistics:

num_allocs_failed_limit: 3.
num_arena_births: 204.
num_arena_deaths: 0.
num_vsnodes_births: 2.
num_vsnodes_deaths: 0.
num_space_committed: 389.
num_space_uncommitted: 0.
num_chunks_returned_to_freelist: 3.
num_chunks_taken_from_freelist: 725.
num_chunk_merges: 3.
num_chunk_splits: 465.
num_chunks_enlarged: 346.
num_inconsistent_stats: 0.

CodeHeap 'non-profiled nmethods': size=120000Kb used=1224Kb max_used=1224Kb free=118775Kb
 bounds [0x0000021e1bfa0000, 0x0000021e1c210000, 0x0000021e234d0000]
CodeHeap 'profiled nmethods': size=120000Kb used=4574Kb max_used=4574Kb free=115425Kb
 bounds [0x0000021e144d0000, 0x0000021e14950000, 0x0000021e1ba00000]
CodeHeap 'non-nmethods': size=5760Kb used=1231Kb max_used=1267Kb free=4528Kb
 bounds [0x0000021e1ba00000, 0x0000021e1bc70000, 0x0000021e1bfa0000]
 total_blobs=2804 nmethods=2278 adapters=438
 compilation: enabled
              stopped_count=0, restarted_count=0
 full_count=0

Compilation events (20 events):
Event: 2.134 Thread 0x0000021e2bc8d6e0 2257       1       java.lang.reflect.Method::getMethodAccessor (5 bytes)
Event: 2.134 Thread 0x0000021e2bc8d6e0 nmethod 2257 0x0000021e1c0cfa10 code [0x0000021e1c0cfba0, 0x0000021e1c0cfc78]
Event: 2.134 Thread 0x0000021e2bc8d6e0 2258       3       jdk.internal.reflect.MethodAccessorImpl::<init> (5 bytes)
Event: 2.134 Thread 0x0000021e2bc8d6e0 nmethod 2258 0x0000021e14944990 code [0x0000021e14944b40, 0x0000021e14944cf8]
Event: 2.134 Thread 0x0000021e2bc8d6e0 2259       1       jdk.internal.reflect.NativeMethodAccessorImpl::setParent (6 bytes)
Event: 2.134 Thread 0x0000021e2bc8d6e0 nmethod 2259 0x0000021e1c0cfd10 code [0x0000021e1c0cfea0, 0x0000021e1c0cffb8]
Event: 2.136 Thread 0x0000021e2bc8cce0 2260       4       jdk.internal.org.objectweb.asm.ByteVector::put12 (64 bytes)
Event: 2.137 Thread 0x0000021e2bc8d6e0 2261       3       com.google.common.collect.Hashing::smear (19 bytes)
Event: 2.137 Thread 0x0000021e2bc8cce0 nmethod 2260 0x0000021e1c0d0010 code [0x0000021e1c0d01a0, 0x0000021e1c0d0348]
Event: 2.137 Thread 0x0000021e2bc8d6e0 nmethod 2261 0x0000021e14944e10 code [0x0000021e14944fa0, 0x0000021e14945118]
Event: 2.137 Thread 0x0000021e2bc8d6e0 2262       3       java.lang.Integer::rotateLeft (9 bytes)
Event: 2.137 Thread 0x0000021e2bc8d6e0 nmethod 2262 0x0000021e14945210 code [0x0000021e149453a0, 0x0000021e14945498]
Event: 2.137 Thread 0x0000021e2bc8d6e0 2264       3       jdk.internal.org.objectweb.asm.FieldVisitor::<init> (88 bytes)
Event: 2.137 Thread 0x0000021e2bc8d6e0 nmethod 2264 0x0000021e14945510 code [0x0000021e14945760, 0x0000021e14946028]
Event: 2.137 Thread 0x0000021e2bc8d6e0 2266       3       jdk.internal.misc.Unsafe::weakCompareAndSetInt (11 bytes)
Event: 2.137 Thread 0x0000021e2bc8d6e0 nmethod 2266 0x0000021e14946310 code [0x0000021e149464a0, 0x0000021e149465d8]
Event: 2.143 Thread 0x0000021e2bc8d6e0 2268       3       java.lang.invoke.MemberName::changeReferenceKind (60 bytes)
Event: 2.143 Thread 0x0000021e2bc8d6e0 nmethod 2268 0x0000021e14946690 code [0x0000021e14946820, 0x0000021e14946958]
Event: 2.144 Thread 0x0000021e2bc8cce0 2269       4       java.security.AccessController::checkContext (49 bytes)
Event: 2.144 Thread 0x0000021e2bc8cce0 nmethod 2269 0x0000021e1c0d0e90 code [0x0000021e1c0d1000, 0x0000021e1c0d1098]

GC Heap History (6 events):
Event: 0.589 GC heap before
{Heap before GC invocations=0 (full 0):
 garbage-first heap   total 126976K, used 26624K [0x0000000080000000, 0x0000000100000000)
  region size 1024K, 23 young (23552K), 0 survivors (0K)
 Metaspace       used 10372K, committed 10496K, reserved 1114112K
  class space    used 1065K, committed 1152K, reserved 1048576K
}
Event: 0.595 GC heap after
{Heap after GC invocations=1 (full 0):
 garbage-first heap   total 126976K, used 10836K [0x0000000080000000, 0x0000000100000000)
  region size 1024K, 3 young (3072K), 3 survivors (3072K)
 Metaspace       used 10372K, committed 10496K, reserved 1114112K
  class space    used 1065K, committed 1152K, reserved 1048576K
}
Event: 0.927 GC heap before
{Heap before GC invocations=1 (full 0):
 garbage-first heap   total 126976K, used 38484K [0x0000000080000000, 0x0000000100000000)
  region size 1024K, 30 young (30720K), 3 survivors (3072K)
 Metaspace       used 11452K, committed 11648K, reserved 1114112K
  class space    used 1196K, committed 1280K, reserved 1048576K
}
Event: 0.934 GC heap after
{Heap after GC invocations=2 (full 0):
 garbage-first heap   total 126976K, used 11352K [0x0000000080000000, 0x0000000100000000)
  region size 1024K, 1 young (1024K), 1 survivors (1024K)
 Metaspace       used 11452K, committed 11648K, reserved 1114112K
  class space    used 1196K, committed 1280K, reserved 1048576K
}
Event: 1.821 GC heap before
{Heap before GC invocations=2 (full 0):
 garbage-first heap   total 126976K, used 61528K [0x0000000080000000, 0x0000000100000000)
  region size 1024K, 51 young (52224K), 1 survivors (1024K)
 Metaspace       used 21273K, committed 21504K, reserved 1114112K
  class space    used 2500K, committed 2624K, reserved 1048576K
}
Event: 1.828 GC heap after
{Heap after GC invocations=3 (full 0):
 garbage-first heap   total 126976K, used 19111K [0x0000000080000000, 0x0000000100000000)
  region size 1024K, 8 young (8192K), 8 survivors (8192K)
 Metaspace       used 21273K, committed 21504K, reserved 1114112K
  class space    used 2500K, committed 2624K, reserved 1048576K
}

Dll operation events (3 events):
Event: 0.025 Loaded shared library C:\Program Files\Android\Android Studio\jbr\bin\java.dll
Event: 0.192 Loaded shared library C:\Program Files\Android\Android Studio\jbr\bin\zip.dll
Event: 0.399 Loaded shared library C:\Program Files\Android\Android Studio\jbr\bin\verify.dll

Deoptimization events (20 events):
Event: 1.724 Thread 0x0000021e2be20210 DEOPT PACKING pc=0x0000021e14897071 sp=0x0000005f210fd4d0
Event: 1.724 Thread 0x0000021e2be20210 DEOPT UNPACKING pc=0x0000021e1ba5ace3 sp=0x0000005f210fc9e0 mode 0
Event: 1.805 Thread 0x0000021e2be20210 Uncommon trap: trap_request=0xffffff45 fr.pc=0x0000021e1bfdac1c relative=0x00000000000003dc
Event: 1.805 Thread 0x0000021e2be20210 Uncommon trap: reason=unstable_if action=reinterpret pc=0x0000021e1bfdac1c method=java.util.HashMap.getNode(Ljava/lang/Object;)Ljava/util/HashMap$Node; @ 66 c2
Event: 1.805 Thread 0x0000021e2be20210 DEOPT PACKING pc=0x0000021e1bfdac1c sp=0x0000005f210fc160
Event: 1.805 Thread 0x0000021e2be20210 DEOPT UNPACKING pc=0x0000021e1ba5a1a3 sp=0x0000005f210fc0e0 mode 2
Event: 1.811 Thread 0x0000021e2be20210 Uncommon trap: trap_request=0xffffff45 fr.pc=0x0000021e1c04e36c relative=0x00000000000003ac
Event: 1.811 Thread 0x0000021e2be20210 Uncommon trap: reason=unstable_if action=reinterpret pc=0x0000021e1c04e36c method=java.util.concurrent.ConcurrentHashMap.get(Ljava/lang/Object;)Ljava/lang/Object; @ 76 c2
Event: 1.811 Thread 0x0000021e2be20210 DEOPT PACKING pc=0x0000021e1c04e36c sp=0x0000005f210fb690
Event: 1.811 Thread 0x0000021e2be20210 DEOPT UNPACKING pc=0x0000021e1ba5a1a3 sp=0x0000005f210fb618 mode 2
Event: 2.102 Thread 0x0000021e2be20210 Uncommon trap: trap_request=0xffffff45 fr.pc=0x0000021e1bfc0618 relative=0x0000000000000b98
Event: 2.102 Thread 0x0000021e2be20210 Uncommon trap: reason=unstable_if action=reinterpret pc=0x0000021e1bfc0618 method=java.io.WinNTFileSystem.resolve(Ljava/lang/String;Ljava/lang/String;)Ljava/lang/String; @ 19 c2
Event: 2.102 Thread 0x0000021e2be20210 DEOPT PACKING pc=0x0000021e1bfc0618 sp=0x0000005f210fb4a0
Event: 2.102 Thread 0x0000021e2be20210 DEOPT UNPACKING pc=0x0000021e1ba5a1a3 sp=0x0000005f210fb448 mode 2
Event: 2.103 Thread 0x0000021e2be20210 Uncommon trap: trap_request=0xffffff45 fr.pc=0x0000021e1c01bad0 relative=0x0000000000000610
Event: 2.103 Thread 0x0000021e2be20210 Uncommon trap: reason=unstable_if action=reinterpret pc=0x0000021e1c01bad0 method=java.io.File.getName()Ljava/lang/String; @ 16 c2
Event: 2.103 Thread 0x0000021e2be20210 DEOPT PACKING pc=0x0000021e1c01bad0 sp=0x0000005f210fb440
Event: 2.103 Thread 0x0000021e2be20210 DEOPT UNPACKING pc=0x0000021e1ba5a1a3 sp=0x0000005f210fb410 mode 2
Event: 2.114 Thread 0x0000021e2be20210 DEOPT PACKING pc=0x0000021e14897092 sp=0x0000005f210fa230
Event: 2.114 Thread 0x0000021e2be20210 DEOPT UNPACKING pc=0x0000021e1ba5ace3 sp=0x0000005f210f9740 mode 0

Classes unloaded (0 events):
No events

Classes redefined (0 events):
No events

Internal exceptions (20 events):
Event: 1.746 Thread 0x0000021e2be20210 Exception <a 'java/lang/NoSuchMethodError'{0x00000000850cbfd0}: 'long java.lang.invoke.DirectMethodHandle$Holder.invokeInterface(java.lang.Object, java.lang.Object)'> (0x00000000850cbfd0) 
thrown [s\src\hotspot\share\interpreter\linkResolver.cpp, line 771]
Event: 1.749 Thread 0x0000021e2be20210 Exception <a 'java/lang/NoSuchMethodError'{0x0000000084f07670}: 'java.lang.Object java.lang.invoke.DirectMethodHandle$Holder.invokeVirtual(java.lang.Object, java.lang.Object, java.lang.Object)'> (0x0000000084f07670) 
thrown [s\src\hotspot\share\interpreter\linkResolver.cpp, line 771]
Event: 1.785 Thread 0x0000021e2be20210 Exception <a 'java/lang/NoSuchMethodError'{0x0000000084cc4758}: 'void java.lang.invoke.DirectMethodHandle$Holder.invokeStatic(java.lang.Object, java.lang.Object)'> (0x0000000084cc4758) 
thrown [s\src\hotspot\share\interpreter\linkResolver.cpp, line 771]
Event: 1.809 Thread 0x0000021e2be20210 Exception <a 'java/lang/NoSuchMethodError'{0x0000000084a742c8}: 'java.lang.Object java.lang.invoke.DirectMethodHandle$Holder.newInvokeSpecial(java.lang.Object, java.lang.Object, java.lang.Object, java.lang.Object, java.lang.Object)'> (0x0000000084a742c8) 
thrown [s\src\hotspot\share\interpreter\linkResolver.cpp, line 771]
Event: 1.843 Thread 0x0000021e2be20210 Exception <a 'java/lang/NoSuchMethodError'{0x000000008392f440}: 'void java.lang.invoke.DirectMethodHandle$Holder.invokeSpecial(java.lang.Object, java.lang.Object, java.lang.Object)'> (0x000000008392f440) 
thrown [s\src\hotspot\share\interpreter\linkResolver.cpp, line 771]
Event: 1.858 Thread 0x0000021e2be20210 Exception <a 'java/lang/NoSuchMethodError'{0x000000008381bc28}: 'java.lang.Object java.lang.invoke.DirectMethodHandle$Holder.newInvokeSpecial(java.lang.Object, java.lang.Object, java.lang.Object, java.lang.Object, java.lang.Object, java.lang.Object)'> (0x000000008381bc28) 
thrown [s\src\hotspot\share\interpreter\linkResolver.cpp, line 771]
Event: 1.860 Thread 0x0000021e2be20210 Exception <a 'java/lang/NoSuchMethodError'{0x0000000083833868}: 'void java.lang.invoke.DirectMethodHandle$Holder.invokeSpecial(java.lang.Object, java.lang.Object, java.lang.Object, java.lang.Object, java.lang.Object)'> (0x0000000083833868) 
thrown [s\src\hotspot\share\interpreter\linkResolver.cpp, line 771]
Event: 1.861 Thread 0x0000021e2be20210 Exception <a 'java/lang/NoSuchMethodError'{0x0000000083847818}: 'void java.lang.invoke.DirectMethodHandle$Holder.invokeStaticInit(java.lang.Object, java.lang.Object)'> (0x0000000083847818) 
thrown [s\src\hotspot\share\interpreter\linkResolver.cpp, line 771]
Event: 1.915 Thread 0x0000021e2be20210 Exception <a 'java/lang/NoSuchMethodError'{0x0000000083502c50}: 'void java.lang.invoke.DelegatingMethodHandle$Holder.reinvoke_L(java.lang.Object, java.lang.Object, java.lang.Object, java.lang.Object, java.lang.Object, java.lang.Object, java.lang.Object, java.lang.Object, java.lang.Object, java.lang.Object)'> (0x0000000083502c50) 
thrown [s\src\hotspot\share\interpreter\linkResolver.cpp, line 771]
Event: 1.915 Thread 0x0000021e2be20210 Exception <a 'java/lang/NoSuchMethodError'{0x000000008350b200}: 'java.lang.Object java.lang.invoke.DirectMethodHandle$Holder.invokeSpecial(java.lang.Object, java.lang.Object, java.lang.Object, java.lang.Object, java.lang.Object, java.lang.Object, java.lang.Object, java.lang.Object, java.lang.Object, java.lang.Object)'> (0x000000008350b200) 
thrown [s\src\hotspot\share\interpreter\linkResolver.cpp, line 771]
Event: 1.915 Thread 0x0000021e2be20210 Exception <a 'java/lang/NoSuchMethodError'{0x000000008350fad0}: 'java.lang.Object java.lang.invoke.Invokers$Holder.invoker(java.lang.Object, java.lang.Object, java.lang.Object, java.lang.Object, java.lang.Object, java.lang.Object, java.lang.Object, java.lang.Object, java.lang.Object, java.lang.Object)'> (0x000000008350fad0) 
thrown [s\src\hotspot\share\interpreter\linkResolver.cpp, line 771]
Event: 1.916 Thread 0x0000021e2be20210 Exception <a 'java/lang/NoSuchMethodError'{0x00000000835156d8}: 'java.lang.Object java.lang.invoke.DirectMethodHandle$Holder.invokeSpecial(java.lang.Object, java.lang.Object, java.lang.Object, java.lang.Object, java.lang.Object, java.lang.Object, java.lang.Object, java.lang.Object, java.lang.Object, java.lang.Object, java.lang.Object)'> (0x00000000835156d8) 
thrown [s\src\hotspot\share\interpreter\linkResolver.cpp, line 771]
Event: 2.031 Thread 0x0000021e2be20210 Exception <a 'java/lang/NoSuchMethodError'{0x00000000830e03e0}: 'void java.lang.invoke.DirectMethodHandle$Holder.invokeStaticInit(java.lang.Object)'> (0x00000000830e03e0) 
thrown [s\src\hotspot\share\interpreter\linkResolver.cpp, line 771]
Event: 2.043 Thread 0x0000021e2be20210 Exception <a 'java/lang/NoSuchMethodError'{0x0000000082f977c0}: 'java.lang.Object java.lang.invoke.DirectMethodHandle$Holder.newInvokeSpecial(java.lang.Object, java.lang.Object, java.lang.Object, int)'> (0x0000000082f977c0) 
thrown [s\src\hotspot\share\interpreter\linkResolver.cpp, line 771]
Event: 2.043 Thread 0x0000021e2be20210 Exception <a 'java/lang/NoSuchMethodError'{0x0000000082f9c0f0}: 'java.lang.Object java.lang.invoke.DirectMethodHandle$Holder.invokeSpecial(java.lang.Object, java.lang.Object, java.lang.Object, java.lang.Object, int)'> (0x0000000082f9c0f0) 
thrown [s\src\hotspot\share\interpreter\linkResolver.cpp, line 771]
Event: 2.044 Thread 0x0000021e2be20210 Exception <a 'java/lang/NoSuchMethodError'{0x0000000082fa0208}: 'java.lang.Object java.lang.invoke.Invokers$Holder.linkToTargetMethod(java.lang.Object, java.lang.Object, int, java.lang.Object)'> (0x0000000082fa0208) 
thrown [s\src\hotspot\share\interpreter\linkResolver.cpp, line 771]
Event: 2.121 Thread 0x0000021e2be20210 Exception <a 'java/lang/NoSuchMethodError'{0x0000000082a19df0}: 'int java.lang.invoke.DirectMethodHandle$Holder.invokeVirtual(java.lang.Object, java.lang.Object, java.lang.Object)'> (0x0000000082a19df0) 
thrown [s\src\hotspot\share\interpreter\linkResolver.cpp, line 771]
Event: 2.135 Thread 0x0000021e2be20210 Exception <a 'java/lang/NoSuchMethodError'{0x0000000082920998}: 'int java.lang.invoke.DirectMethodHandle$Holder.invokeSpecialIFC(java.lang.Object, java.lang.Object, java.lang.Object, java.lang.Object)'> (0x0000000082920998) 
thrown [s\src\hotspot\share\interpreter\linkResolver.cpp, line 771]
Event: 2.137 Thread 0x0000021e2be20210 Exception <a 'java/lang/NoSuchMethodError'{0x000000008292f888}: 'java.lang.Object java.lang.invoke.DirectMethodHandle$Holder.invokeInterface(java.lang.Object, java.lang.Object, java.lang.Object)'> (0x000000008292f888) 
thrown [s\src\hotspot\share\interpreter\linkResolver.cpp, line 771]
Event: 2.137 Thread 0x0000021e2be20210 Exception <a 'java/lang/IncompatibleClassChangeError'{0x00000000829334a0}: Found class java.lang.Object, but interface was expected> (0x00000000829334a0) 
thrown [s\src\hotspot\share\interpreter\linkResolver.cpp, line 838]

VM Operations (20 events):
Event: 1.258 Executing VM operation: HandshakeAllThreads
Event: 1.258 Executing VM operation: HandshakeAllThreads done
Event: 1.294 Executing VM operation: HandshakeAllThreads
Event: 1.294 Executing VM operation: HandshakeAllThreads done
Event: 1.337 Executing VM operation: HandshakeAllThreads
Event: 1.337 Executing VM operation: HandshakeAllThreads done
Event: 1.388 Executing VM operation: HandshakeAllThreads
Event: 1.388 Executing VM operation: HandshakeAllThreads done
Event: 1.558 Executing VM operation: HandshakeAllThreads
Event: 1.558 Executing VM operation: HandshakeAllThreads done
Event: 1.646 Executing VM operation: HandshakeAllThreads
Event: 1.646 Executing VM operation: HandshakeAllThreads done
Event: 1.821 Executing VM operation: CollectForMetadataAllocation
Event: 1.828 Executing VM operation: CollectForMetadataAllocation done
Event: 1.831 Executing VM operation: G1PauseRemark
Event: 1.832 Executing VM operation: G1PauseRemark done
Event: 1.833 Executing VM operation: G1PauseCleanup
Event: 1.839 Executing VM operation: G1PauseCleanup done
Event: 1.896 Executing VM operation: HandshakeAllThreads
Event: 1.896 Executing VM operation: HandshakeAllThreads done

Events (20 events):
Event: 2.086 loading class sun/security/provider/ByteArrayAccess$LE
Event: 2.086 loading class sun/security/provider/ByteArrayAccess$LE done
Event: 2.103 loading class java/io/File$TempDirectory
Event: 2.103 loading class java/io/File$TempDirectory done
Event: 2.107 loading class java/io/PrintWriter
Event: 2.108 loading class java/io/PrintWriter done
Event: 2.115 loading class java/util/zip/CheckedInputStream
Event: 2.116 loading class java/util/zip/CheckedInputStream done
Event: 2.117 loading class java/nio/file/FileVisitor
Event: 2.117 loading class java/nio/file/FileVisitor done
Event: 2.118 loading class java/io/FilenameFilter
Event: 2.118 loading class java/io/FilenameFilter done
Event: 2.131 loading class java/util/concurrent/Semaphore
Event: 2.132 loading class java/util/concurrent/Semaphore done
Event: 2.134 loading class java/nio/file/FileVisitOption
Event: 2.134 loading class java/nio/file/FileVisitOption done
Event: 2.137 loading class java/util/stream/ReduceOps$1
Event: 2.138 loading class java/util/stream/ReduceOps$1 done
Event: 2.138 loading class java/util/stream/ReduceOps$1ReducingSink
Event: 2.138 loading class java/util/stream/ReduceOps$1ReducingSink done


Dynamic libraries:
0x00007ff705280000 - 0x00007ff70528a000 	C:\Program Files\Android\Android Studio\jbr\bin\java.exe
0x00007fffc4190000 - 0x00007fffc43a7000 	C:\WINDOWS\SYSTEM32\ntdll.dll
0x00007fffc20c0000 - 0x00007fffc2184000 	C:\WINDOWS\System32\KERNEL32.DLL
0x00007fffc1510000 - 0x00007fffc18ca000 	C:\WINDOWS\System32\KERNELBASE.dll
0x00007fffc1d80000 - 0x00007fffc1e91000 	C:\WINDOWS\System32\ucrtbase.dll
0x00007fffa8ce0000 - 0x00007fffa8cf7000 	C:\Program Files\Android\Android Studio\jbr\bin\jli.dll
0x00007fffc3d30000 - 0x00007fffc3ede000 	C:\WINDOWS\System32\USER32.dll
0x00007fffc1d50000 - 0x00007fffc1d76000 	C:\WINDOWS\System32\win32u.dll
0x00007fffb5950000 - 0x00007fffb5be2000 	C:\WINDOWS\WinSxS\amd64_microsoft.windows.common-controls_6595b64144ccf1df_6.0.22621.4541_none_2710d1c57384c085\COMCTL32.dll
0x00007fffc2360000 - 0x00007fffc2389000 	C:\WINDOWS\System32\GDI32.dll
0x00007fffc18d0000 - 0x00007fffc19eb000 	C:\WINDOWS\System32\gdi32full.dll
0x00007fffc22b0000 - 0x00007fffc2357000 	C:\WINDOWS\System32\msvcrt.dll
0x00007fffc1470000 - 0x00007fffc150a000 	C:\WINDOWS\System32\msvcp_win.dll
0x00007fffa72a0000 - 0x00007fffa72bb000 	C:\Program Files\Android\Android Studio\jbr\bin\VCRUNTIME140.dll
0x00007fffc1eb0000 - 0x00007fffc1ee1000 	C:\WINDOWS\System32\IMM32.DLL
0x00007fffaf730000 - 0x00007fffaf73c000 	C:\Program Files\Android\Android Studio\jbr\bin\vcruntime140_1.dll
0x00007fff7ed70000 - 0x00007fff7edfd000 	C:\Program Files\Android\Android Studio\jbr\bin\msvcp140.dll
0x00007fff71a50000 - 0x00007fff726d3000 	C:\Program Files\Android\Android Studio\jbr\bin\server\jvm.dll
0x00007fffc2e10000 - 0x00007fffc2ec2000 	C:\WINDOWS\System32\ADVAPI32.dll
0x00007fffc2010000 - 0x00007fffc20b7000 	C:\WINDOWS\System32\sechost.dll
0x00007fffc1ca0000 - 0x00007fffc1cc8000 	C:\WINDOWS\System32\bcrypt.dll
0x00007fffc1ef0000 - 0x00007fffc2004000 	C:\WINDOWS\System32\RPCRT4.dll
0x00007fffb8a20000 - 0x00007fffb8a54000 	C:\WINDOWS\SYSTEM32\WINMM.dll
0x00007fffc02d0000 - 0x00007fffc031d000 	C:\WINDOWS\SYSTEM32\POWRPROF.dll
0x00007fffa1ae0000 - 0x00007fffa1ae9000 	C:\WINDOWS\SYSTEM32\WSOCK32.dll
0x00007fffb6250000 - 0x00007fffb625a000 	C:\WINDOWS\SYSTEM32\VERSION.dll
0x00007fffc2230000 - 0x00007fffc22a1000 	C:\WINDOWS\System32\WS2_32.dll
0x00007fffc02b0000 - 0x00007fffc02c3000 	C:\WINDOWS\SYSTEM32\UMPDC.dll
0x00007fffc0570000 - 0x00007fffc0588000 	C:\WINDOWS\SYSTEM32\kernel.appcore.dll
0x00007fffbb8a0000 - 0x00007fffbb8aa000 	C:\Program Files\Android\Android Studio\jbr\bin\jimage.dll
0x00007fffbe890000 - 0x00007fffbeac2000 	C:\WINDOWS\SYSTEM32\DBGHELP.DLL
0x00007fffc39a0000 - 0x00007fffc3d2f000 	C:\WINDOWS\System32\combase.dll
0x00007fffc2d30000 - 0x00007fffc2e07000 	C:\WINDOWS\System32\OLEAUT32.dll
0x00007fffb1490000 - 0x00007fffb14c2000 	C:\WINDOWS\SYSTEM32\dbgcore.DLL
0x00007fffc1cd0000 - 0x00007fffc1d4b000 	C:\WINDOWS\System32\bcryptPrimitives.dll
0x00007fffa8de0000 - 0x00007fffa8dee000 	C:\Program Files\Android\Android Studio\jbr\bin\instrument.dll
0x00007fffa91c0000 - 0x00007fffa91e5000 	C:\Program Files\Android\Android Studio\jbr\bin\java.dll
0x00007fffb98f0000 - 0x00007fffb9908000 	C:\Program Files\Android\Android Studio\jbr\bin\zip.dll
0x00007fffc24b0000 - 0x00007fffc2d28000 	C:\WINDOWS\System32\SHELL32.dll
0x00007fffbf370000 - 0x00007fffbfc78000 	C:\WINDOWS\SYSTEM32\windows.storage.dll
0x00007fffbf230000 - 0x00007fffbf36f000 	C:\WINDOWS\SYSTEM32\wintypes.dll
0x00007fffc3f40000 - 0x00007fffc403a000 	C:\WINDOWS\System32\SHCORE.dll
0x00007fffc3940000 - 0x00007fffc399e000 	C:\WINDOWS\System32\shlwapi.dll
0x00007fffc13a0000 - 0x00007fffc13cb000 	C:\WINDOWS\SYSTEM32\profapi.dll
0x00007fffb0e30000 - 0x00007fffb0e49000 	C:\Program Files\Android\Android Studio\jbr\bin\net.dll
0x00007fffba5a0000 - 0x00007fffba6d6000 	C:\WINDOWS\SYSTEM32\WINHTTP.dll
0x00007fffc0a00000 - 0x00007fffc0a69000 	C:\WINDOWS\system32\mswsock.dll
0x00007fffa8df0000 - 0x00007fffa8e06000 	C:\Program Files\Android\Android Studio\jbr\bin\nio.dll
0x00007fffa91b0000 - 0x00007fffa91c0000 	C:\Program Files\Android\Android Studio\jbr\bin\verify.dll
0x00007fffb18f0000 - 0x00007fffb1917000 	C:\Users\nvhoa\.gradle\native\c067742578af261105cb4f569cf0c3c89f3d7b1fecec35dd04571415982c5e48\windows-amd64\native-platform.dll
0x00007fff71010000 - 0x00007fff71154000 	C:\Users\nvhoa\.gradle\native\38dada09dfb8b06ba9b0570ebf7e218e3eb74d4ef43ca46872605cf95ebc2f47\windows-amd64\native-platform-file-events.dll
0x00007fffb6690000 - 0x00007fffb6699000 	C:\Program Files\Android\Android Studio\jbr\bin\management.dll
0x00007fffade60000 - 0x00007fffade6b000 	C:\Program Files\Android\Android Studio\jbr\bin\management_ext.dll
0x00007fffc2190000 - 0x00007fffc2198000 	C:\WINDOWS\System32\PSAPI.DLL
0x00007fffc0c50000 - 0x00007fffc0c6b000 	C:\WINDOWS\SYSTEM32\CRYPTSP.dll
0x00007fffc04d0000 - 0x00007fffc0505000 	C:\WINDOWS\system32\rsaenh.dll
0x00007fffc0af0000 - 0x00007fffc0b18000 	C:\WINDOWS\SYSTEM32\USERENV.dll
0x00007fffc0c70000 - 0x00007fffc0c7c000 	C:\WINDOWS\SYSTEM32\CRYPTBASE.dll
0x00007fffbff50000 - 0x00007fffbff7d000 	C:\WINDOWS\SYSTEM32\IPHLPAPI.DLL
0x00007fffc2ed0000 - 0x00007fffc2ed9000 	C:\WINDOWS\System32\NSI.dll
0x00007fffba1a0000 - 0x00007fffba1b9000 	C:\WINDOWS\SYSTEM32\dhcpcsvc6.DLL
0x00007fffba160000 - 0x00007fffba17f000 	C:\WINDOWS\SYSTEM32\dhcpcsvc.DLL
0x00007fffbffc0000 - 0x00007fffc00c2000 	C:\WINDOWS\SYSTEM32\DNSAPI.dll
0x00007fffb7f10000 - 0x00007fffb7f19000 	C:\Program Files\Android\Android Studio\jbr\bin\extnet.dll
0x00007fffa86c0000 - 0x00007fffa86c8000 	C:\WINDOWS\system32\wshunix.dll

dbghelp: loaded successfully - version: 4.0.5 - missing functions: none
symbol engine: initialized successfully - sym options: 0x614 - pdb path: .;C:\Program Files\Android\Android Studio\jbr\bin;C:\WINDOWS\SYSTEM32;C:\WINDOWS\WinSxS\amd64_microsoft.windows.common-controls_6595b64144ccf1df_6.0.22621.4541_none_2710d1c57384c085;C:\Program Files\Android\Android Studio\jbr\bin\server;C:\Users\nvhoa\.gradle\native\c067742578af261105cb4f569cf0c3c89f3d7b1fecec35dd04571415982c5e48\windows-amd64;C:\Users\nvhoa\.gradle\native\38dada09dfb8b06ba9b0570ebf7e218e3eb74d4ef43ca46872605cf95ebc2f47\windows-amd64

VM Arguments:
jvm_args: --add-opens=java.base/java.util=ALL-UNNAMED --add-opens=java.base/java.lang=ALL-UNNAMED --add-opens=java.base/java.lang.invoke=ALL-UNNAMED --add-opens=java.prefs/java.util.prefs=ALL-UNNAMED --add-opens=java.base/java.nio.charset=ALL-UNNAMED --add-opens=java.base/java.net=ALL-UNNAMED --add-opens=java.base/java.util.concurrent.atomic=ALL-UNNAMED -Xmx2048m -Dfile.encoding=UTF-8 -Duser.country=US -Duser.language=en -Duser.variant -javaagent:C:\Users\nvhoa\.gradle\wrapper\dists\gradle-8.7-bin\bhs2wmbdwecv87pi65oeuq5iu\gradle-8.7\lib\agents\gradle-instrumentation-agent-8.7.jar 
java_command: org.gradle.launcher.daemon.bootstrap.GradleDaemon 8.7
java_class_path (initial): C:\Users\nvhoa\.gradle\wrapper\dists\gradle-8.7-bin\bhs2wmbdwecv87pi65oeuq5iu\gradle-8.7\lib\gradle-launcher-8.7.jar
Launcher Type: SUN_STANDARD

[Global flags]
     intx CICompilerCount                          = 4                                         {product} {ergonomic}
     uint ConcGCThreads                            = 3                                         {product} {ergonomic}
     uint G1ConcRefinementThreads                  = 10                                        {product} {ergonomic}
   size_t G1HeapRegionSize                         = 1048576                                   {product} {ergonomic}
    uintx GCDrainStackTargetSize                   = 64                                        {product} {ergonomic}
   size_t InitialHeapSize                          = 130023424                                 {product} {ergonomic}
   size_t MarkStackSize                            = 4194304                                   {product} {ergonomic}
   size_t MaxHeapSize                              = 2147483648                                {product} {command line}
   size_t MaxNewSize                               = 1287651328                                {product} {ergonomic}
   size_t MinHeapDeltaBytes                        = 1048576                                   {product} {ergonomic}
   size_t MinHeapSize                              = 8388608                                   {product} {ergonomic}
    uintx NonNMethodCodeHeapSize                   = 5839372                                {pd product} {ergonomic}
    uintx NonProfiledCodeHeapSize                  = 122909434                              {pd product} {ergonomic}
    uintx ProfiledCodeHeapSize                     = 122909434                              {pd product} {ergonomic}
    uintx ReservedCodeCacheSize                    = 251658240                              {pd product} {ergonomic}
     bool SegmentedCodeCache                       = true                                      {product} {ergonomic}
   size_t SoftMaxHeapSize                          = 2147483648                             {manageable} {ergonomic}
     bool UseCompressedClassPointers               = true                           {product lp64_product} {ergonomic}
     bool UseCompressedOops                        = true                           {product lp64_product} {ergonomic}
     bool UseG1GC                                  = true                                      {product} {ergonomic}
     bool UseLargePagesIndividualAllocation        = false                                  {pd product} {ergonomic}

Logging:
Log output configuration:
 #0: stdout all=warning uptime,level,tags
 #1: stderr all=off uptime,level,tags

Environment Variables:
PATH=C:\Program Files\Common Files\Oracle\Java\javapath;C:\Windows\system32;C:\Windows;C:\Windows\System32\Wbem;C:\Windows\System32\WindowsPowerShell\v1.0\;C:\Windows\System32\OpenSSH\;C:\Program Files (x86)\NVIDIA Corporation\PhysX\Common;C:\WINDOWS\system32;C:\WINDOWS;C:\WINDOWS\System32\Wbem;C:\WINDOWS\System32\WindowsPowerShell\v1.0\;C:\WINDOWS\System32\OpenSSH\;C:\Program Files\NVIDIA Corporation\NVIDIA NvDLISR;C:\WINDOWS\system32;C:\WINDOWS;C:\WINDOWS\System32\Wbem;C:\WINDOWS\System32\WindowsPowerShell\v1.0\;C:\WINDOWS\System32\OpenSSH\;C:\Program Files\dotnet\;C:\Program Files (x86)\mingw-w64\i686-8.1.0-posix-dwarf-rt_v6-rev0;C:\Program Files\Java\jdk-21\bin;D:\Git\cmd;C:\Program Files\Azure Data Studio\bin;C:\Program Files\MongoDB\Server\6.0\bin;C:\Program Files\MongoDB\Tools\100\bin;C:\Program Files\Microsoft SQL Server\Client SDK\ODBC\170\Tools\Binn\;C:\Program Files (x86)\Microsoft SQL Server\150\Tools\Binn\;C:\Program Files\Microsoft SQL Server\150\Tools\Binn\;C:\Program Files\Microsoft SQL Server\150\DTS\Binn\;C:\Program Files (x86)\Microsoft SQL Server\160\Tools\Binn\;C:\Program Files\Microsoft SQL Server\160\Tools\Binn\;C:\Program Files\Microsoft SQL Server\160\DTS\Binn\;C:\Program Files (x86)\Microsoft SQL Server\160\DTS\Binn\;C:\Users\nvhoa\AppData\Local\Microsoft\WindowsApps;C:\Users\nvhoa\AppData\Local\Programs\Microsoft VS Code\bin;C:\Users\nvhoa\OneDrive\Máy tính\IntelliJ IDEA 2023.2\bin;;C:\Users\nvhoa\OneDrive\Máy tính\IntelliJ IDEA Community Edition 2023.2\bin;;C:\Program Files\Azure Data Studio\bin;C:\Users\nvhoa\AppData\Local\Programs\mongosh\;C:\Users\nvhoa\AppData\Local\GitHubDesktop\bin;C:\Users\nvhoa\.dotnet\tools
USERNAME=nvhoang
OS=Windows_NT
PROCESSOR_IDENTIFIER=Intel64 Family 6 Model 141 Stepping 1, GenuineIntel
TMP=C:\Users\nvhoa\AppData\Local\Temp
TEMP=C:\Users\nvhoa\AppData\Local\Temp



Periodic native trim disabled

JNI global refs:
JNI global refs: 24, weak refs: 0

JNI global refs memory usage: 843, weak refs: 841

Process memory usage:
Resident Set Size: 149164K (1% of 8103892K total physical memory with 279728K free physical memory)

OOME stack traces (most recent first):
Classloader memory used:
Loader bootstrap                                                                       : 1873K
Loader org.gradle.internal.classloader.VisitableURLClassLoader                         : 1084K
Loader org.gradle.initialization.MixInLegacyTypesClassLoader                           : 82374B
Loader jdk.internal.loader.ClassLoaders$AppClassLoader                                 : 28714B
Loader jdk.internal.loader.ClassLoaders$PlatformClassLoader                            : 14868B
Loader jdk.internal.reflect.DelegatingClassLoader                                      : 1397B

Classes loaded by more than one classloader:
Class org.gradle.internal.installation.GradleInstallation                             : loaded 2 times (x 73B)
Class org.gradle.internal.classpath.ClassPath                                         : loaded 2 times (x 68B)
Class org.gradle.api.internal.classpath.DefaultModuleRegistry                         : loaded 2 times (x 84B)
Class org.gradle.api.Action                                                           : loaded 2 times (x 68B)
Class org.gradle.api.internal.DefaultClassPathProvider                                : loaded 2 times (x 74B)
Class org.gradle.internal.installation.GradleInstallation$1                           : loaded 2 times (x 73B)
Class org.gradle.internal.classloader.FilteringClassLoader                            : loaded 2 times (x 103B)
Class org.gradle.internal.classpath.DefaultClassPath$ImmutableUniqueList$Builder      : loaded 2 times (x 73B)
Class org.gradle.internal.classloader.ClassLoaderVisitor                              : loaded 2 times (x 74B)
Class org.gradle.internal.service.DefaultServiceLocator                               : loaded 2 times (x 81B)
Class org.gradle.internal.service.UnknownServiceException                             : loaded 2 times (x 81B)
Class org.gradle.internal.classloader.DefaultClassLoaderFactory                       : loaded 2 times (x 80B)
Class org.gradle.internal.classloader.VisitableURLClassLoader$Spec                    : loaded 2 times (x 72B)
Class org.gradle.api.GradleException                                                  : loaded 2 times (x 80B)
Class org.gradle.api.internal.classpath.ModuleRegistry                                : loaded 2 times (x 68B)
Class org.gradle.api.internal.ClassPathProvider                                       : loaded 2 times (x 68B)
Class org.gradle.internal.classloader.ClasspathUtil$1                                 : loaded 2 times (x 74B)
Class org.gradle.internal.classloader.ClassLoaderFactory                              : loaded 2 times (x 68B)
Class org.gradle.api.internal.classpath.ManifestUtil                                  : loaded 2 times (x 69B)
Class org.gradle.api.specs.Spec                                                       : loaded 2 times (x 68B)
Class org.gradle.internal.IoActions                                                   : loaded 2 times (x 69B)
Class org.gradle.api.internal.classpath.EffectiveClassPath                            : loaded 2 times (x 88B)
Class org.gradle.internal.installation.CurrentGradleInstallation                      : loaded 2 times (x 71B)
Class org.gradle.internal.agents.InstrumentingClassLoader                             : loaded 2 times (x 68B)
Class org.gradle.internal.installation.CurrentGradleInstallationLocator               : loaded 2 times (x 69B)
Class org.gradle.api.internal.classpath.Module                                        : loaded 2 times (x 68B)
Class org.gradle.internal.service.CachingServiceLocator                               : loaded 2 times (x 80B)
Class org.gradle.internal.classpath.DefaultClassPath                                  : loaded 2 times (x 88B)
Class org.gradle.internal.classloader.SystemClassLoaderSpec                           : loaded 2 times (x 69B)
Class org.gradle.api.UncheckedIOException                                             : loaded 2 times (x 80B)
Class org.gradle.internal.classloader.ClasspathUtil                                   : loaded 2 times (x 69B)
Class org.gradle.api.internal.DefaultClassPathRegistry                                : loaded 2 times (x 74B)
Class org.gradle.api.internal.classpath.DefaultModuleRegistry$DefaultModule           : loaded 2 times (x 84B)
Class org.gradle.api.internal.classpath.UnknownModuleException                        : loaded 2 times (x 80B)
Class org.gradle.internal.service.ServiceLookupException                              : loaded 2 times (x 80B)
Class org.gradle.cache.GlobalCache                                                    : loaded 2 times (x 68B)
Class [Lorg.gradle.api.internal.ClassPathProvider;                                    : loaded 2 times (x 67B)
Class org.gradle.util.internal.GUtil                                                  : loaded 2 times (x 69B)
Class org.gradle.internal.classloader.ClassLoaderSpec                                 : loaded 2 times (x 69B)
Class org.gradle.internal.classloader.VisitableURLClassLoader                         : loaded 2 times (x 115B)
Class org.gradle.internal.Cast                                                        : loaded 2 times (x 69B)
Class org.gradle.api.internal.ClassPathRegistry                                       : loaded 2 times (x 68B)
Class org.gradle.internal.classloader.VisitableURLClassLoader$InstrumentingVisitableURLClassLoader: loaded 2 times (x 121B)
Class org.gradle.internal.classloader.ClassLoaderHierarchy                            : loaded 2 times (x 68B)
Class org.gradle.internal.InternalTransformer                                         : loaded 2 times (x 68B)
Class org.gradle.internal.service.ServiceLocator                                      : loaded 2 times (x 68B)
Class org.gradle.internal.classpath.DefaultClassPath$ImmutableUniqueList              : loaded 2 times (x 159B)
Class org.gradle.internal.classpath.TransformedClassPath                              : loaded 2 times (x 94B)


---------------  S Y S T E M  ---------------

OS:
 Windows 11 , 64 bit Build 22621 (10.0.22621.4391)
OS uptime: 5 days 11:35 hours
Hyper-V role detected

CPU: total 12 (initial active 12) (6 cores per cpu, 2 threads per core) family 6 model 141 stepping 1 microcode 0x34, cx8, cmov, fxsr, ht, mmx, 3dnowpref, sse, sse2, sse3, ssse3, sse4.1, sse4.2, popcnt, lzcnt, tsc, tscinvbit, avx, avx2, aes, erms, clmul, bmi1, bmi2, adx, avx512f, avx512dq, avx512cd, avx512bw, avx512vl, sha, fma, vzeroupper, avx512_vpopcntdq, avx512_vpclmulqdq, avx512_vaes, avx512_vnni, clflush, clflushopt, clwb, avx512_vbmi2, avx512_vbmi, hv
Processor Information for all 12 processors :
  Max Mhz: 2688, Current Mhz: 2688, Mhz Limit: 2688

Memory: 4k page, system-wide physical 7913M (273M free)
TotalPageFile size 15081M (AvailPageFile size 4M)
current process WorkingSet (physical memory assigned to process): 146M, peak: 171M
current process commit charge ("private bytes"): 215M, peak: 273M

vm_info: OpenJDK 64-Bit Server VM (17.0.11+0--11852314) for windows-amd64 JRE (17.0.11+0--11852314), built on May 16 2024 21:29:20 by "androidbuild" with MS VC++ 16.10 / 16.11 (VS2019)

END.
