#
# There is insufficient memory for the Java Runtime Environment to continue.
# Native memory allocation (malloc) failed to allocate 1788528 bytes. Error detail: Chunk::new
# Possible reasons:
#   The system is out of physical RAM or swap space
#   This process is running with CompressedOops enabled, and the Java Heap may be blocking the growth of the native heap
# Possible solutions:
#   Reduce memory load on the system
#   Increase physical memory or swap space
#   Check if swap backing store is full
#   Decrease Java heap size (-Xmx/-Xms)
#   Decrease number of Java threads
#   Decrease Java thread stack sizes (-Xss)
#   Set larger code cache with -XX:ReservedCodeCacheSize=
#   JVM is running with Unscaled Compressed Oops mode in which the Java heap is
#     placed in the first 4GB address space. The Java Heap base address is the
#     maximum limit for the native heap growth. Please use -XX:HeapBaseMinAddress
#     to set the Java Heap base and to place the Java Heap above 4GB virtual address.
# This output file may be truncated or incomplete.
#
#  Out of Memory Error (arena.cpp:191), pid=20776, tid=15060
#
# JRE version: OpenJDK Runtime Environment (17.0.11) (build 17.0.11+0--11852314)
# Java VM: OpenJDK 64-Bit Server VM (17.0.11+0--11852314, mixed mode, tiered, compressed oops, compressed class ptrs, g1 gc, windows-amd64)
# No core dump will be written. Minidumps are not enabled by default on client versions of Windows
#

---------------  S U M M A R Y ------------

Command Line: --add-opens=java.base/java.util=ALL-UNNAMED --add-opens=java.base/java.lang=ALL-UNNAMED --add-opens=java.base/java.lang.invoke=ALL-UNNAMED --add-opens=java.prefs/java.util.prefs=ALL-UNNAMED --add-opens=java.base/java.nio.charset=ALL-UNNAMED --add-opens=java.base/java.net=ALL-UNNAMED --add-opens=java.base/java.util.concurrent.atomic=ALL-UNNAMED -Xmx2048m -Dfile.encoding=UTF-8 -Duser.country=US -Duser.language=en -Duser.variant -javaagent:C:\Users\nvhoa\.gradle\wrapper\dists\gradle-8.7-bin\bhs2wmbdwecv87pi65oeuq5iu\gradle-8.7\lib\agents\gradle-instrumentation-agent-8.7.jar org.gradle.launcher.daemon.bootstrap.GradleDaemon 8.7

Host: 11th Gen Intel(R) Core(TM) i5-11400H @ 2.70GHz, 12 cores, 7G,  Windows 11 , 64 bit Build 22621 (10.0.22621.4391)
Time: Sun Dec  8 17:08:27 2024 SE Asia Standard Time elapsed time: 7.862158 seconds (0d 0h 0m 7s)

---------------  T H R E A D  ---------------

Current thread (0x000001f6b43deea0):  JavaThread "C2 CompilerThread0" daemon [_thread_in_native, id=15060, stack(0x000000f4de000000,0x000000f4de100000)]


Current CompileTask:
C2:   7862 4457       4       jdk.internal.loader.URLClassPath::getResource (74 bytes)

Stack: [0x000000f4de000000,0x000000f4de100000]
Native frames: (J=compiled Java code, j=interpreted, Vv=VM code, C=native code)
V  [jvm.dll+0x687bb9]
V  [jvm.dll+0x84142a]
V  [jvm.dll+0x8430ae]
V  [jvm.dll+0x843713]
V  [jvm.dll+0x24a35f]
V  [jvm.dll+0xac544]
V  [jvm.dll+0xacb8c]
V  [jvm.dll+0x369c37]
V  [jvm.dll+0x1be126]
V  [jvm.dll+0x21c029]
V  [jvm.dll+0x21b311]
V  [jvm.dll+0x1a63ed]
V  [jvm.dll+0x22b1ee]
V  [jvm.dll+0x229375]
V  [jvm.dll+0x7f5647]
V  [jvm.dll+0x7efa4a]
V  [jvm.dll+0x686a35]
C  [ucrtbase.dll+0x29333]
C  [KERNEL32.DLL+0x1259d]
C  [ntdll.dll+0x5af38]


---------------  P R O C E S S  ---------------

Threads class SMR info:
_java_thread_list=0x000001f6bbf542b0, length=33, elements={
0x000001f699f5fde0, 0x000001f6b43a4020, 0x000001f6b43a5380, 0x000001f6b43da0e0,
0x000001f6b42324a0, 0x000001f6b43d2560, 0x000001f6b43d4f30, 0x000001f6b43deea0,
0x000001f6b43e0170, 0x000001f6b43e0b70, 0x000001f6b41c7a90, 0x000001f6b468f440,
0x000001f6ba4e7110, 0x000001f6ba658340, 0x000001f6ba684d40, 0x000001f6ba0777a0,
0x000001f6ba077c80, 0x000001f6b9e838c0, 0x000001f6b9fc5e70, 0x000001f6ba6ef990,
0x000001f6ba71a820, 0x000001f6ba718ed0, 0x000001f6ba7189c0, 0x000001f6ba7193e0,
0x000001f6ba7198f0, 0x000001f6ba71a310, 0x000001f6ba717fa0, 0x000001f6ba71ad30,
0x000001f6ba71b750, 0x000001f6ba7184b0, 0x000001f6bab8eeb0, 0x000001f6bab8f3c0,
0x000001f6bab8da70
}

Java Threads: ( => current thread )
  0x000001f699f5fde0 JavaThread "main" [_thread_blocked, id=16184, stack(0x000000f4dd300000,0x000000f4dd400000)]
  0x000001f6b43a4020 JavaThread "Reference Handler" daemon [_thread_blocked, id=17652, stack(0x000000f4dda00000,0x000000f4ddb00000)]
  0x000001f6b43a5380 JavaThread "Finalizer" daemon [_thread_blocked, id=15392, stack(0x000000f4ddb00000,0x000000f4ddc00000)]
  0x000001f6b43da0e0 JavaThread "Signal Dispatcher" daemon [_thread_blocked, id=21408, stack(0x000000f4ddc00000,0x000000f4ddd00000)]
  0x000001f6b42324a0 JavaThread "Attach Listener" daemon [_thread_blocked, id=21868, stack(0x000000f4ddd00000,0x000000f4dde00000)]
  0x000001f6b43d2560 JavaThread "Service Thread" daemon [_thread_blocked, id=12856, stack(0x000000f4dde00000,0x000000f4ddf00000)]
  0x000001f6b43d4f30 JavaThread "Monitor Deflation Thread" daemon [_thread_blocked, id=6752, stack(0x000000f4ddf00000,0x000000f4de000000)]
=>0x000001f6b43deea0 JavaThread "C2 CompilerThread0" daemon [_thread_in_native, id=15060, stack(0x000000f4de000000,0x000000f4de100000)]
  0x000001f6b43e0170 JavaThread "C1 CompilerThread0" daemon [_thread_blocked, id=9324, stack(0x000000f4de100000,0x000000f4de200000)]
  0x000001f6b43e0b70 JavaThread "Sweeper thread" daemon [_thread_blocked, id=6896, stack(0x000000f4de200000,0x000000f4de300000)]
  0x000001f6b41c7a90 JavaThread "Common-Cleaner" daemon [_thread_blocked, id=18328, stack(0x000000f4de300000,0x000000f4de400000)]
  0x000001f6b468f440 JavaThread "Notification Thread" daemon [_thread_blocked, id=3216, stack(0x000000f4de400000,0x000000f4de500000)]
  0x000001f6ba4e7110 JavaThread "Daemon health stats" [_thread_blocked, id=4200, stack(0x000000f4dea00000,0x000000f4deb00000)]
  0x000001f6ba658340 JavaThread "Incoming local TCP Connector on port 54382" [_thread_in_native, id=17512, stack(0x000000f4deb00000,0x000000f4dec00000)]
  0x000001f6ba684d40 JavaThread "Daemon periodic checks" [_thread_blocked, id=9012, stack(0x000000f4dec00000,0x000000f4ded00000)]
  0x000001f6ba0777a0 JavaThread "Daemon" [_thread_blocked, id=21412, stack(0x000000f4ded00000,0x000000f4dee00000)]
  0x000001f6ba077c80 JavaThread "Handler for socket connection from /127.0.0.1:54382 to /127.0.0.1:54383" [_thread_in_native, id=14424, stack(0x000000f4dee00000,0x000000f4def00000)]
  0x000001f6b9e838c0 JavaThread "Cancel handler" [_thread_blocked, id=11456, stack(0x000000f4def00000,0x000000f4df000000)]
  0x000001f6b9fc5e70 JavaThread "Daemon worker" [_thread_in_Java, id=5864, stack(0x000000f4df000000,0x000000f4df100000)]
  0x000001f6ba6ef990 JavaThread "Asynchronous log dispatcher for DefaultDaemonConnection: socket connection from /127.0.0.1:54382 to /127.0.0.1:54383" [_thread_blocked, id=9080, stack(0x000000f4df100000,0x000000f4df200000)]
  0x000001f6ba71a820 JavaThread "Stdin handler" [_thread_blocked, id=6288, stack(0x000000f4df200000,0x000000f4df300000)]
  0x000001f6ba718ed0 JavaThread "Daemon client event forwarder" [_thread_in_Java, id=10516, stack(0x000000f4df300000,0x000000f4df400000)]
  0x000001f6ba7189c0 JavaThread "Cache worker for journal cache (C:\Users\nvhoa\.gradle\caches\journal-1)" [_thread_blocked, id=8184, stack(0x000000f4dfb00000,0x000000f4dfc00000)]
  0x000001f6ba7193e0 JavaThread "File lock request listener" [_thread_in_native, id=10224, stack(0x000000f4dfc00000,0x000000f4dfd00000)]
  0x000001f6ba7198f0 JavaThread "Cache worker for file hash cache (C:\Users\nvhoa\.gradle\caches\8.7\fileHashes)" [_thread_blocked, id=17572, stack(0x000000f4dfd00000,0x000000f4dfe00000)]
  0x000001f6ba71a310 JavaThread "Cache worker for file hash cache (D:\LapTrinhAndroid\64139028_Android\DuAnCuoiKy\.gradle\8.7\fileHashes)" [_thread_blocked, id=11016, stack(0x000000f4dfe00000,0x000000f4dff00000)]
  0x000001f6ba717fa0 JavaThread "File watcher server" daemon [_thread_in_native, id=6140, stack(0x000000f4dff00000,0x000000f4e0000000)]
  0x000001f6ba71ad30 JavaThread "File watcher consumer" daemon [_thread_blocked, id=12656, stack(0x000000f4e0000000,0x000000f4e0100000)]
  0x000001f6ba71b750 JavaThread "Cache worker for checksums cache (D:\LapTrinhAndroid\64139028_Android\DuAnCuoiKy\.gradle\8.7\checksums)" [_thread_blocked, id=2872, stack(0x000000f4e0100000,0x000000f4e0200000)]
  0x000001f6ba7184b0 JavaThread "Cache worker for cache directory md-supplier (C:\Users\nvhoa\.gradle\caches\8.7\md-supplier)" [_thread_blocked, id=2560, stack(0x000000f4e0200000,0x000000f4e0300000)]
  0x000001f6bab8eeb0 JavaThread "Cache worker for cache directory md-rule (C:\Users\nvhoa\.gradle\caches\8.7\md-rule)" [_thread_blocked, id=11768, stack(0x000000f4e0300000,0x000000f4e0400000)]
  0x000001f6bab8f3c0 JavaThread "Cache worker for file content cache (C:\Users\nvhoa\.gradle\caches\8.7\fileContent)" [_thread_blocked, id=22240, stack(0x000000f4e0400000,0x000000f4e0500000)]
  0x000001f6bab8da70 JavaThread "Cache worker for Build Output Cleanup Cache (D:\LapTrinhAndroid\64139028_Android\DuAnCuoiKy\.gradle\buildOutputCleanup)" [_thread_blocked, id=14516, stack(0x000000f4e0500000,0x000000f4e0600000)]

Other Threads:
  0x000001f6b43901d0 VMThread "VM Thread" [stack: 0x000000f4dd900000,0x000000f4dda00000] [id=13588]
  0x000001f699f60c60 WatcherThread [stack: 0x000000f4de500000,0x000000f4de600000] [id=4936]
  0x000001f699fbbe70 GCTaskThread "GC Thread#0" [stack: 0x000000f4dd400000,0x000000f4dd500000] [id=17912]
  0x000001f6b9dabb20 GCTaskThread "GC Thread#1" [stack: 0x000000f4de600000,0x000000f4de700000] [id=11896]
  0x000001f6b9e89bf0 GCTaskThread "GC Thread#2" [stack: 0x000000f4de700000,0x000000f4de800000] [id=19940]
  0x000001f6b996e6b0 GCTaskThread "GC Thread#3" [stack: 0x000000f4de800000,0x000000f4de900000] [id=12172]
  0x000001f6b9e04280 GCTaskThread "GC Thread#4" [stack: 0x000000f4de900000,0x000000f4dea00000] [id=19884]
  0x000001f6babe4140 GCTaskThread "GC Thread#5" [stack: 0x000000f4df400000,0x000000f4df500000] [id=19392]
  0x000001f6ba89fa80 GCTaskThread "GC Thread#6" [stack: 0x000000f4df500000,0x000000f4df600000] [id=9852]
  0x000001f6ba89fd40 GCTaskThread "GC Thread#7" [stack: 0x000000f4df600000,0x000000f4df700000] [id=6616]
  0x000001f6ba8a0000 GCTaskThread "GC Thread#8" [stack: 0x000000f4df700000,0x000000f4df800000] [id=1744]
  0x000001f6ba351ad0 GCTaskThread "GC Thread#9" [stack: 0x000000f4df800000,0x000000f4df900000] [id=12936]
  0x000001f699fccdc0 ConcurrentGCThread "G1 Main Marker" [stack: 0x000000f4dd500000,0x000000f4dd600000] [id=20212]
  0x000001f699fcd7e0 ConcurrentGCThread "G1 Conc#0" [stack: 0x000000f4dd600000,0x000000f4dd700000] [id=19216]
  0x000001f6ba6cc050 ConcurrentGCThread "G1 Conc#1" [stack: 0x000000f4df900000,0x000000f4dfa00000] [id=20228]
  0x000001f6b9f9ebf0 ConcurrentGCThread "G1 Conc#2" [stack: 0x000000f4dfa00000,0x000000f4dfb00000] [id=4028]
  0x000001f69a00ea50 ConcurrentGCThread "G1 Refine#0" [stack: 0x000000f4dd700000,0x000000f4dd800000] [id=7764]
  0x000001f6b40922b0 ConcurrentGCThread "G1 Service" [stack: 0x000000f4dd800000,0x000000f4dd900000] [id=13452]

Threads with active compile tasks:
C2 CompilerThread0     7881 4457       4       jdk.internal.loader.URLClassPath::getResource (74 bytes)

VM state: not at safepoint (normal execution)

VM Mutex/Monitor currently owned by a thread: None

Heap address: 0x0000000080000000, size: 2048 MB, Compressed Oops mode: 32-bit

CDS archive(s) not mapped
Compressed class space mapped at: 0x0000000100000000-0x0000000140000000, reserved size: 1073741824
Narrow klass base: 0x0000000000000000, Narrow klass shift: 3, Narrow klass range: 0x140000000

GC Precious Log:
 CPUs: 12 total, 12 available
 Memory: 7913M
 Large Page Support: Disabled
 NUMA Support: Disabled
 Compressed Oops: Enabled (32-bit)
 Heap Region Size: 1M
 Heap Min Capacity: 8M
 Heap Initial Capacity: 124M
 Heap Max Capacity: 2G
 Pre-touch: Disabled
 Parallel Workers: 10
 Concurrent Workers: 3
 Concurrent Refinement Workers: 10
 Periodic GC: Disabled

Heap:
 garbage-first heap   total 82944K, used 47598K [0x0000000080000000, 0x0000000100000000)
  region size 1024K, 15 young (15360K), 4 survivors (4096K)
 Metaspace       used 53604K, committed 54080K, reserved 1114112K
  class space    used 7358K, committed 7552K, reserved 1048576K

Heap Regions: E=young(eden), S=young(survivor), O=old, HS=humongous(starts), HC=humongous(continues), CS=collection set, F=free, OA=open archive, CA=closed archive, TAMS=top-at-mark-start (previous, next)
|   0|0x0000000080000000, 0x0000000080100000, 0x0000000080100000|100%|HS|  |TAMS 0x0000000080100000, 0x0000000080000000| Complete 
|   1|0x0000000080100000, 0x0000000080200000, 0x0000000080200000|100%|HC|  |TAMS 0x0000000080200000, 0x0000000080100000| Complete 
|   2|0x0000000080200000, 0x0000000080300000, 0x0000000080300000|100%|HC|  |TAMS 0x0000000080300000, 0x0000000080200000| Complete 
|   3|0x0000000080300000, 0x0000000080400000, 0x0000000080400000|100%|HC|  |TAMS 0x0000000080400000, 0x0000000080300000| Complete 
|   4|0x0000000080400000, 0x0000000080500000, 0x0000000080500000|100%| O|  |TAMS 0x0000000080500000, 0x0000000080400000| Untracked 
|   5|0x0000000080500000, 0x0000000080600000, 0x0000000080600000|100%| O|  |TAMS 0x0000000080600000, 0x0000000080500000| Untracked 
|   6|0x0000000080600000, 0x0000000080700000, 0x0000000080700000|100%| O|  |TAMS 0x0000000080700000, 0x0000000080600000| Untracked 
|   7|0x0000000080700000, 0x0000000080800000, 0x0000000080800000|100%| O|  |TAMS 0x0000000080800000, 0x0000000080700000| Untracked 
|   8|0x0000000080800000, 0x0000000080900000, 0x0000000080900000|100%| O|  |TAMS 0x0000000080900000, 0x0000000080800000| Untracked 
|   9|0x0000000080900000, 0x0000000080a00000, 0x0000000080a00000|100%| O|  |TAMS 0x0000000080a00000, 0x0000000080900000| Untracked 
|  10|0x0000000080a00000, 0x0000000080aa7e00, 0x0000000080b00000| 65%| O|  |TAMS 0x0000000080aa7e00, 0x0000000080a00000| Untracked 
|  11|0x0000000080b00000, 0x0000000080c00000, 0x0000000080c00000|100%| O|  |TAMS 0x0000000080c00000, 0x0000000080b00000| Untracked 
|  12|0x0000000080c00000, 0x0000000080d00000, 0x0000000080d00000|100%| O|  |TAMS 0x0000000080d00000, 0x0000000080c00000| Untracked 
|  13|0x0000000080d00000, 0x0000000080e00000, 0x0000000080e00000|100%| O|  |TAMS 0x0000000080e00000, 0x0000000080d00000| Untracked 
|  14|0x0000000080e00000, 0x0000000080f00000, 0x0000000080f00000|100%| O|  |TAMS 0x0000000080f00000, 0x0000000080e00000| Untracked 
|  15|0x0000000080f00000, 0x0000000081000000, 0x0000000081000000|100%| O|  |TAMS 0x0000000081000000, 0x0000000080f00000| Untracked 
|  16|0x0000000081000000, 0x0000000081100000, 0x0000000081100000|100%| O|  |TAMS 0x0000000081100000, 0x0000000081000000| Untracked 
|  17|0x0000000081100000, 0x0000000081200000, 0x0000000081200000|100%| O|  |TAMS 0x0000000081200000, 0x0000000081100000| Untracked 
|  18|0x0000000081200000, 0x0000000081300000, 0x0000000081300000|100%| O|  |TAMS 0x0000000081300000, 0x0000000081200000| Untracked 
|  19|0x0000000081300000, 0x0000000081400000, 0x0000000081400000|100%| O|  |TAMS 0x0000000081400000, 0x0000000081300000| Untracked 
|  20|0x0000000081400000, 0x0000000081500000, 0x0000000081500000|100%| O|  |TAMS 0x00000000814e3000, 0x0000000081400000| Untracked 
|  21|0x0000000081500000, 0x0000000081600000, 0x0000000081600000|100%| O|  |TAMS 0x0000000081500000, 0x0000000081500000| Untracked 
|  22|0x0000000081600000, 0x0000000081700000, 0x0000000081700000|100%| O|  |TAMS 0x0000000081600000, 0x0000000081600000| Untracked 
|  23|0x0000000081700000, 0x0000000081800000, 0x0000000081800000|100%| O|  |TAMS 0x0000000081700000, 0x0000000081700000| Untracked 
|  24|0x0000000081800000, 0x0000000081900000, 0x0000000081900000|100%| O|  |TAMS 0x0000000081800000, 0x0000000081800000| Untracked 
|  25|0x0000000081900000, 0x0000000081a00000, 0x0000000081a00000|100%| O|  |TAMS 0x0000000081900000, 0x0000000081900000| Untracked 
|  26|0x0000000081a00000, 0x0000000081b00000, 0x0000000081b00000|100%| O|  |TAMS 0x0000000081a00000, 0x0000000081a00000| Untracked 
|  27|0x0000000081b00000, 0x0000000081c00000, 0x0000000081c00000|100%| O|  |TAMS 0x0000000081b00000, 0x0000000081b00000| Untracked 
|  28|0x0000000081c00000, 0x0000000081d00000, 0x0000000081d00000|100%| O|  |TAMS 0x0000000081c00000, 0x0000000081c00000| Untracked 
|  29|0x0000000081d00000, 0x0000000081e00000, 0x0000000081e00000|100%| O|  |TAMS 0x0000000081d00000, 0x0000000081d00000| Untracked 
|  30|0x0000000081e00000, 0x0000000081f00000, 0x0000000081f00000|100%| O|  |TAMS 0x0000000081e00000, 0x0000000081e00000| Untracked 
|  31|0x0000000081f00000, 0x0000000081f31200, 0x0000000082000000| 19%| O|  |TAMS 0x0000000081f00000, 0x0000000081f00000| Untracked 
|  32|0x0000000082000000, 0x0000000082100000, 0x0000000082100000|100%|HS|  |TAMS 0x0000000082000000, 0x0000000082000000| Complete 
|  33|0x0000000082100000, 0x0000000082200000, 0x0000000082200000|100%|HS|  |TAMS 0x0000000082100000, 0x0000000082100000| Complete 
|  34|0x0000000082200000, 0x0000000082200000, 0x0000000082300000|  0%| F|  |TAMS 0x0000000082200000, 0x0000000082200000| Untracked 
|  35|0x0000000082300000, 0x0000000082300000, 0x0000000082400000|  0%| F|  |TAMS 0x0000000082300000, 0x0000000082300000| Untracked 
|  36|0x0000000082400000, 0x0000000082400000, 0x0000000082500000|  0%| F|  |TAMS 0x0000000082400000, 0x0000000082400000| Untracked 
|  37|0x0000000082500000, 0x0000000082500000, 0x0000000082600000|  0%| F|  |TAMS 0x0000000082500000, 0x0000000082500000| Untracked 
|  38|0x0000000082600000, 0x0000000082600000, 0x0000000082700000|  0%| F|  |TAMS 0x0000000082600000, 0x0000000082600000| Untracked 
|  39|0x0000000082700000, 0x0000000082700000, 0x0000000082800000|  0%| F|  |TAMS 0x0000000082700000, 0x0000000082700000| Untracked 
|  40|0x0000000082800000, 0x0000000082800000, 0x0000000082900000|  0%| F|  |TAMS 0x0000000082800000, 0x0000000082800000| Untracked 
|  41|0x0000000082900000, 0x0000000082900000, 0x0000000082a00000|  0%| F|  |TAMS 0x0000000082900000, 0x0000000082900000| Untracked 
|  42|0x0000000082a00000, 0x0000000082a00000, 0x0000000082b00000|  0%| F|  |TAMS 0x0000000082a00000, 0x0000000082a00000| Untracked 
|  43|0x0000000082b00000, 0x0000000082ba2b20, 0x0000000082c00000| 63%| S|CS|TAMS 0x0000000082b00000, 0x0000000082b00000| Complete 
|  44|0x0000000082c00000, 0x0000000082c00000, 0x0000000082d00000|  0%| F|  |TAMS 0x0000000082c00000, 0x0000000082c00000| Untracked 
|  45|0x0000000082d00000, 0x0000000082e00000, 0x0000000082e00000|100%| S|CS|TAMS 0x0000000082d00000, 0x0000000082d00000| Complete 
|  46|0x0000000082e00000, 0x0000000082f00000, 0x0000000082f00000|100%| S|CS|TAMS 0x0000000082e00000, 0x0000000082e00000| Complete 
|  47|0x0000000082f00000, 0x0000000083000000, 0x0000000083000000|100%| S|CS|TAMS 0x0000000082f00000, 0x0000000082f00000| Complete 
|  48|0x0000000083000000, 0x0000000083000000, 0x0000000083100000|  0%| F|  |TAMS 0x0000000083000000, 0x0000000083000000| Untracked 
|  49|0x0000000083100000, 0x0000000083100000, 0x0000000083200000|  0%| F|  |TAMS 0x0000000083100000, 0x0000000083100000| Untracked 
|  50|0x0000000083200000, 0x0000000083200000, 0x0000000083300000|  0%| F|  |TAMS 0x0000000083200000, 0x0000000083200000| Untracked 
|  51|0x0000000083300000, 0x0000000083300000, 0x0000000083400000|  0%| F|  |TAMS 0x0000000083300000, 0x0000000083300000| Untracked 
|  52|0x0000000083400000, 0x0000000083400000, 0x0000000083500000|  0%| F|  |TAMS 0x0000000083400000, 0x0000000083400000| Untracked 
|  53|0x0000000083500000, 0x0000000083500000, 0x0000000083600000|  0%| F|  |TAMS 0x0000000083500000, 0x0000000083500000| Untracked 
|  54|0x0000000083600000, 0x0000000083600000, 0x0000000083700000|  0%| F|  |TAMS 0x0000000083600000, 0x0000000083600000| Untracked 
|  55|0x0000000083700000, 0x0000000083700000, 0x0000000083800000|  0%| F|  |TAMS 0x0000000083700000, 0x0000000083700000| Untracked 
|  56|0x0000000083800000, 0x0000000083800000, 0x0000000083900000|  0%| F|  |TAMS 0x0000000083800000, 0x0000000083800000| Untracked 
|  57|0x0000000083900000, 0x0000000083900000, 0x0000000083a00000|  0%| F|  |TAMS 0x0000000083900000, 0x0000000083900000| Untracked 
|  58|0x0000000083a00000, 0x0000000083a00000, 0x0000000083b00000|  0%| F|  |TAMS 0x0000000083a00000, 0x0000000083a00000| Untracked 
|  59|0x0000000083b00000, 0x0000000083b00000, 0x0000000083c00000|  0%| F|  |TAMS 0x0000000083b00000, 0x0000000083b00000| Untracked 
|  60|0x0000000083c00000, 0x0000000083c00000, 0x0000000083d00000|  0%| F|  |TAMS 0x0000000083c00000, 0x0000000083c00000| Untracked 
|  61|0x0000000083d00000, 0x0000000083d00000, 0x0000000083e00000|  0%| F|  |TAMS 0x0000000083d00000, 0x0000000083d00000| Untracked 
|  62|0x0000000083e00000, 0x0000000083e00000, 0x0000000083f00000|  0%| F|  |TAMS 0x0000000083e00000, 0x0000000083e00000| Untracked 
|  63|0x0000000083f00000, 0x0000000083f00000, 0x0000000084000000|  0%| F|  |TAMS 0x0000000083f00000, 0x0000000083f00000| Untracked 
|  64|0x0000000084000000, 0x0000000084000000, 0x0000000084100000|  0%| F|  |TAMS 0x0000000084000000, 0x0000000084000000| Untracked 
|  65|0x0000000084100000, 0x0000000084100000, 0x0000000084200000|  0%| F|  |TAMS 0x0000000084100000, 0x0000000084100000| Untracked 
|  66|0x0000000084200000, 0x0000000084200000, 0x0000000084300000|  0%| F|  |TAMS 0x0000000084200000, 0x0000000084200000| Untracked 
|  67|0x0000000084300000, 0x0000000084300000, 0x0000000084400000|  0%| F|  |TAMS 0x0000000084300000, 0x0000000084300000| Untracked 
|  68|0x0000000084400000, 0x0000000084400000, 0x0000000084500000|  0%| F|  |TAMS 0x0000000084400000, 0x0000000084400000| Untracked 
|  69|0x0000000084500000, 0x0000000084500000, 0x0000000084600000|  0%| F|  |TAMS 0x0000000084500000, 0x0000000084500000| Untracked 
|  70|0x0000000084600000, 0x00000000846b7380, 0x0000000084700000| 71%| E|  |TAMS 0x0000000084600000, 0x0000000084600000| Complete 
|  71|0x0000000084700000, 0x0000000084800000, 0x0000000084800000|100%| E|CS|TAMS 0x0000000084700000, 0x0000000084700000| Complete 
|  72|0x0000000084800000, 0x0000000084900000, 0x0000000084900000|100%| E|CS|TAMS 0x0000000084800000, 0x0000000084800000| Complete 
|  73|0x0000000084900000, 0x0000000084a00000, 0x0000000084a00000|100%| E|CS|TAMS 0x0000000084900000, 0x0000000084900000| Complete 
|  74|0x0000000084a00000, 0x0000000084b00000, 0x0000000084b00000|100%| E|CS|TAMS 0x0000000084a00000, 0x0000000084a00000| Complete 
|  75|0x0000000084b00000, 0x0000000084c00000, 0x0000000084c00000|100%| E|CS|TAMS 0x0000000084b00000, 0x0000000084b00000| Complete 
|  76|0x0000000084c00000, 0x0000000084d00000, 0x0000000084d00000|100%| E|CS|TAMS 0x0000000084c00000, 0x0000000084c00000| Complete 
|  77|0x0000000084d00000, 0x0000000084e00000, 0x0000000084e00000|100%| E|CS|TAMS 0x0000000084d00000, 0x0000000084d00000| Complete 
|  78|0x0000000084e00000, 0x0000000084f00000, 0x0000000084f00000|100%| E|CS|TAMS 0x0000000084e00000, 0x0000000084e00000| Complete 
|  79|0x0000000084f00000, 0x0000000085000000, 0x0000000085000000|100%| E|CS|TAMS 0x0000000084f00000, 0x0000000084f00000| Complete 
| 123|0x0000000087b00000, 0x0000000087c00000, 0x0000000087c00000|100%| E|CS|TAMS 0x0000000087b00000, 0x0000000087b00000| Complete 

Card table byte_map: [0x000001f6acd90000,0x000001f6ad190000] _byte_map_base: 0x000001f6ac990000

Marking Bits (Prev, Next): (CMBitMap*) 0x000001f699fbc490, (CMBitMap*) 0x000001f699fbc4d0
 Prev Bits: [0x000001f6ad590000, 0x000001f6af590000)
 Next Bits: [0x000001f6af590000, 0x000001f6b1590000)

Polling page: 0x000001f697f10000

Metaspace:

Usage:
  Non-class:     45.17 MB used.
      Class:      7.19 MB used.
       Both:     52.36 MB used.

Virtual space:
  Non-class space:       64.00 MB reserved,      45.44 MB ( 71%) committed,  1 nodes.
      Class space:        1.00 GB reserved,       7.38 MB ( <1%) committed,  1 nodes.
             Both:        1.06 GB reserved,      52.81 MB (  5%) committed. 

Chunk freelists:
   Non-Class:  2.12 MB
       Class:  8.64 MB
        Both:  10.76 MB

MaxMetaspaceSize: unlimited
CompressedClassSpaceSize: 1.00 GB
Initial GC threshold: 21.00 MB
Current GC threshold: 58.69 MB
CDS: off
MetaspaceReclaimPolicy: balanced
 - commit_granule_bytes: 65536.
 - commit_granule_words: 8192.
 - virtual_space_node_default_size: 8388608.
 - enlarge_chunks_in_place: 1.
 - new_chunks_are_fully_committed: 0.
 - uncommit_free_chunks: 1.
 - use_allocation_guard: 0.
 - handle_deallocations: 1.


Internal statistics:

num_allocs_failed_limit: 6.
num_arena_births: 562.
num_arena_deaths: 0.
num_vsnodes_births: 2.
num_vsnodes_deaths: 0.
num_space_committed: 845.
num_space_uncommitted: 0.
num_chunks_returned_to_freelist: 6.
num_chunks_taken_from_freelist: 2306.
num_chunk_merges: 6.
num_chunk_splits: 1528.
num_chunks_enlarged: 1055.
num_inconsistent_stats: 0.

CodeHeap 'non-profiled nmethods': size=120000Kb used=2444Kb max_used=2444Kb free=117555Kb
 bounds [0x000001f6a4f00000, 0x000001f6a5170000, 0x000001f6ac430000]
CodeHeap 'profiled nmethods': size=120000Kb used=9532Kb max_used=9532Kb free=110467Kb
 bounds [0x000001f69d430000, 0x000001f69dd80000, 0x000001f6a4960000]
CodeHeap 'non-nmethods': size=5760Kb used=1627Kb max_used=1665Kb free=4132Kb
 bounds [0x000001f6a4960000, 0x000001f6a4bd0000, 0x000001f6a4f00000]
 total_blobs=5221 nmethods=4537 adapters=596
 compilation: enabled
              stopped_count=0, restarted_count=0
 full_count=0

Compilation events (20 events):
Event: 7.852 Thread 0x000001f6b43e0170 4547       2       com.google.common.cache.LongAddables$1::get (5 bytes)
Event: 7.852 Thread 0x000001f6b43e0170 nmethod 4547 0x000001f69dd74f90 code [0x000001f69dd75120, 0x000001f69dd75278]
Event: 7.852 Thread 0x000001f6b43e0170 4548       2       com.google.common.cache.LongAddables$1::get (8 bytes)
Event: 7.852 Thread 0x000001f6b43e0170 nmethod 4548 0x000001f69dd75390 code [0x000001f69dd75520, 0x000001f69dd75678]
Event: 7.854 Thread 0x000001f6b43e0170 4550       2       jdk.internal.misc.CDS::isDumpingClassList (4 bytes)
Event: 7.854 Thread 0x000001f6b43e0170 nmethod 4550 0x000001f69dd75790 code [0x000001f69dd75920, 0x000001f69dd75a18]
Event: 7.855 Thread 0x000001f6b43e0170 4551       1       java.lang.invoke.MethodHandleImpl$IntrinsicMethodHandle::intrinsicName (5 bytes)
Event: 7.855 Thread 0x000001f6b43e0170 nmethod 4551 0x000001f6a5162310 code [0x000001f6a51624a0, 0x000001f6a5162578]
Event: 7.855 Thread 0x000001f6b43e0170 4552       2       jdk.internal.misc.Unsafe::ensureClassInitialized (18 bytes)
Event: 7.856 Thread 0x000001f6b43e0170 nmethod 4552 0x000001f69dd75a90 code [0x000001f69dd75c40, 0x000001f69dd75e18]
Event: 7.856 Thread 0x000001f6b43e0170 4553       2       java.lang.invoke.LambdaFormEditor::getInCache (165 bytes)
Event: 7.856 Thread 0x000001f6b43e0170 nmethod 4553 0x000001f69dd75f10 code [0x000001f69dd76120, 0x000001f69dd76638]
Event: 7.857 Thread 0x000001f6b43e0170 4555       2       java.util.List::of (9 bytes)
Event: 7.857 Thread 0x000001f6b43e0170 nmethod 4555 0x000001f69dd76990 code [0x000001f69dd76b40, 0x000001f69dd76e08]
Event: 7.858 Thread 0x000001f6b43e0170 4557       2       java.lang.invoke.LambdaFormBuffer::clearDuplicatesAndNulls (268 bytes)
Event: 7.858 Thread 0x000001f6b43e0170 nmethod 4557 0x000001f69dd76f10 code [0x000001f69dd77120, 0x000001f69dd777d8]
Event: 7.858 Thread 0x000001f6b43e0170 4558   !   2       java.util.ImmutableCollections$ListItr::next (34 bytes)
Event: 7.858 Thread 0x000001f6b43e0170 nmethod 4558 0x000001f69dd77c10 code [0x000001f69dd77dc0, 0x000001f69dd77fd8]
Event: 7.859 Thread 0x000001f6b43e0170 4561       2       jdk.internal.org.objectweb.asm.ClassWriter::visitSource (39 bytes)
Event: 7.859 Thread 0x000001f6b43e0170 nmethod 4561 0x000001f69dd78110 code [0x000001f69dd782c0, 0x000001f69dd785f8]

GC Heap History (20 events):
Event: 1.283 GC heap before
{Heap before GC invocations=1 (full 0):
 garbage-first heap   total 126976K, used 38008K [0x0000000080000000, 0x0000000100000000)
  region size 1024K, 30 young (30720K), 3 survivors (3072K)
 Metaspace       used 11453K, committed 11648K, reserved 1114112K
  class space    used 1197K, committed 1280K, reserved 1048576K
}
Event: 1.289 GC heap after
{Heap after GC invocations=2 (full 0):
 garbage-first heap   total 126976K, used 11405K [0x0000000080000000, 0x0000000100000000)
  region size 1024K, 1 young (1024K), 1 survivors (1024K)
 Metaspace       used 11453K, committed 11648K, reserved 1114112K
  class space    used 1197K, committed 1280K, reserved 1048576K
}
Event: 2.662 GC heap before
{Heap before GC invocations=2 (full 0):
 garbage-first heap   total 126976K, used 61581K [0x0000000080000000, 0x0000000100000000)
  region size 1024K, 51 young (52224K), 1 survivors (1024K)
 Metaspace       used 21273K, committed 21504K, reserved 1114112K
  class space    used 2500K, committed 2624K, reserved 1048576K
}
Event: 2.668 GC heap after
{Heap after GC invocations=3 (full 0):
 garbage-first heap   total 126976K, used 19103K [0x0000000080000000, 0x0000000100000000)
  region size 1024K, 8 young (8192K), 8 survivors (8192K)
 Metaspace       used 21273K, committed 21504K, reserved 1114112K
  class space    used 2500K, committed 2624K, reserved 1048576K
}
Event: 3.353 GC heap before
{Heap before GC invocations=4 (full 0):
 garbage-first heap   total 68608K, used 50847K [0x0000000080000000, 0x0000000100000000)
  region size 1024K, 40 young (40960K), 8 survivors (8192K)
 Metaspace       used 26349K, committed 26624K, reserved 1114112K
  class space    used 3361K, committed 3456K, reserved 1048576K
}
Event: 3.359 GC heap after
{Heap after GC invocations=5 (full 0):
 garbage-first heap   total 68608K, used 21435K [0x0000000080000000, 0x0000000100000000)
  region size 1024K, 2 young (2048K), 2 survivors (2048K)
 Metaspace       used 26349K, committed 26624K, reserved 1114112K
  class space    used 3361K, committed 3456K, reserved 1048576K
}
Event: 3.833 GC heap before
{Heap before GC invocations=5 (full 0):
 garbage-first heap   total 68608K, used 48059K [0x0000000080000000, 0x0000000100000000)
  region size 1024K, 28 young (28672K), 2 survivors (2048K)
 Metaspace       used 29825K, committed 30080K, reserved 1114112K
  class space    used 3941K, committed 4032K, reserved 1048576K
}
Event: 3.836 GC heap after
{Heap after GC invocations=6 (full 0):
 garbage-first heap   total 68608K, used 22923K [0x0000000080000000, 0x0000000100000000)
  region size 1024K, 4 young (4096K), 4 survivors (4096K)
 Metaspace       used 29825K, committed 30080K, reserved 1114112K
  class space    used 3941K, committed 4032K, reserved 1048576K
}
Event: 4.262 GC heap before
{Heap before GC invocations=6 (full 0):
 garbage-first heap   total 68608K, used 49547K [0x0000000080000000, 0x0000000100000000)
  region size 1024K, 30 young (30720K), 4 survivors (4096K)
 Metaspace       used 33258K, committed 33600K, reserved 1114112K
  class space    used 4513K, committed 4672K, reserved 1048576K
}
Event: 4.267 GC heap after
{Heap after GC invocations=7 (full 0):
 garbage-first heap   total 68608K, used 24107K [0x0000000080000000, 0x0000000100000000)
  region size 1024K, 3 young (3072K), 3 survivors (3072K)
 Metaspace       used 33258K, committed 33600K, reserved 1114112K
  class space    used 4513K, committed 4672K, reserved 1048576K
}
Event: 4.999 GC heap before
{Heap before GC invocations=7 (full 0):
 garbage-first heap   total 68608K, used 40491K [0x0000000080000000, 0x0000000100000000)
  region size 1024K, 20 young (20480K), 3 survivors (3072K)
 Metaspace       used 35668K, committed 35968K, reserved 1114112K
  class space    used 4871K, committed 5056K, reserved 1048576K
}
Event: 5.005 GC heap after
{Heap after GC invocations=8 (full 0):
 garbage-first heap   total 82944K, used 24775K [0x0000000080000000, 0x0000000100000000)
  region size 1024K, 2 young (2048K), 2 survivors (2048K)
 Metaspace       used 35668K, committed 35968K, reserved 1114112K
  class space    used 4871K, committed 5056K, reserved 1048576K
}
Event: 5.596 GC heap before
{Heap before GC invocations=9 (full 0):
 garbage-first heap   total 82944K, used 61639K [0x0000000080000000, 0x0000000100000000)
  region size 1024K, 39 young (39936K), 2 survivors (2048K)
 Metaspace       used 41288K, committed 41664K, reserved 1114112K
  class space    used 5473K, committed 5632K, reserved 1048576K
}
Event: 5.603 GC heap after
{Heap after GC invocations=10 (full 0):
 garbage-first heap   total 82944K, used 29340K [0x0000000080000000, 0x0000000100000000)
  region size 1024K, 5 young (5120K), 5 survivors (5120K)
 Metaspace       used 41288K, committed 41664K, reserved 1114112K
  class space    used 5473K, committed 5632K, reserved 1048576K
}
Event: 6.563 GC heap before
{Heap before GC invocations=10 (full 0):
 garbage-first heap   total 82944K, used 63132K [0x0000000080000000, 0x0000000100000000)
  region size 1024K, 38 young (38912K), 5 survivors (5120K)
 Metaspace       used 43981K, committed 44416K, reserved 1114112K
  class space    used 5899K, committed 6144K, reserved 1048576K
}
Event: 6.570 GC heap after
{Heap after GC invocations=11 (full 0):
 garbage-first heap   total 82944K, used 31832K [0x0000000080000000, 0x0000000100000000)
  region size 1024K, 3 young (3072K), 3 survivors (3072K)
 Metaspace       used 43981K, committed 44416K, reserved 1114112K
  class space    used 5899K, committed 6144K, reserved 1048576K
}
Event: 7.383 GC heap before
{Heap before GC invocations=11 (full 0):
 garbage-first heap   total 82944K, used 62552K [0x0000000080000000, 0x0000000100000000)
  region size 1024K, 33 young (33792K), 3 survivors (3072K)
 Metaspace       used 47766K, committed 48256K, reserved 1114112K
  class space    used 6530K, committed 6784K, reserved 1048576K
}
Event: 7.386 GC heap after
{Heap after GC invocations=12 (full 0):
 garbage-first heap   total 82944K, used 33335K [0x0000000080000000, 0x0000000100000000)
  region size 1024K, 4 young (4096K), 4 survivors (4096K)
 Metaspace       used 47766K, committed 48256K, reserved 1114112K
  class space    used 6530K, committed 6784K, reserved 1048576K
}
Event: 7.752 GC heap before
{Heap before GC invocations=12 (full 0):
 garbage-first heap   total 82944K, used 64055K [0x0000000080000000, 0x0000000100000000)
  region size 1024K, 34 young (34816K), 4 survivors (4096K)
 Metaspace       used 51892K, committed 52288K, reserved 1114112K
  class space    used 7188K, committed 7360K, reserved 1048576K
}
Event: 7.757 GC heap after
{Heap after GC invocations=13 (full 0):
 garbage-first heap   total 82944K, used 35310K [0x0000000080000000, 0x0000000100000000)
  region size 1024K, 4 young (4096K), 4 survivors (4096K)
 Metaspace       used 51892K, committed 52288K, reserved 1114112K
  class space    used 7188K, committed 7360K, reserved 1048576K
}

Dll operation events (3 events):
Event: 0.012 Loaded shared library C:\Program Files\Android\Android Studio\jbr\bin\java.dll
Event: 0.198 Loaded shared library C:\Program Files\Android\Android Studio\jbr\bin\zip.dll
Event: 0.515 Loaded shared library C:\Program Files\Android\Android Studio\jbr\bin\verify.dll

Deoptimization events (20 events):
Event: 7.663 Thread 0x000001f6b9fc5e70 Uncommon trap: trap_request=0xffffffde fr.pc=0x000001f6a51320d8 relative=0x0000000000005378
Event: 7.663 Thread 0x000001f6b9fc5e70 Uncommon trap: reason=class_check action=maybe_recompile pc=0x000001f6a51320d8 method=java.net.URLClassLoader.defineClass(Ljava/lang/String;Ljdk/internal/loader/Resource;)Ljava/lang/Class; @ 13 c2
Event: 7.663 Thread 0x000001f6b9fc5e70 DEOPT PACKING pc=0x000001f6a51320d8 sp=0x000000f4df0f82a0
Event: 7.663 Thread 0x000001f6b9fc5e70 DEOPT UNPACKING pc=0x000001f6a49ba1a3 sp=0x000000f4df0f81e0 mode 2
Event: 7.664 Thread 0x000001f6b9fc5e70 Uncommon trap: trap_request=0xffffffde fr.pc=0x000001f6a514aa3c relative=0x000000000000535c
Event: 7.664 Thread 0x000001f6b9fc5e70 Uncommon trap: reason=class_check action=maybe_recompile pc=0x000001f6a514aa3c method=java.net.URLClassLoader.defineClass(Ljava/lang/String;Ljdk/internal/loader/Resource;)Ljava/lang/Class; @ 13 c2
Event: 7.664 Thread 0x000001f6b9fc5e70 DEOPT PACKING pc=0x000001f6a514aa3c sp=0x000000f4df0f8230
Event: 7.664 Thread 0x000001f6b9fc5e70 DEOPT UNPACKING pc=0x000001f6a49ba1a3 sp=0x000000f4df0f81d8 mode 2
Event: 7.739 Thread 0x000001f6b9fc5e70 Uncommon trap: trap_request=0xffffff45 fr.pc=0x000001f6a507ad38 relative=0x00000000000002f8
Event: 7.739 Thread 0x000001f6b9fc5e70 Uncommon trap: reason=unstable_if action=reinterpret pc=0x000001f6a507ad38 method=org.gradle.internal.reflect.PropertyAccessorType.isGetGetterName(Ljava/lang/String;)Z @ 14 c2
Event: 7.739 Thread 0x000001f6b9fc5e70 DEOPT PACKING pc=0x000001f6a507ad38 sp=0x000000f4df0f8c10
Event: 7.739 Thread 0x000001f6b9fc5e70 DEOPT UNPACKING pc=0x000001f6a49ba1a3 sp=0x000000f4df0f8b68 mode 2
Event: 7.751 Thread 0x000001f6b9fc5e70 Uncommon trap: trap_request=0xffffff45 fr.pc=0x000001f6a507a1e8 relative=0x00000000000000e8
Event: 7.751 Thread 0x000001f6b9fc5e70 Uncommon trap: reason=unstable_if action=reinterpret pc=0x000001f6a507a1e8 method=org.objectweb.asm.ByteVector.putShort(I)Lorg/objectweb/asm/ByteVector; @ 13 c2
Event: 7.751 Thread 0x000001f6b9fc5e70 DEOPT PACKING pc=0x000001f6a507a1e8 sp=0x000000f4df0f87c0
Event: 7.751 Thread 0x000001f6b9fc5e70 DEOPT UNPACKING pc=0x000001f6a49ba1a3 sp=0x000000f4df0f8758 mode 2
Event: 7.779 Thread 0x000001f6b9fc5e70 Uncommon trap: trap_request=0xffffff45 fr.pc=0x000001f6a5127544 relative=0x00000000000017e4
Event: 7.779 Thread 0x000001f6b9fc5e70 Uncommon trap: reason=unstable_if action=reinterpret pc=0x000001f6a5127544 method=java.util.concurrent.ConcurrentHashMap.computeIfAbsent(Ljava/lang/Object;Ljava/util/function/Function;)Ljava/lang/Object; @ 123 c2
Event: 7.779 Thread 0x000001f6b9fc5e70 DEOPT PACKING pc=0x000001f6a5127544 sp=0x000000f4df0f9b10
Event: 7.779 Thread 0x000001f6b9fc5e70 DEOPT UNPACKING pc=0x000001f6a49ba1a3 sp=0x000000f4df0f9a90 mode 2

Classes unloaded (0 events):
No events

Classes redefined (0 events):
No events

Internal exceptions (20 events):
Event: 7.366 Thread 0x000001f6b9fc5e70 Exception <a 'sun/nio/fs/WindowsException'{0x0000000083475458}> (0x0000000083475458) 
thrown [s\src\hotspot\share\prims\jni.cpp, line 531]
Event: 7.366 Thread 0x000001f6b9fc5e70 Exception <a 'sun/nio/fs/WindowsException'{0x0000000083475738}> (0x0000000083475738) 
thrown [s\src\hotspot\share\prims\jni.cpp, line 531]
Event: 7.366 Thread 0x000001f6b9fc5e70 Exception <a 'sun/nio/fs/WindowsException'{0x0000000083477f20}> (0x0000000083477f20) 
thrown [s\src\hotspot\share\prims\jni.cpp, line 531]
Event: 7.366 Thread 0x000001f6b9fc5e70 Exception <a 'sun/nio/fs/WindowsException'{0x00000000834782f8}> (0x00000000834782f8) 
thrown [s\src\hotspot\share\prims\jni.cpp, line 531]
Event: 7.367 Thread 0x000001f6b9fc5e70 Exception <a 'java/lang/NoSuchMethodError'{0x0000000083485950}: 'java.lang.Object java.lang.invoke.DirectMethodHandle$Holder.newInvokeSpecial(java.lang.Object, java.lang.Object, int)'> (0x0000000083485950) 
thrown [s\src\hotspot\share\interpreter\linkResolver.cpp, line 771]
Event: 7.409 Thread 0x000001f6b9fc5e70 Exception <a 'sun/nio/fs/WindowsException'{0x0000000084f98560}> (0x0000000084f98560) 
thrown [s\src\hotspot\share\prims\jni.cpp, line 531]
Event: 7.409 Thread 0x000001f6b9fc5e70 Exception <a 'sun/nio/fs/WindowsException'{0x0000000084f98938}> (0x0000000084f98938) 
thrown [s\src\hotspot\share\prims\jni.cpp, line 531]
Event: 7.515 Thread 0x000001f6b9fc5e70 Exception <a 'java/lang/NoSuchMethodError'{0x0000000084588180}: 'void java.lang.invoke.DirectMethodHandle$Holder.invokeStatic(java.lang.Object, java.lang.Object, java.lang.Object, java.lang.Object, java.lang.Object, java.lang.Object, java.lang.Object)'> (0x0000000084588180) 
thrown [s\src\hotspot\share\interpreter\linkResolver.cpp, line 771]
Event: 7.652 Thread 0x000001f6ba718ed0 Exception <a 'java/lang/NoSuchMethodError'{0x0000000083b25398}: static Lorg/gradle/internal/build/event/types/DefaultOperationStartedProgressEvent;.<clinit>()V> (0x0000000083b25398) 
thrown [s\src\hotspot\share\prims\jni.cpp, line 1127]
Event: 7.652 Thread 0x000001f6ba718ed0 Exception <a 'java/lang/NoSuchMethodError'{0x0000000083ba7660}: static Lorg/gradle/internal/build/event/types/AbstractProgressEvent;.<clinit>()V> (0x0000000083ba7660) 
thrown [s\src\hotspot\share\prims\jni.cpp, line 1127]
Event: 7.653 Thread 0x000001f6ba718ed0 Exception <a 'java/lang/NoSuchMethodError'{0x0000000083bb9d90}: static Lorg/gradle/internal/build/event/types/DefaultProjectConfigurationDescriptor;.<clinit>()V> (0x0000000083bb9d90) 
thrown [s\src\hotspot\share\prims\jni.cpp, line 1127]
Event: 7.653 Thread 0x000001f6ba718ed0 Exception <a 'java/lang/NoSuchMethodError'{0x0000000083bbc5c8}: static Lorg/gradle/internal/build/event/types/DefaultOperationDescriptor;.<clinit>()V> (0x0000000083bbc5c8) 
thrown [s\src\hotspot\share\prims\jni.cpp, line 1127]
Event: 7.654 Thread 0x000001f6ba718ed0 Exception <a 'java/lang/NoSuchMethodError'{0x0000000083bd4880}: static Lorg/gradle/internal/operations/OperationIdentifier;.<clinit>()V> (0x0000000083bd4880) 
thrown [s\src\hotspot\share\prims\jni.cpp, line 1127]
Event: 7.736 Thread 0x000001f6b9fc5e70 Exception <a 'java/lang/NoSuchMethodError'{0x00000000834bc6f0}: 'long java.lang.invoke.DirectMethodHandle$Holder.invokeStatic(java.lang.Object, long)'> (0x00000000834bc6f0) 
thrown [s\src\hotspot\share\interpreter\linkResolver.cpp, line 771]
Event: 7.841 Thread 0x000001f6b9fc5e70 Exception <a 'java/lang/NoSuchMethodError'{0x000000008492a488}: 'void java.lang.invoke.DirectMethodHandle$Holder.invokeStatic(java.lang.Object, java.lang.Object, java.lang.Object, java.lang.Object, java.lang.Object, java.lang.Object)'> (0x000000008492a488) 
thrown [s\src\hotspot\share\interpreter\linkResolver.cpp, line 771]
Event: 7.854 Thread 0x000001f6b9fc5e70 Exception <a 'java/lang/NoSuchMethodError'{0x00000000849b50f0}: 'java.lang.Object java.lang.invoke.DirectMethodHandle$Holder.invokeSpecial(java.lang.Object, java.lang.Object, java.lang.Object, java.lang.Object, java.lang.Object, java.lang.Object, java.lang.Object, java.lang.Object, java.lang.Object, java.lang.Object, java.lang.Object, java.lang.Object, java.lang.Object, java.lang.Object, java.lang.Object, java.lang.Object, java.lang.Object, java.lang.Object, java.lang.Object, java.lang.Object, java.lang.Ob
Event: 7.854 Thread 0x000001f6b9fc5e70 Exception <a 'java/lang/NoSuchMethodError'{0x00000000849bb358}: 'java.lang.Object java.lang.invoke.DelegatingMethodHandle$Holder.reinvoke_L(java.lang.Object, java.lang.Object, java.lang.Object, java.lang.Object, java.lang.Object, java.lang.Object, java.lang.Object, java.lang.Object, java.lang.Object, java.lang.Object, java.lang.Object, java.lang.Object, java.lang.Object, java.lang.Object, java.lang.Object, java.lang.Object, java.lang.Object, java.lang.Object, java.lang.Object, java.lang.Object, java.lang.O
Event: 7.855 Thread 0x000001f6b9fc5e70 Exception <a 'java/lang/NoSuchMethodError'{0x00000000849c6da0}: 'java.lang.Object java.lang.invoke.Invokers$Holder.invoker(java.lang.Object, java.lang.Object, java.lang.Object, java.lang.Object, java.lang.Object, java.lang.Object, java.lang.Object, java.lang.Object, java.lang.Object, java.lang.Object, java.lang.Object, java.lang.Object, java.lang.Object, java.lang.Object, java.lang.Object, java.lang.Object, java.lang.Object, java.lang.Object, java.lang.Object, java.lang.Object, java.lang.Object, java.lang.
Event: 7.855 Thread 0x000001f6b9fc5e70 Exception <a 'java/lang/NoSuchMethodError'{0x00000000849cd9a0}: 'java.lang.Object java.lang.invoke.DelegatingMethodHandle$Holder.delegate(java.lang.Object, java.lang.Object, java.lang.Object, java.lang.Object, java.lang.Object, java.lang.Object, java.lang.Object, java.lang.Object, java.lang.Object, java.lang.Object, java.lang.Object, java.lang.Object, java.lang.Object, java.lang.Object, java.lang.Object, java.lang.Object, java.lang.Object, java.lang.Object, java.lang.Object, java.lang.Object, java.lang.Obj
Event: 7.859 Thread 0x000001f6b9fc5e70 Exception <a 'java/lang/NoSuchMethodError'{0x00000000848aaac8}: 'java.lang.Object java.lang.invoke.DirectMethodHandle$Holder.invokeStatic(java.lang.Object, java.lang.Object, java.lang.Object, java.lang.Object, java.lang.Object, java.lang.Object, java.lang.Object, java.lang.Object, java.lang.Object, java.lang.Object, java.lang.Object, java.lang.Object, java.lang.Object, java.lang.Object, java.lang.Object, java.lang.Object, java.lang.Object, java.lang.Object, java.lang.Object, java.lang.Object, java.lang.Obj

VM Operations (20 events):
Event: 6.546 Executing VM operation: HandshakeAllThreads
Event: 6.546 Executing VM operation: HandshakeAllThreads done
Event: 6.561 Executing VM operation: HandshakeAllThreads
Event: 6.562 Executing VM operation: HandshakeAllThreads done
Event: 6.563 Executing VM operation: G1CollectForAllocation
Event: 6.571 Executing VM operation: G1CollectForAllocation done
Event: 6.600 Executing VM operation: HandshakeAllThreads
Event: 6.600 Executing VM operation: HandshakeAllThreads done
Event: 6.819 Executing VM operation: HandshakeAllThreads
Event: 6.819 Executing VM operation: HandshakeAllThreads done
Event: 7.174 Executing VM operation: HandshakeAllThreads
Event: 7.174 Executing VM operation: HandshakeAllThreads done
Event: 7.383 Executing VM operation: G1CollectForAllocation
Event: 7.387 Executing VM operation: G1CollectForAllocation done
Event: 7.601 Executing VM operation: HandshakeAllThreads
Event: 7.601 Executing VM operation: HandshakeAllThreads done
Event: 7.657 Executing VM operation: ICBufferFull
Event: 7.657 Executing VM operation: ICBufferFull done
Event: 7.752 Executing VM operation: G1CollectForAllocation
Event: 7.757 Executing VM operation: G1CollectForAllocation done

Events (20 events):
Event: 7.652 loading class java/io/ObjectStreamClass$5 done
Event: 7.652 loading class jdk/internal/loader/URLClassPath$FileLoader
Event: 7.652 loading class java/io/ObjectStreamClass$ClassDataSlot
Event: 7.652 loading class jdk/internal/loader/URLClassPath$FileLoader done
Event: 7.652 loading class java/io/ObjectStreamClass$ClassDataSlot done
Event: 7.652 loading class jdk/internal/loader/URLClassPath$FileLoader$1
Event: 7.653 loading class jdk/internal/loader/URLClassPath$FileLoader$1 done
Event: 7.653 loading class jdk/internal/reflect/UnsafeQualifiedStaticLongFieldAccessorImpl
Event: 7.654 loading class jdk/internal/reflect/UnsafeQualifiedStaticLongFieldAccessorImpl done
Event: 7.655 loading class java/io/SerialCallbackContext
Event: 7.655 loading class java/io/SerialCallbackContext done
Event: 7.707 loading class java/util/DualPivotQuicksort
Event: 7.708 loading class java/util/DualPivotQuicksort done
Event: 7.736 loading class java/util/function/LongUnaryOperator
Event: 7.736 loading class java/util/function/LongUnaryOperator done
Event: 7.850 loading class java/util/Collections$SingletonMap
Event: 7.850 loading class java/util/Collections$SingletonMap done
Event: 7.852 Thread 0x000001f6bab8da70 Thread added: 0x000001f6bab8da70
Event: 7.858 loading class java/lang/invoke/BoundMethodHandle$Species_LLLLLLLLLLLLLLLLLLLLLLLL
Event: 7.858 loading class java/lang/invoke/BoundMethodHandle$Species_LLLLLLLLLLLLLLLLLLLLLLLL done


Dynamic libraries:
0x00007ff74f430000 - 0x00007ff74f43a000 	C:\Program Files\Android\Android Studio\jbr\bin\java.exe
0x00007fffd74d0000 - 0x00007fffd76e7000 	C:\WINDOWS\SYSTEM32\ntdll.dll
0x00007fffd6910000 - 0x00007fffd69d4000 	C:\WINDOWS\System32\KERNEL32.DLL
0x00007fffd4d70000 - 0x00007fffd512a000 	C:\WINDOWS\System32\KERNELBASE.dll
0x00007fffd48f0000 - 0x00007fffd4a01000 	C:\WINDOWS\System32\ucrtbase.dll
0x00007fffb3e90000 - 0x00007fffb3eab000 	C:\Program Files\Android\Android Studio\jbr\bin\VCRUNTIME140.dll
0x00007fffb87f0000 - 0x00007fffb8807000 	C:\Program Files\Android\Android Studio\jbr\bin\jli.dll
0x00007fffd6aa0000 - 0x00007fffd6c4e000 	C:\WINDOWS\System32\USER32.dll
0x00007fffd51b0000 - 0x00007fffd51d6000 	C:\WINDOWS\System32\win32u.dll
0x00007fffca1c0000 - 0x00007fffca452000 	C:\WINDOWS\WinSxS\amd64_microsoft.windows.common-controls_6595b64144ccf1df_6.0.22621.4541_none_2710d1c57384c085\COMCTL32.dll
0x00007fffd5690000 - 0x00007fffd56b9000 	C:\WINDOWS\System32\GDI32.dll
0x00007fffd4b80000 - 0x00007fffd4c9b000 	C:\WINDOWS\System32\gdi32full.dll
0x00007fffd5570000 - 0x00007fffd5617000 	C:\WINDOWS\System32\msvcrt.dll
0x00007fffd4ca0000 - 0x00007fffd4d3a000 	C:\WINDOWS\System32\msvcp_win.dll
0x00007fffd69e0000 - 0x00007fffd6a11000 	C:\WINDOWS\System32\IMM32.DLL
0x00007fffcd5e0000 - 0x00007fffcd5ec000 	C:\Program Files\Android\Android Studio\jbr\bin\vcruntime140_1.dll
0x00007fff9e680000 - 0x00007fff9e70d000 	C:\Program Files\Android\Android Studio\jbr\bin\msvcp140.dll
0x00007fff82bb0000 - 0x00007fff83833000 	C:\Program Files\Android\Android Studio\jbr\bin\server\jvm.dll
0x00007fffd6850000 - 0x00007fffd6902000 	C:\WINDOWS\System32\ADVAPI32.dll
0x00007fffd7110000 - 0x00007fffd71b7000 	C:\WINDOWS\System32\sechost.dll
0x00007fffd4d40000 - 0x00007fffd4d68000 	C:\WINDOWS\System32\bcrypt.dll
0x00007fffd7370000 - 0x00007fffd7484000 	C:\WINDOWS\System32\RPCRT4.dll
0x00007fffd3610000 - 0x00007fffd365d000 	C:\WINDOWS\SYSTEM32\POWRPROF.dll
0x00007fffb8c20000 - 0x00007fffb8c29000 	C:\WINDOWS\SYSTEM32\WSOCK32.dll
0x00007fffcd1e0000 - 0x00007fffcd214000 	C:\WINDOWS\SYSTEM32\WINMM.dll
0x00007fffd6a20000 - 0x00007fffd6a91000 	C:\WINDOWS\System32\WS2_32.dll
0x00007fffcad60000 - 0x00007fffcad6a000 	C:\WINDOWS\SYSTEM32\VERSION.dll
0x00007fffd35f0000 - 0x00007fffd3603000 	C:\WINDOWS\SYSTEM32\UMPDC.dll
0x00007fffd38b0000 - 0x00007fffd38c8000 	C:\WINDOWS\SYSTEM32\kernel.appcore.dll
0x00007fffcd600000 - 0x00007fffcd60a000 	C:\Program Files\Android\Android Studio\jbr\bin\jimage.dll
0x00007fffd2090000 - 0x00007fffd22c2000 	C:\WINDOWS\SYSTEM32\DBGHELP.DLL
0x00007fffd51e0000 - 0x00007fffd556f000 	C:\WINDOWS\System32\combase.dll
0x00007fffd56e0000 - 0x00007fffd57b7000 	C:\WINDOWS\System32\OLEAUT32.dll
0x00007fffc5810000 - 0x00007fffc5842000 	C:\WINDOWS\SYSTEM32\dbgcore.DLL
0x00007fffd4870000 - 0x00007fffd48eb000 	C:\WINDOWS\System32\bcryptPrimitives.dll
0x00007fffbada0000 - 0x00007fffbadae000 	C:\Program Files\Android\Android Studio\jbr\bin\instrument.dll
0x00007fffa6c30000 - 0x00007fffa6c55000 	C:\Program Files\Android\Android Studio\jbr\bin\java.dll
0x00007fffc4ea0000 - 0x00007fffc4eb8000 	C:\Program Files\Android\Android Studio\jbr\bin\zip.dll
0x00007fffd5c40000 - 0x00007fffd64b8000 	C:\WINDOWS\System32\SHELL32.dll
0x00007fffd26b0000 - 0x00007fffd2fb8000 	C:\WINDOWS\SYSTEM32\windows.storage.dll
0x00007fffd2570000 - 0x00007fffd26af000 	C:\WINDOWS\SYSTEM32\wintypes.dll
0x00007fffd6c50000 - 0x00007fffd6d4a000 	C:\WINDOWS\System32\SHCORE.dll
0x00007fffd6f10000 - 0x00007fffd6f6e000 	C:\WINDOWS\System32\shlwapi.dll
0x00007fffd46e0000 - 0x00007fffd470b000 	C:\WINDOWS\SYSTEM32\profapi.dll
0x00007fffc4d20000 - 0x00007fffc4d39000 	C:\Program Files\Android\Android Studio\jbr\bin\net.dll
0x00007fffce710000 - 0x00007fffce846000 	C:\WINDOWS\SYSTEM32\WINHTTP.dll
0x00007fffd3d40000 - 0x00007fffd3da9000 	C:\WINDOWS\system32\mswsock.dll
0x00007fffba340000 - 0x00007fffba356000 	C:\Program Files\Android\Android Studio\jbr\bin\nio.dll
0x00007fffc5220000 - 0x00007fffc5230000 	C:\Program Files\Android\Android Studio\jbr\bin\verify.dll
0x00007fff9e270000 - 0x00007fff9e297000 	C:\Users\nvhoa\.gradle\native\c067742578af261105cb4f569cf0c3c89f3d7b1fecec35dd04571415982c5e48\windows-amd64\native-platform.dll
0x00007fff84d80000 - 0x00007fff84ec4000 	C:\Users\nvhoa\.gradle\native\38dada09dfb8b06ba9b0570ebf7e218e3eb74d4ef43ca46872605cf95ebc2f47\windows-amd64\native-platform-file-events.dll
0x00007fffcd290000 - 0x00007fffcd299000 	C:\Program Files\Android\Android Studio\jbr\bin\management.dll
0x00007fffc9fe0000 - 0x00007fffc9feb000 	C:\Program Files\Android\Android Studio\jbr\bin\management_ext.dll
0x00007fffd56d0000 - 0x00007fffd56d8000 	C:\WINDOWS\System32\PSAPI.DLL
0x00007fffd3f90000 - 0x00007fffd3fab000 	C:\WINDOWS\SYSTEM32\CRYPTSP.dll
0x00007fffd3810000 - 0x00007fffd3845000 	C:\WINDOWS\system32\rsaenh.dll
0x00007fffd3e30000 - 0x00007fffd3e58000 	C:\WINDOWS\SYSTEM32\USERENV.dll
0x00007fffd3fb0000 - 0x00007fffd3fbc000 	C:\WINDOWS\SYSTEM32\CRYPTBASE.dll
0x00007fffd3290000 - 0x00007fffd32bd000 	C:\WINDOWS\SYSTEM32\IPHLPAPI.DLL
0x00007fffd6540000 - 0x00007fffd6549000 	C:\WINDOWS\System32\NSI.dll
0x00007fffcd720000 - 0x00007fffcd739000 	C:\WINDOWS\SYSTEM32\dhcpcsvc6.DLL
0x00007fffcd6b0000 - 0x00007fffcd6cf000 	C:\WINDOWS\SYSTEM32\dhcpcsvc.DLL
0x00007fffd32c0000 - 0x00007fffd33c2000 	C:\WINDOWS\SYSTEM32\DNSAPI.dll
0x00007fffcd400000 - 0x00007fffcd409000 	C:\Program Files\Android\Android Studio\jbr\bin\extnet.dll
0x00007fffcd2a0000 - 0x00007fffcd2a8000 	C:\WINDOWS\system32\wshunix.dll

dbghelp: loaded successfully - version: 4.0.5 - missing functions: none
symbol engine: initialized successfully - sym options: 0x614 - pdb path: .;C:\Program Files\Android\Android Studio\jbr\bin;C:\WINDOWS\SYSTEM32;C:\WINDOWS\WinSxS\amd64_microsoft.windows.common-controls_6595b64144ccf1df_6.0.22621.4541_none_2710d1c57384c085;C:\Program Files\Android\Android Studio\jbr\bin\server;C:\Users\nvhoa\.gradle\native\c067742578af261105cb4f569cf0c3c89f3d7b1fecec35dd04571415982c5e48\windows-amd64;C:\Users\nvhoa\.gradle\native\38dada09dfb8b06ba9b0570ebf7e218e3eb74d4ef43ca46872605cf95ebc2f47\windows-amd64

VM Arguments:
jvm_args: --add-opens=java.base/java.util=ALL-UNNAMED --add-opens=java.base/java.lang=ALL-UNNAMED --add-opens=java.base/java.lang.invoke=ALL-UNNAMED --add-opens=java.prefs/java.util.prefs=ALL-UNNAMED --add-opens=java.base/java.nio.charset=ALL-UNNAMED --add-opens=java.base/java.net=ALL-UNNAMED --add-opens=java.base/java.util.concurrent.atomic=ALL-UNNAMED -Xmx2048m -Dfile.encoding=UTF-8 -Duser.country=US -Duser.language=en -Duser.variant -javaagent:C:\Users\nvhoa\.gradle\wrapper\dists\gradle-8.7-bin\bhs2wmbdwecv87pi65oeuq5iu\gradle-8.7\lib\agents\gradle-instrumentation-agent-8.7.jar 
java_command: org.gradle.launcher.daemon.bootstrap.GradleDaemon 8.7
java_class_path (initial): C:\Users\nvhoa\.gradle\wrapper\dists\gradle-8.7-bin\bhs2wmbdwecv87pi65oeuq5iu\gradle-8.7\lib\gradle-launcher-8.7.jar
Launcher Type: SUN_STANDARD

[Global flags]
     intx CICompilerCount                          = 4                                         {product} {ergonomic}
     uint ConcGCThreads                            = 3                                         {product} {ergonomic}
     uint G1ConcRefinementThreads                  = 10                                        {product} {ergonomic}
   size_t G1HeapRegionSize                         = 1048576                                   {product} {ergonomic}
    uintx GCDrainStackTargetSize                   = 64                                        {product} {ergonomic}
   size_t InitialHeapSize                          = 130023424                                 {product} {ergonomic}
   size_t MarkStackSize                            = 4194304                                   {product} {ergonomic}
   size_t MaxHeapSize                              = 2147483648                                {product} {command line}
   size_t MaxNewSize                               = 1287651328                                {product} {ergonomic}
   size_t MinHeapDeltaBytes                        = 1048576                                   {product} {ergonomic}
   size_t MinHeapSize                              = 8388608                                   {product} {ergonomic}
    uintx NonNMethodCodeHeapSize                   = 5839372                                {pd product} {ergonomic}
    uintx NonProfiledCodeHeapSize                  = 122909434                              {pd product} {ergonomic}
    uintx ProfiledCodeHeapSize                     = 122909434                              {pd product} {ergonomic}
    uintx ReservedCodeCacheSize                    = 251658240                              {pd product} {ergonomic}
     bool SegmentedCodeCache                       = true                                      {product} {ergonomic}
   size_t SoftMaxHeapSize                          = 2147483648                             {manageable} {ergonomic}
     bool UseCompressedClassPointers               = true                           {product lp64_product} {ergonomic}
     bool UseCompressedOops                        = true                           {product lp64_product} {ergonomic}
     bool UseG1GC                                  = true                                      {product} {ergonomic}
     bool UseLargePagesIndividualAllocation        = false                                  {pd product} {ergonomic}

Logging:
Log output configuration:
 #0: stdout all=warning uptime,level,tags
 #1: stderr all=off uptime,level,tags

Environment Variables:
PATH=C:\Program Files\Common Files\Oracle\Java\javapath;C:\Windows\system32;C:\Windows;C:\Windows\System32\Wbem;C:\Windows\System32\WindowsPowerShell\v1.0\;C:\Windows\System32\OpenSSH\;C:\Program Files (x86)\NVIDIA Corporation\PhysX\Common;C:\WINDOWS\system32;C:\WINDOWS;C:\WINDOWS\System32\Wbem;C:\WINDOWS\System32\WindowsPowerShell\v1.0\;C:\WINDOWS\System32\OpenSSH\;C:\Program Files\NVIDIA Corporation\NVIDIA NvDLISR;C:\WINDOWS\system32;C:\WINDOWS;C:\WINDOWS\System32\Wbem;C:\WINDOWS\System32\WindowsPowerShell\v1.0\;C:\WINDOWS\System32\OpenSSH\;C:\Program Files\dotnet\;C:\Program Files (x86)\mingw-w64\i686-8.1.0-posix-dwarf-rt_v6-rev0;C:\Program Files\Java\jdk-21\bin;D:\Git\cmd;C:\Program Files\Azure Data Studio\bin;C:\Program Files\MongoDB\Server\6.0\bin;C:\Program Files\MongoDB\Tools\100\bin;C:\Program Files\Microsoft SQL Server\Client SDK\ODBC\170\Tools\Binn\;C:\Program Files (x86)\Microsoft SQL Server\150\Tools\Binn\;C:\Program Files\Microsoft SQL Server\150\Tools\Binn\;C:\Program Files\Microsoft SQL Server\150\DTS\Binn\;C:\Program Files (x86)\Microsoft SQL Server\160\Tools\Binn\;C:\Program Files\Microsoft SQL Server\160\Tools\Binn\;C:\Program Files\Microsoft SQL Server\160\DTS\Binn\;C:\Program Files (x86)\Microsoft SQL Server\160\DTS\Binn\;C:\Users\nvhoa\AppData\Local\Microsoft\WindowsApps;C:\Users\nvhoa\AppData\Local\Programs\Microsoft VS Code\bin;C:\Users\nvhoa\OneDrive\My tnh\IntelliJ IDEA 2023.2\bin;;C:\Users\nvhoa\OneDrive\My tnh\IntelliJ IDEA Community Edition 2023.2\bin;;C:\Program Files\Azure Data Studio\bin;C:\Users\nvhoa\AppData\Local\Programs\mongosh\;C:\Users\nvhoa\AppData\Local\GitHubDesktop\bin;C:\Users\nvhoa\.dotnet\tools
USERNAME=nvhoang
OS=Windows_NT
PROCESSOR_IDENTIFIER=Intel64 Family 6 Model 141 Stepping 1, GenuineIntel
TMP=C:\Users\nvhoa\AppData\Local\Temp
TEMP=C:\Users\nvhoa\AppData\Local\Temp



Periodic native trim disabled

JNI global refs:
JNI global refs: 27, weak refs: 6

JNI global refs memory usage: 843, weak refs: 841

Process memory usage:
Resident Set Size: 252516K (3% of 8103892K total physical memory with 195816K free physical memory)

OOME stack traces (most recent first):
Classloader memory used:
Loader org.gradle.internal.classloader.VisitableURLClassLoader                         : 3300K
Loader bootstrap                                                                       : 2393K
Loader org.gradle.initialization.MixInLegacyTypesClassLoader                           : 898K
Loader jdk.internal.loader.ClassLoaders$PlatformClassLoader                            : 65520B
Loader jdk.internal.loader.ClassLoaders$AppClassLoader                                 : 28714B
Loader org.gradle.internal.classloader.VisitableURLClassLoader                         : 9346B
Loader jdk.internal.reflect.DelegatingClassLoader                                      : 9050B

Classes loaded by more than one classloader:
Class org.gradle.internal.installation.GradleInstallation                             : loaded 2 times (x 73B)
Class org.gradle.internal.classpath.ClassPath                                         : loaded 2 times (x 68B)
Class org.gradle.api.internal.classpath.DefaultModuleRegistry                         : loaded 2 times (x 84B)
Class Settings_gradle$1$1                                                             : loaded 2 times (x 73B)
Class org.gradle.api.Action                                                           : loaded 2 times (x 68B)
Class org.gradle.api.internal.DefaultClassPathProvider                                : loaded 2 times (x 74B)
Class org.gradle.internal.installation.GradleInstallation$1                           : loaded 2 times (x 73B)
Class org.gradle.internal.classloader.FilteringClassLoader                            : loaded 2 times (x 103B)
Class org.gradle.internal.classpath.DefaultClassPath$ImmutableUniqueList$Builder      : loaded 2 times (x 73B)
Class org.gradle.internal.classloader.ClassLoaderVisitor                              : loaded 2 times (x 74B)
Class org.gradle.internal.service.DefaultServiceLocator                               : loaded 2 times (x 81B)
Class org.gradle.internal.service.UnknownServiceException                             : loaded 2 times (x 81B)
Class org.gradle.internal.classloader.DefaultClassLoaderFactory                       : loaded 2 times (x 80B)
Class org.gradle.internal.classloader.VisitableURLClassLoader$Spec                    : loaded 2 times (x 72B)
Class org.gradle.api.GradleException                                                  : loaded 2 times (x 80B)
Class org.gradle.api.internal.classpath.ModuleRegistry                                : loaded 2 times (x 68B)
Class org.gradle.api.internal.ClassPathProvider                                       : loaded 2 times (x 68B)
Class org.gradle.internal.classloader.ClasspathUtil$1                                 : loaded 2 times (x 74B)
Class org.gradle.internal.classloader.ClassLoaderFactory                              : loaded 2 times (x 68B)
Class org.gradle.api.internal.classpath.ManifestUtil                                  : loaded 2 times (x 69B)
Class org.gradle.api.specs.Spec                                                       : loaded 2 times (x 68B)
Class org.gradle.internal.IoActions                                                   : loaded 2 times (x 69B)
Class Settings_gradle$1$1$1                                                           : loaded 2 times (x 73B)
Class org.gradle.api.internal.classpath.EffectiveClassPath                            : loaded 2 times (x 88B)
Class org.gradle.internal.installation.CurrentGradleInstallation                      : loaded 2 times (x 71B)
Class org.gradle.internal.agents.InstrumentingClassLoader                             : loaded 2 times (x 68B)
Class org.gradle.internal.installation.CurrentGradleInstallationLocator               : loaded 2 times (x 69B)
Class org.gradle.api.internal.classpath.Module                                        : loaded 2 times (x 68B)
Class org.gradle.internal.service.CachingServiceLocator                               : loaded 2 times (x 80B)
Class org.gradle.internal.classpath.DefaultClassPath                                  : loaded 2 times (x 88B)
Class org.gradle.internal.classloader.SystemClassLoaderSpec                           : loaded 2 times (x 69B)
Class org.gradle.api.UncheckedIOException                                             : loaded 2 times (x 80B)
Class Program                                                                         : loaded 2 times (x 70B)
Class org.gradle.internal.classloader.ClasspathUtil                                   : loaded 2 times (x 69B)
Class org.gradle.api.internal.DefaultClassPathRegistry                                : loaded 2 times (x 74B)
Class org.gradle.api.internal.classpath.DefaultModuleRegistry$DefaultModule           : loaded 2 times (x 84B)
Class org.gradle.api.internal.classpath.UnknownModuleException                        : loaded 2 times (x 80B)
Class org.gradle.internal.service.ServiceLookupException                              : loaded 2 times (x 80B)
Class org.gradle.cache.GlobalCache                                                    : loaded 2 times (x 68B)
Class [Lorg.gradle.api.internal.ClassPathProvider;                                    : loaded 2 times (x 67B)
Class org.gradle.util.internal.GUtil                                                  : loaded 2 times (x 69B)
Class org.gradle.internal.classloader.ClassLoaderSpec                                 : loaded 2 times (x 69B)
Class org.gradle.internal.classloader.VisitableURLClassLoader                         : loaded 2 times (x 115B)
Class org.gradle.internal.Cast                                                        : loaded 2 times (x 69B)
Class org.gradle.api.internal.ClassPathRegistry                                       : loaded 2 times (x 68B)
Class org.gradle.internal.classloader.VisitableURLClassLoader$InstrumentingVisitableURLClassLoader: loaded 2 times (x 121B)
Class org.gradle.internal.classloader.ClassLoaderHierarchy                            : loaded 2 times (x 68B)
Class org.gradle.internal.InternalTransformer                                         : loaded 2 times (x 68B)
Class org.gradle.internal.service.ServiceLocator                                      : loaded 2 times (x 68B)
Class Settings_gradle$1                                                               : loaded 2 times (x 73B)
Class org.gradle.internal.classpath.DefaultClassPath$ImmutableUniqueList              : loaded 2 times (x 159B)
Class org.gradle.internal.classpath.TransformedClassPath                              : loaded 2 times (x 94B)
Class Settings_gradle                                                                 : loaded 2 times (x 126B)


---------------  S Y S T E M  ---------------

OS:
 Windows 11 , 64 bit Build 22621 (10.0.22621.4391)
OS uptime: 3 days 19:18 hours
Hyper-V role detected

CPU: total 12 (initial active 12) (6 cores per cpu, 2 threads per core) family 6 model 141 stepping 1 microcode 0x34, cx8, cmov, fxsr, ht, mmx, 3dnowpref, sse, sse2, sse3, ssse3, sse4.1, sse4.2, popcnt, lzcnt, tsc, tscinvbit, avx, avx2, aes, erms, clmul, bmi1, bmi2, adx, avx512f, avx512dq, avx512cd, avx512bw, avx512vl, sha, fma, vzeroupper, avx512_vpopcntdq, avx512_vpclmulqdq, avx512_vaes, avx512_vnni, clflush, clflushopt, clwb, avx512_vbmi2, avx512_vbmi, hv
Processor Information for all 12 processors :
  Max Mhz: 2688, Current Mhz: 2688, Mhz Limit: 2688

Memory: 4k page, system-wide physical 7913M (253M free)
TotalPageFile size 15081M (AvailPageFile size 101M)
current process WorkingSet (physical memory assigned to process): 246M, peak: 246M
current process commit charge ("private bytes"): 286M, peak: 289M

vm_info: OpenJDK 64-Bit Server VM (17.0.11+0--11852314) for windows-amd64 JRE (17.0.11+0--11852314), built on May 16 2024 21:29:20 by "androidbuild" with MS VC++ 16.10 / 16.11 (VS2019)

END.
