#
# There is insufficient memory for the Java Runtime Environment to continue.
# Native memory allocation (malloc) failed to allocate 1933904 bytes. Error detail: Chunk::new
# Possible reasons:
#   The system is out of physical RAM or swap space
#   This process is running with CompressedOops enabled, and the Java Heap may be blocking the growth of the native heap
# Possible solutions:
#   Reduce memory load on the system
#   Increase physical memory or swap space
#   Check if swap backing store is full
#   Decrease Java heap size (-Xmx/-Xms)
#   Decrease number of Java threads
#   Decrease Java thread stack sizes (-Xss)
#   Set larger code cache with -XX:ReservedCodeCacheSize=
#   JVM is running with Unscaled Compressed Oops mode in which the Java heap is
#     placed in the first 4GB address space. The Java Heap base address is the
#     maximum limit for the native heap growth. Please use -XX:HeapBaseMinAddress
#     to set the Java Heap base and to place the Java Heap above 4GB virtual address.
# This output file may be truncated or incomplete.
#
#  Out of Memory Error (arena.cpp:191), pid=8128, tid=2228
#
# JRE version: OpenJDK Runtime Environment (17.0.11) (build 17.0.11+0--11852314)
# Java VM: OpenJDK 64-Bit Server VM (17.0.11+0--11852314, mixed mode, tiered, compressed oops, compressed class ptrs, g1 gc, windows-amd64)
# No core dump will be written. Minidumps are not enabled by default on client versions of Windows
#

---------------  S U M M A R Y ------------

Command Line: --add-opens=java.base/java.util=ALL-UNNAMED --add-opens=java.base/java.lang=ALL-UNNAMED --add-opens=java.base/java.lang.invoke=ALL-UNNAMED --add-opens=java.prefs/java.util.prefs=ALL-UNNAMED --add-opens=java.base/java.nio.charset=ALL-UNNAMED --add-opens=java.base/java.net=ALL-UNNAMED --add-opens=java.base/java.util.concurrent.atomic=ALL-UNNAMED -Xmx2048m -Dfile.encoding=UTF-8 -Duser.country=US -Duser.language=en -Duser.variant -javaagent:C:\Users\nvhoa\.gradle\wrapper\dists\gradle-8.7-bin\bhs2wmbdwecv87pi65oeuq5iu\gradle-8.7\lib\agents\gradle-instrumentation-agent-8.7.jar org.gradle.launcher.daemon.bootstrap.GradleDaemon 8.7

Host: 11th Gen Intel(R) Core(TM) i5-11400H @ 2.70GHz, 12 cores, 7G,  Windows 11 , 64 bit Build 22621 (10.0.22621.4391)
Time: Tue Dec  3 10:14:36 2024 SE Asia Standard Time elapsed time: 2.332833 seconds (0d 0h 0m 2s)

---------------  T H R E A D  ---------------

Current thread (0x000001ab9c048810):  JavaThread "C2 CompilerThread1" daemon [_thread_in_native, id=2228, stack(0x0000000216d00000,0x0000000216e00000)]


Current CompileTask:
C2:   2333 2320       4       java.net.URLClassLoader$1::run (5 bytes)

Stack: [0x0000000216d00000,0x0000000216e00000]
Native frames: (J=compiled Java code, j=interpreted, Vv=VM code, C=native code)
V  [jvm.dll+0x687bb9]
V  [jvm.dll+0x84142a]
V  [jvm.dll+0x8430ae]
V  [jvm.dll+0x843713]
V  [jvm.dll+0x24a35f]
V  [jvm.dll+0xac544]
V  [jvm.dll+0xacb8c]
V  [jvm.dll+0x369c37]
V  [jvm.dll+0x33416a]
V  [jvm.dll+0x33360a]
V  [jvm.dll+0x21bed1]
V  [jvm.dll+0x21b311]
V  [jvm.dll+0x1a63ed]
V  [jvm.dll+0x22b1ee]
V  [jvm.dll+0x229375]
V  [jvm.dll+0x7f5647]
V  [jvm.dll+0x7efa4a]
V  [jvm.dll+0x686a35]
C  [ucrtbase.dll+0x29333]
C  [KERNEL32.DLL+0x1259d]
C  [ntdll.dll+0x5af38]


---------------  P R O C E S S  ---------------

Threads class SMR info:
_java_thread_list=0x000001ab9e32eac0, length=26, elements={
0x000001abfb1b3e30, 0x000001ab9758eb40, 0x000001ab9758f890, 0x000001ab975c0450,
0x000001ab975c1010, 0x000001ab975c3ae0, 0x000001ab975e3420, 0x000001ab975e41c0,
0x000001ab975e4c70, 0x000001ab975e5670, 0x000001ab96ea64a0, 0x000001ab97887440,
0x000001ab9c048810, 0x000001ab9dfda2d0, 0x000001ab9dc93e80, 0x000001ab9e79e880,
0x000001ab9d8000b0, 0x000001ab9d60d1c0, 0x000001ab9cef0bd0, 0x000001ab9e3a2860,
0x000001ab9de9e030, 0x000001ab9dbcfcd0, 0x000001ab9dbd0c00, 0x000001ab9dbd06f0,
0x000001ab9dbcf7c0, 0x000001ab9dbd1b30
}

Java Threads: ( => current thread )
  0x000001abfb1b3e30 JavaThread "main" [_thread_blocked, id=6600, stack(0x0000000215700000,0x0000000215800000)]
  0x000001ab9758eb40 JavaThread "Reference Handler" daemon [_thread_blocked, id=4408, stack(0x0000000215e00000,0x0000000215f00000)]
  0x000001ab9758f890 JavaThread "Finalizer" daemon [_thread_blocked, id=7400, stack(0x0000000215f00000,0x0000000216000000)]
  0x000001ab975c0450 JavaThread "Signal Dispatcher" daemon [_thread_blocked, id=8344, stack(0x0000000216000000,0x0000000216100000)]
  0x000001ab975c1010 JavaThread "Attach Listener" daemon [_thread_blocked, id=19124, stack(0x0000000216100000,0x0000000216200000)]
  0x000001ab975c3ae0 JavaThread "Service Thread" daemon [_thread_blocked, id=16808, stack(0x0000000216200000,0x0000000216300000)]
  0x000001ab975e3420 JavaThread "Monitor Deflation Thread" daemon [_thread_blocked, id=1772, stack(0x0000000216300000,0x0000000216400000)]
  0x000001ab975e41c0 JavaThread "C2 CompilerThread0" daemon [_thread_blocked, id=22328, stack(0x0000000216400000,0x0000000216500000)]
  0x000001ab975e4c70 JavaThread "C1 CompilerThread0" daemon [_thread_blocked, id=1680, stack(0x0000000216500000,0x0000000216600000)]
  0x000001ab975e5670 JavaThread "Sweeper thread" daemon [_thread_blocked, id=14048, stack(0x0000000216600000,0x0000000216700000)]
  0x000001ab96ea64a0 JavaThread "Common-Cleaner" daemon [_thread_blocked, id=21860, stack(0x0000000216700000,0x0000000216800000)]
  0x000001ab97887440 JavaThread "Notification Thread" daemon [_thread_blocked, id=21868, stack(0x0000000216800000,0x0000000216900000)]
=>0x000001ab9c048810 JavaThread "C2 CompilerThread1" daemon [_thread_in_native, id=2228, stack(0x0000000216d00000,0x0000000216e00000)]
  0x000001ab9dfda2d0 JavaThread "Daemon health stats" [_thread_blocked, id=23896, stack(0x0000000216f00000,0x0000000217000000)]
  0x000001ab9dc93e80 JavaThread "Incoming local TCP Connector on port 62008" [_thread_in_native, id=1608, stack(0x0000000217000000,0x0000000217100000)]
  0x000001ab9e79e880 JavaThread "Daemon periodic checks" [_thread_blocked, id=2184, stack(0x0000000217100000,0x0000000217200000)]
  0x000001ab9d8000b0 JavaThread "Daemon" [_thread_blocked, id=12780, stack(0x0000000217200000,0x0000000217300000)]
  0x000001ab9d60d1c0 JavaThread "Handler for socket connection from /127.0.0.1:62008 to /127.0.0.1:62009" [_thread_in_native, id=6012, stack(0x0000000217300000,0x0000000217400000)]
  0x000001ab9cef0bd0 JavaThread "Cancel handler" [_thread_blocked, id=24412, stack(0x0000000217400000,0x0000000217500000)]
  0x000001ab9e3a2860 JavaThread "Daemon worker" [_thread_in_Java, id=20880, stack(0x0000000217500000,0x0000000217600000)]
  0x000001ab9de9e030 JavaThread "Asynchronous log dispatcher for DefaultDaemonConnection: socket connection from /127.0.0.1:62008 to /127.0.0.1:62009" [_thread_blocked, id=13452, stack(0x0000000217600000,0x0000000217700000)]
  0x000001ab9dbcfcd0 JavaThread "Stdin handler" [_thread_blocked, id=4120, stack(0x0000000217700000,0x0000000217800000)]
  0x000001ab9dbd0c00 JavaThread "Daemon client event forwarder" [_thread_blocked, id=13844, stack(0x0000000217800000,0x0000000217900000)]
  0x000001ab9dbd06f0 JavaThread "Cache worker for journal cache (C:\Users\nvhoa\.gradle\caches\journal-1)" [_thread_blocked, id=84, stack(0x0000000218000000,0x0000000218100000)]
  0x000001ab9dbcf7c0 JavaThread "File lock request listener" [_thread_in_native, id=10108, stack(0x0000000218100000,0x0000000218200000)]
  0x000001ab9dbd1b30 JavaThread "Cache worker for file hash cache (C:\Users\nvhoa\.gradle\caches\8.7\fileHashes)" [_thread_blocked, id=21568, stack(0x0000000218200000,0x0000000218300000)]

Other Threads:
  0x000001ab975895f0 VMThread "VM Thread" [stack: 0x0000000215d00000,0x0000000215e00000] [id=19320]
  0x000001ab97825440 WatcherThread [stack: 0x0000000216900000,0x0000000216a00000] [id=6440]
  0x000001abfb210040 GCTaskThread "GC Thread#0" [stack: 0x0000000215800000,0x0000000215900000] [id=18844]
  0x000001ab9c8ba1e0 GCTaskThread "GC Thread#1" [stack: 0x0000000216a00000,0x0000000216b00000] [id=19356]
  0x000001ab9c542980 GCTaskThread "GC Thread#2" [stack: 0x0000000216b00000,0x0000000216c00000] [id=24016]
  0x000001ab9c47cc40 GCTaskThread "GC Thread#3" [stack: 0x0000000216c00000,0x0000000216d00000] [id=8540]
  0x000001ab9cf4bec0 GCTaskThread "GC Thread#4" [stack: 0x0000000216e00000,0x0000000216f00000] [id=19984]
  0x000001ab9daaaf70 GCTaskThread "GC Thread#5" [stack: 0x0000000217900000,0x0000000217a00000] [id=22992]
  0x000001ab9daab7b0 GCTaskThread "GC Thread#6" [stack: 0x0000000217a00000,0x0000000217b00000] [id=24496]
  0x000001ab9daaba70 GCTaskThread "GC Thread#7" [stack: 0x0000000217b00000,0x0000000217c00000] [id=24152]
  0x000001ab9daabff0 GCTaskThread "GC Thread#8" [stack: 0x0000000217c00000,0x0000000217d00000] [id=14868]
  0x000001ab9daab230 GCTaskThread "GC Thread#9" [stack: 0x0000000217d00000,0x0000000217e00000] [id=23984]
  0x000001abfb0edfe0 ConcurrentGCThread "G1 Main Marker" [stack: 0x0000000215900000,0x0000000215a00000] [id=14432]
  0x000001abfb0eea00 ConcurrentGCThread "G1 Conc#0" [stack: 0x0000000215a00000,0x0000000215b00000] [id=10464]
  0x000001ab9daaacb0 ConcurrentGCThread "G1 Conc#1" [stack: 0x0000000217e00000,0x0000000217f00000] [id=6280]
  0x000001ab9daac570 ConcurrentGCThread "G1 Conc#2" [stack: 0x0000000217f00000,0x0000000218000000] [id=25380]
  0x000001ab96d71dc0 ConcurrentGCThread "G1 Refine#0" [stack: 0x0000000215b00000,0x0000000215c00000] [id=19104]
  0x000001ab96d72700 ConcurrentGCThread "G1 Service" [stack: 0x0000000215c00000,0x0000000215d00000] [id=11928]

Threads with active compile tasks:
C2 CompilerThread1     2356 2320       4       java.net.URLClassLoader$1::run (5 bytes)

VM state: not at safepoint (normal execution)

VM Mutex/Monitor currently owned by a thread: None

Heap address: 0x0000000080000000, size: 2048 MB, Compressed Oops mode: 32-bit

CDS archive(s) not mapped
Compressed class space mapped at: 0x0000000100000000-0x0000000140000000, reserved size: 1073741824
Narrow klass base: 0x0000000000000000, Narrow klass shift: 3, Narrow klass range: 0x140000000

GC Precious Log:
 CPUs: 12 total, 12 available
 Memory: 7913M
 Large Page Support: Disabled
 NUMA Support: Disabled
 Compressed Oops: Enabled (32-bit)
 Heap Region Size: 1M
 Heap Min Capacity: 8M
 Heap Initial Capacity: 124M
 Heap Max Capacity: 2G
 Pre-touch: Disabled
 Parallel Workers: 10
 Concurrent Workers: 3
 Concurrent Refinement Workers: 10
 Periodic GC: Disabled

Heap:
 garbage-first heap   total 68608K, used 24545K [0x0000000080000000, 0x0000000100000000)
  region size 1024K, 6 young (6144K), 2 survivors (2048K)
 Metaspace       used 26784K, committed 27008K, reserved 1114112K
  class space    used 3433K, committed 3520K, reserved 1048576K

Heap Regions: E=young(eden), S=young(survivor), O=old, HS=humongous(starts), HC=humongous(continues), CS=collection set, F=free, OA=open archive, CA=closed archive, TAMS=top-at-mark-start (previous, next)
|   0|0x0000000080000000, 0x0000000080100000, 0x0000000080100000|100%|HS|  |TAMS 0x0000000080100000, 0x0000000080000000| Complete 
|   1|0x0000000080100000, 0x0000000080200000, 0x0000000080200000|100%|HC|  |TAMS 0x0000000080200000, 0x0000000080100000| Complete 
|   2|0x0000000080200000, 0x0000000080300000, 0x0000000080300000|100%|HC|  |TAMS 0x0000000080300000, 0x0000000080200000| Complete 
|   3|0x0000000080300000, 0x0000000080400000, 0x0000000080400000|100%|HC|  |TAMS 0x0000000080400000, 0x0000000080300000| Complete 
|   4|0x0000000080400000, 0x0000000080500000, 0x0000000080500000|100%| O|  |TAMS 0x0000000080500000, 0x0000000080400000| Untracked 
|   5|0x0000000080500000, 0x0000000080600000, 0x0000000080600000|100%| O|  |TAMS 0x0000000080600000, 0x0000000080500000| Untracked 
|   6|0x0000000080600000, 0x0000000080700000, 0x0000000080700000|100%| O|  |TAMS 0x0000000080700000, 0x0000000080600000| Untracked 
|   7|0x0000000080700000, 0x0000000080800000, 0x0000000080800000|100%| O|  |TAMS 0x0000000080800000, 0x0000000080700000| Untracked 
|   8|0x0000000080800000, 0x0000000080900000, 0x0000000080900000|100%| O|  |TAMS 0x0000000080900000, 0x0000000080800000| Untracked 
|   9|0x0000000080900000, 0x0000000080a00000, 0x0000000080a00000|100%| O|  |TAMS 0x0000000080a00000, 0x0000000080900000| Untracked 
|  10|0x0000000080a00000, 0x0000000080aed800, 0x0000000080b00000| 92%| O|  |TAMS 0x0000000080a65200, 0x0000000080a00000| Untracked 
|  11|0x0000000080b00000, 0x0000000080c00000, 0x0000000080c00000|100%| O|  |TAMS 0x0000000080b00000, 0x0000000080b00000| Untracked 
|  12|0x0000000080c00000, 0x0000000080d00000, 0x0000000080d00000|100%| O|  |TAMS 0x0000000080c00000, 0x0000000080c00000| Untracked 
|  13|0x0000000080d00000, 0x0000000080e00000, 0x0000000080e00000|100%| O|  |TAMS 0x0000000080d00000, 0x0000000080d00000| Untracked 
|  14|0x0000000080e00000, 0x0000000080f00000, 0x0000000080f00000|100%| O|  |TAMS 0x0000000080e00000, 0x0000000080e00000| Untracked 
|  15|0x0000000080f00000, 0x0000000081000000, 0x0000000081000000|100%| O|  |TAMS 0x0000000080f00000, 0x0000000080f00000| Untracked 
|  16|0x0000000081000000, 0x0000000081100000, 0x0000000081100000|100%| O|  |TAMS 0x0000000081000000, 0x0000000081000000| Untracked 
|  17|0x0000000081100000, 0x0000000081200000, 0x0000000081200000|100%| O|  |TAMS 0x0000000081100000, 0x0000000081100000| Untracked 
|  18|0x0000000081200000, 0x0000000081300000, 0x0000000081300000|100%| O|  |TAMS 0x0000000081200000, 0x0000000081200000| Untracked 
|  19|0x0000000081300000, 0x0000000081344400, 0x0000000081400000| 26%| O|  |TAMS 0x0000000081300000, 0x0000000081300000| Untracked 
|  20|0x0000000081400000, 0x0000000081400000, 0x0000000081500000|  0%| F|  |TAMS 0x0000000081400000, 0x0000000081400000| Untracked 
|  21|0x0000000081500000, 0x0000000081500000, 0x0000000081600000|  0%| F|  |TAMS 0x0000000081500000, 0x0000000081500000| Untracked 
|  22|0x0000000081600000, 0x0000000081600000, 0x0000000081700000|  0%| F|  |TAMS 0x0000000081600000, 0x0000000081600000| Untracked 
|  23|0x0000000081700000, 0x0000000081700000, 0x0000000081800000|  0%| F|  |TAMS 0x0000000081700000, 0x0000000081700000| Untracked 
|  24|0x0000000081800000, 0x0000000081800000, 0x0000000081900000|  0%| F|  |TAMS 0x0000000081800000, 0x0000000081800000| Untracked 
|  25|0x0000000081900000, 0x00000000819c6920, 0x0000000081a00000| 77%| S|CS|TAMS 0x0000000081900000, 0x0000000081900000| Complete 
|  26|0x0000000081a00000, 0x0000000081b00000, 0x0000000081b00000|100%| S|CS|TAMS 0x0000000081a00000, 0x0000000081a00000| Complete 
|  27|0x0000000081b00000, 0x0000000081b00000, 0x0000000081c00000|  0%| F|  |TAMS 0x0000000081b00000, 0x0000000081b00000| Untracked 
|  28|0x0000000081c00000, 0x0000000081c00000, 0x0000000081d00000|  0%| F|  |TAMS 0x0000000081c00000, 0x0000000081c00000| Untracked 
|  29|0x0000000081d00000, 0x0000000081d00000, 0x0000000081e00000|  0%| F|  |TAMS 0x0000000081d00000, 0x0000000081d00000| Untracked 
|  30|0x0000000081e00000, 0x0000000081e00000, 0x0000000081f00000|  0%| F|  |TAMS 0x0000000081e00000, 0x0000000081e00000| Untracked 
|  31|0x0000000081f00000, 0x0000000081f00000, 0x0000000082000000|  0%| F|  |TAMS 0x0000000081f00000, 0x0000000081f00000| Untracked 
|  32|0x0000000082000000, 0x0000000082000000, 0x0000000082100000|  0%| F|  |TAMS 0x0000000082000000, 0x0000000082000000| Untracked 
|  33|0x0000000082100000, 0x0000000082100000, 0x0000000082200000|  0%| F|  |TAMS 0x0000000082100000, 0x0000000082100000| Untracked 
|  34|0x0000000082200000, 0x0000000082200000, 0x0000000082300000|  0%| F|  |TAMS 0x0000000082200000, 0x0000000082200000| Untracked 
|  35|0x0000000082300000, 0x0000000082300000, 0x0000000082400000|  0%| F|  |TAMS 0x0000000082300000, 0x0000000082300000| Untracked 
|  36|0x0000000082400000, 0x0000000082400000, 0x0000000082500000|  0%| F|  |TAMS 0x0000000082400000, 0x0000000082400000| Untracked 
|  37|0x0000000082500000, 0x0000000082500000, 0x0000000082600000|  0%| F|  |TAMS 0x0000000082500000, 0x0000000082500000| Untracked 
|  38|0x0000000082600000, 0x0000000082600000, 0x0000000082700000|  0%| F|  |TAMS 0x0000000082600000, 0x0000000082600000| Untracked 
|  39|0x0000000082700000, 0x0000000082700000, 0x0000000082800000|  0%| F|  |TAMS 0x0000000082700000, 0x0000000082700000| Untracked 
|  40|0x0000000082800000, 0x0000000082800000, 0x0000000082900000|  0%| F|  |TAMS 0x0000000082800000, 0x0000000082800000| Untracked 
|  41|0x0000000082900000, 0x0000000082900000, 0x0000000082a00000|  0%| F|  |TAMS 0x0000000082900000, 0x0000000082900000| Untracked 
|  42|0x0000000082a00000, 0x0000000082a00000, 0x0000000082b00000|  0%| F|  |TAMS 0x0000000082a00000, 0x0000000082a00000| Untracked 
|  43|0x0000000082b00000, 0x0000000082b00000, 0x0000000082c00000|  0%| F|  |TAMS 0x0000000082b00000, 0x0000000082b00000| Untracked 
|  44|0x0000000082c00000, 0x0000000082c00000, 0x0000000082d00000|  0%| F|  |TAMS 0x0000000082c00000, 0x0000000082c00000| Untracked 
|  45|0x0000000082d00000, 0x0000000082d00000, 0x0000000082e00000|  0%| F|  |TAMS 0x0000000082d00000, 0x0000000082d00000| Untracked 
|  46|0x0000000082e00000, 0x0000000082e00000, 0x0000000082f00000|  0%| F|  |TAMS 0x0000000082e00000, 0x0000000082e00000| Untracked 
|  47|0x0000000082f00000, 0x0000000082f00000, 0x0000000083000000|  0%| F|  |TAMS 0x0000000082f00000, 0x0000000082f00000| Untracked 
|  48|0x0000000083000000, 0x0000000083000000, 0x0000000083100000|  0%| F|  |TAMS 0x0000000083000000, 0x0000000083000000| Untracked 
|  49|0x0000000083100000, 0x0000000083100000, 0x0000000083200000|  0%| F|  |TAMS 0x0000000083100000, 0x0000000083100000| Untracked 
|  50|0x0000000083200000, 0x0000000083200000, 0x0000000083300000|  0%| F|  |TAMS 0x0000000083200000, 0x0000000083200000| Untracked 
|  51|0x0000000083300000, 0x0000000083300000, 0x0000000083400000|  0%| F|  |TAMS 0x0000000083300000, 0x0000000083300000| Untracked 
|  52|0x0000000083400000, 0x0000000083400000, 0x0000000083500000|  0%| F|  |TAMS 0x0000000083400000, 0x0000000083400000| Untracked 
|  53|0x0000000083500000, 0x0000000083500000, 0x0000000083600000|  0%| F|  |TAMS 0x0000000083500000, 0x0000000083500000| Untracked 
|  54|0x0000000083600000, 0x0000000083600000, 0x0000000083700000|  0%| F|  |TAMS 0x0000000083600000, 0x0000000083600000| Untracked 
|  55|0x0000000083700000, 0x0000000083700000, 0x0000000083800000|  0%| F|  |TAMS 0x0000000083700000, 0x0000000083700000| Untracked 
|  56|0x0000000083800000, 0x0000000083800000, 0x0000000083900000|  0%| F|  |TAMS 0x0000000083800000, 0x0000000083800000| Untracked 
|  57|0x0000000083900000, 0x0000000083900000, 0x0000000083a00000|  0%| F|  |TAMS 0x0000000083900000, 0x0000000083900000| Untracked 
|  65|0x0000000084100000, 0x0000000084100000, 0x0000000084200000|  0%| F|  |TAMS 0x0000000084100000, 0x0000000084100000| Untracked 
|  66|0x0000000084200000, 0x0000000084200000, 0x0000000084300000|  0%| F|  |TAMS 0x0000000084200000, 0x0000000084200000| Untracked 
|  67|0x0000000084300000, 0x0000000084300000, 0x0000000084400000|  0%| F|  |TAMS 0x0000000084300000, 0x0000000084300000| Untracked 
|  68|0x0000000084400000, 0x0000000084400000, 0x0000000084500000|  0%| F|  |TAMS 0x0000000084400000, 0x0000000084400000| Untracked 
|  69|0x0000000084500000, 0x0000000084500000, 0x0000000084600000|  0%| F|  |TAMS 0x0000000084500000, 0x0000000084500000| Untracked 
|  70|0x0000000084600000, 0x0000000084646510, 0x0000000084700000| 27%| E|  |TAMS 0x0000000084600000, 0x0000000084600000| Complete 
|  71|0x0000000084700000, 0x0000000084800000, 0x0000000084800000|100%| E|CS|TAMS 0x0000000084700000, 0x0000000084700000| Complete 
|  72|0x0000000084800000, 0x0000000084900000, 0x0000000084900000|100%| E|CS|TAMS 0x0000000084800000, 0x0000000084800000| Complete 
| 123|0x0000000087b00000, 0x0000000087c00000, 0x0000000087c00000|100%| E|CS|TAMS 0x0000000087b00000, 0x0000000087b00000| Complete 

Card table byte_map: [0x000001ab8ffa0000,0x000001ab903a0000] _byte_map_base: 0x000001ab8fba0000

Marking Bits (Prev, Next): (CMBitMap*) 0x000001abfb2106a0, (CMBitMap*) 0x000001abfb210660
 Prev Bits: [0x000001ab927a0000, 0x000001ab947a0000)
 Next Bits: [0x000001ab907a0000, 0x000001ab927a0000)

Polling page: 0x000001abfafc0000

Metaspace:

Usage:
  Non-class:     22.81 MB used.
      Class:      3.35 MB used.
       Both:     26.16 MB used.

Virtual space:
  Non-class space:       64.00 MB reserved,      22.94 MB ( 36%) committed,  1 nodes.
      Class space:        1.00 GB reserved,       3.44 MB ( <1%) committed,  1 nodes.
             Both:        1.06 GB reserved,      26.38 MB (  2%) committed. 

Chunk freelists:
   Non-Class:  9.02 MB
       Class:  12.50 MB
        Both:  21.52 MB

MaxMetaspaceSize: unlimited
CompressedClassSpaceSize: 1.00 GB
Initial GC threshold: 21.00 MB
Current GC threshold: 35.12 MB
CDS: off
MetaspaceReclaimPolicy: balanced
 - commit_granule_bytes: 65536.
 - commit_granule_words: 8192.
 - virtual_space_node_default_size: 8388608.
 - enlarge_chunks_in_place: 1.
 - new_chunks_are_fully_committed: 0.
 - uncommit_free_chunks: 1.
 - use_allocation_guard: 0.
 - handle_deallocations: 1.


Internal statistics:

num_allocs_failed_limit: 3.
num_arena_births: 208.
num_arena_deaths: 0.
num_vsnodes_births: 2.
num_vsnodes_deaths: 0.
num_space_committed: 422.
num_space_uncommitted: 0.
num_chunks_returned_to_freelist: 3.
num_chunks_taken_from_freelist: 816.
num_chunk_merges: 3.
num_chunk_splits: 535.
num_chunks_enlarged: 389.
num_inconsistent_stats: 0.

CodeHeap 'non-profiled nmethods': size=120000Kb used=1278Kb max_used=1278Kb free=118722Kb
 bounds [0x000001ab87ad0000, 0x000001ab87d40000, 0x000001ab8f000000]
CodeHeap 'profiled nmethods': size=120000Kb used=4769Kb max_used=4769Kb free=115230Kb
 bounds [0x000001ab80000000, 0x000001ab804b0000, 0x000001ab87530000]
CodeHeap 'non-nmethods': size=5760Kb used=1243Kb max_used=1295Kb free=4516Kb
 bounds [0x000001ab87530000, 0x000001ab877a0000, 0x000001ab87ad0000]
 total_blobs=2909 nmethods=2371 adapters=450
 compilation: enabled
              stopped_count=0, restarted_count=0
 full_count=0

Compilation events (20 events):
Event: 2.326 Thread 0x000001ab975e4c70 2359       3       jdk.internal.org.objectweb.asm.MethodWriter::putFrame (549 bytes)
Event: 2.327 Thread 0x000001ab975e4c70 nmethod 2359 0x000001ab80499810 code [0x000001ab80499c80, 0x000001ab8049b7b8]
Event: 2.328 Thread 0x000001ab975e4c70 2360       3       java.util.concurrent.locks.ReentrantLock::unlock (10 bytes)
Event: 2.328 Thread 0x000001ab975e41c0 2361       4       java.lang.invoke.VarForm::getMemberName (31 bytes)
Event: 2.328 Thread 0x000001ab975e4c70 nmethod 2360 0x000001ab8049c410 code [0x000001ab8049c5e0, 0x000001ab8049c8b8]
Event: 2.328 Thread 0x000001ab975e4c70 2362       3       org.gradle.internal.service.DefaultServiceRegistry::access$1600 (6 bytes)
Event: 2.328 Thread 0x000001ab975e4c70 nmethod 2362 0x000001ab8049ca10 code [0x000001ab8049cba0, 0x000001ab8049cca8]
Event: 2.328 Thread 0x000001ab975e4c70 2363       3       org.gradle.internal.service.DefaultServiceRegistry$ManagedObjectServiceProvider::requiredBy (20 bytes)
Event: 2.328 Thread 0x000001ab975e4c70 nmethod 2363 0x000001ab8049cd90 code [0x000001ab8049cf60, 0x000001ab8049d448]
Event: 2.328 Thread 0x000001ab975e4c70 2364       3       java.util.concurrent.locks.AbstractQueuedSynchronizer::<init> (5 bytes)
Event: 2.329 Thread 0x000001ab975e4c70 nmethod 2364 0x000001ab8049d590 code [0x000001ab8049d740, 0x000001ab8049d8f8]
Event: 2.329 Thread 0x000001ab975e4c70 2365       3       java.util.concurrent.locks.AbstractOwnableSynchronizer::<init> (5 bytes)
Event: 2.329 Thread 0x000001ab975e4c70 nmethod 2365 0x000001ab8049da10 code [0x000001ab8049dba0, 0x000001ab8049dcf8]
Event: 2.329 Thread 0x000001ab975e4c70 2366       3       java.util.regex.Pattern$GroupTail::match (111 bytes)
Event: 2.329 Thread 0x000001ab975e4c70 nmethod 2366 0x000001ab8049dd90 code [0x000001ab8049df60, 0x000001ab8049e308]
Event: 2.329 Thread 0x000001ab975e41c0 nmethod 2361 0x000001ab87c0f490 code [0x000001ab87c0f620, 0x000001ab87c0f708]
Event: 2.329 Thread 0x000001ab975e4c70 2367       3       java.lang.invoke.TypeConvertingMethodAdapter::cast (42 bytes)
Event: 2.330 Thread 0x000001ab975e4c70 nmethod 2367 0x000001ab8049e510 code [0x000001ab8049e700, 0x000001ab8049eb68]
Event: 2.330 Thread 0x000001ab975e4c70 2368       3       java.lang.reflect.ReflectAccess::getRoot (5 bytes)
Event: 2.330 Thread 0x000001ab975e4c70 nmethod 2368 0x000001ab8049ed10 code [0x000001ab8049eec0, 0x000001ab8049f088]

GC Heap History (8 events):
Event: 0.473 GC heap before
{Heap before GC invocations=0 (full 0):
 garbage-first heap   total 126976K, used 26624K [0x0000000080000000, 0x0000000100000000)
  region size 1024K, 23 young (23552K), 0 survivors (0K)
 Metaspace       used 10355K, committed 10496K, reserved 1114112K
  class space    used 1066K, committed 1152K, reserved 1048576K
}
Event: 0.481 GC heap after
{Heap after GC invocations=1 (full 0):
 garbage-first heap   total 126976K, used 10728K [0x0000000080000000, 0x0000000100000000)
  region size 1024K, 3 young (3072K), 3 survivors (3072K)
 Metaspace       used 10355K, committed 10496K, reserved 1114112K
  class space    used 1066K, committed 1152K, reserved 1048576K
}
Event: 0.868 GC heap before
{Heap before GC invocations=1 (full 0):
 garbage-first heap   total 126976K, used 38376K [0x0000000080000000, 0x0000000100000000)
  region size 1024K, 30 young (30720K), 3 survivors (3072K)
 Metaspace       used 11458K, committed 11648K, reserved 1114112K
  class space    used 1196K, committed 1280K, reserved 1048576K
}
Event: 0.873 GC heap after
{Heap after GC invocations=2 (full 0):
 garbage-first heap   total 126976K, used 11470K [0x0000000080000000, 0x0000000100000000)
  region size 1024K, 1 young (1024K), 1 survivors (1024K)
 Metaspace       used 11458K, committed 11648K, reserved 1114112K
  class space    used 1196K, committed 1280K, reserved 1048576K
}
Event: 1.678 GC heap before
{Heap before GC invocations=2 (full 0):
 garbage-first heap   total 126976K, used 62670K [0x0000000080000000, 0x0000000100000000)
  region size 1024K, 51 young (52224K), 1 survivors (1024K)
 Metaspace       used 21274K, committed 21504K, reserved 1114112K
  class space    used 2499K, committed 2624K, reserved 1048576K
}
Event: 1.684 GC heap after
{Heap after GC invocations=3 (full 0):
 garbage-first heap   total 126976K, used 19382K [0x0000000080000000, 0x0000000100000000)
  region size 1024K, 8 young (8192K), 8 survivors (8192K)
 Metaspace       used 21274K, committed 21504K, reserved 1114112K
  class space    used 2499K, committed 2624K, reserved 1048576K
}
Event: 2.298 GC heap before
{Heap before GC invocations=4 (full 0):
 garbage-first heap   total 68608K, used 51126K [0x0000000080000000, 0x0000000100000000)
  region size 1024K, 40 young (40960K), 8 survivors (8192K)
 Metaspace       used 26270K, committed 26560K, reserved 1114112K
  class space    used 3347K, committed 3456K, reserved 1048576K
}
Event: 2.304 GC heap after
{Heap after GC invocations=5 (full 0):
 garbage-first heap   total 68608K, used 21473K [0x0000000080000000, 0x0000000100000000)
  region size 1024K, 2 young (2048K), 2 survivors (2048K)
 Metaspace       used 26270K, committed 26560K, reserved 1114112K
  class space    used 3347K, committed 3456K, reserved 1048576K
}

Dll operation events (3 events):
Event: 0.005 Loaded shared library C:\Program Files\Android\Android Studio\jbr\bin\java.dll
Event: 0.110 Loaded shared library C:\Program Files\Android\Android Studio\jbr\bin\zip.dll
Event: 0.314 Loaded shared library C:\Program Files\Android\Android Studio\jbr\bin\verify.dll

Deoptimization events (20 events):
Event: 2.006 Thread 0x000001ab9e3a2860 Uncommon trap: trap_request=0xffffff45 fr.pc=0x000001ab87b43ad4 relative=0x0000000000000614
Event: 2.006 Thread 0x000001ab9e3a2860 Uncommon trap: reason=unstable_if action=reinterpret pc=0x000001ab87b43ad4 method=java.io.File.getName()Ljava/lang/String; @ 16 c2
Event: 2.006 Thread 0x000001ab9e3a2860 DEOPT PACKING pc=0x000001ab87b43ad4 sp=0x00000002175fb720
Event: 2.006 Thread 0x000001ab9e3a2860 DEOPT UNPACKING pc=0x000001ab8758a1a3 sp=0x00000002175fb6f0 mode 2
Event: 2.054 Thread 0x000001ab9e3a2860 Uncommon trap: trap_request=0xffffff45 fr.pc=0x000001ab87af93f4 relative=0x00000000000000d4
Event: 2.054 Thread 0x000001ab9e3a2860 Uncommon trap: reason=unstable_if action=reinterpret pc=0x000001ab87af93f4 method=java.util.HashMap.hash(Ljava/lang/Object;)I @ 1 c2
Event: 2.054 Thread 0x000001ab9e3a2860 DEOPT PACKING pc=0x000001ab87af93f4 sp=0x00000002175fc490
Event: 2.054 Thread 0x000001ab9e3a2860 DEOPT UNPACKING pc=0x000001ab8758a1a3 sp=0x00000002175fc3d0 mode 2
Event: 2.084 Thread 0x000001ab9e3a2860 Uncommon trap: trap_request=0xffffff45 fr.pc=0x000001ab87b729dc relative=0x000000000000073c
Event: 2.084 Thread 0x000001ab9e3a2860 Uncommon trap: reason=unstable_if action=reinterpret pc=0x000001ab87b729dc method=java.util.ArrayList.grow(I)[Ljava/lang/Object; @ 17 c2
Event: 2.084 Thread 0x000001ab9e3a2860 DEOPT PACKING pc=0x000001ab87b729dc sp=0x00000002175fd0c0
Event: 2.084 Thread 0x000001ab9e3a2860 DEOPT UNPACKING pc=0x000001ab8758a1a3 sp=0x00000002175fcf58 mode 2
Event: 2.237 Thread 0x000001ab9e3a2860 DEOPT PACKING pc=0x000001ab80426012 sp=0x00000002175fbac0
Event: 2.238 Thread 0x000001ab9e3a2860 DEOPT UNPACKING pc=0x000001ab8758ace3 sp=0x00000002175fafd0 mode 0
Event: 2.283 Thread 0x000001ab9e3a2860 DEOPT PACKING pc=0x000001ab80426012 sp=0x00000002175fb9c0
Event: 2.283 Thread 0x000001ab9e3a2860 DEOPT UNPACKING pc=0x000001ab8758ace3 sp=0x00000002175faed0 mode 0
Event: 2.308 Thread 0x000001ab9e3a2860 DEOPT PACKING pc=0x000001ab80425ff1 sp=0x00000002175fc000
Event: 2.308 Thread 0x000001ab9e3a2860 DEOPT UNPACKING pc=0x000001ab8758ace3 sp=0x00000002175fb510 mode 0
Event: 2.320 Thread 0x000001ab9e3a2860 DEOPT PACKING pc=0x000001ab80426012 sp=0x00000002175fbe90
Event: 2.320 Thread 0x000001ab9e3a2860 DEOPT UNPACKING pc=0x000001ab8758ace3 sp=0x00000002175fb3a0 mode 0

Classes unloaded (0 events):
No events

Classes redefined (0 events):
No events

Internal exceptions (20 events):
Event: 1.696 Thread 0x000001ab9e3a2860 Exception <a 'java/lang/NoSuchMethodError'{0x0000000083946f50}: 'void java.lang.invoke.DirectMethodHandle$Holder.invokeSpecial(java.lang.Object, java.lang.Object, java.lang.Object)'> (0x0000000083946f50) 
thrown [s\src\hotspot\share\interpreter\linkResolver.cpp, line 771]
Event: 1.707 Thread 0x000001ab9e3a2860 Exception <a 'java/lang/NoSuchMethodError'{0x0000000083832440}: 'java.lang.Object java.lang.invoke.DirectMethodHandle$Holder.newInvokeSpecial(java.lang.Object, java.lang.Object, java.lang.Object, java.lang.Object, java.lang.Object, java.lang.Object)'> (0x0000000083832440) 
thrown [s\src\hotspot\share\interpreter\linkResolver.cpp, line 771]
Event: 1.709 Thread 0x000001ab9e3a2860 Exception <a 'java/lang/NoSuchMethodError'{0x000000008384a080}: 'void java.lang.invoke.DirectMethodHandle$Holder.invokeSpecial(java.lang.Object, java.lang.Object, java.lang.Object, java.lang.Object, java.lang.Object)'> (0x000000008384a080) 
thrown [s\src\hotspot\share\interpreter\linkResolver.cpp, line 771]
Event: 1.710 Thread 0x000001ab9e3a2860 Exception <a 'java/lang/NoSuchMethodError'{0x000000008385e6f0}: 'void java.lang.invoke.DirectMethodHandle$Holder.invokeStaticInit(java.lang.Object, java.lang.Object)'> (0x000000008385e6f0) 
thrown [s\src\hotspot\share\interpreter\linkResolver.cpp, line 771]
Event: 1.786 Thread 0x000001ab9e3a2860 Exception <a 'java/lang/NoSuchMethodError'{0x00000000835192d0}: 'void java.lang.invoke.DelegatingMethodHandle$Holder.reinvoke_L(java.lang.Object, java.lang.Object, java.lang.Object, java.lang.Object, java.lang.Object, java.lang.Object, java.lang.Object, java.lang.Object, java.lang.Object, java.lang.Object)'> (0x00000000835192d0) 
thrown [s\src\hotspot\share\interpreter\linkResolver.cpp, line 771]
Event: 1.787 Thread 0x000001ab9e3a2860 Exception <a 'java/lang/NoSuchMethodError'{0x0000000083521880}: 'java.lang.Object java.lang.invoke.DirectMethodHandle$Holder.invokeSpecial(java.lang.Object, java.lang.Object, java.lang.Object, java.lang.Object, java.lang.Object, java.lang.Object, java.lang.Object, java.lang.Object, java.lang.Object, java.lang.Object)'> (0x0000000083521880) 
thrown [s\src\hotspot\share\interpreter\linkResolver.cpp, line 771]
Event: 1.787 Thread 0x000001ab9e3a2860 Exception <a 'java/lang/NoSuchMethodError'{0x0000000083526150}: 'java.lang.Object java.lang.invoke.Invokers$Holder.invoker(java.lang.Object, java.lang.Object, java.lang.Object, java.lang.Object, java.lang.Object, java.lang.Object, java.lang.Object, java.lang.Object, java.lang.Object, java.lang.Object)'> (0x0000000083526150) 
thrown [s\src\hotspot\share\interpreter\linkResolver.cpp, line 771]
Event: 1.787 Thread 0x000001ab9e3a2860 Exception <a 'java/lang/NoSuchMethodError'{0x000000008352bd58}: 'java.lang.Object java.lang.invoke.DirectMethodHandle$Holder.invokeSpecial(java.lang.Object, java.lang.Object, java.lang.Object, java.lang.Object, java.lang.Object, java.lang.Object, java.lang.Object, java.lang.Object, java.lang.Object, java.lang.Object, java.lang.Object)'> (0x000000008352bd58) 
thrown [s\src\hotspot\share\interpreter\linkResolver.cpp, line 771]
Event: 1.928 Thread 0x000001ab9e3a2860 Exception <a 'java/lang/NoSuchMethodError'{0x00000000830f9228}: 'void java.lang.invoke.DirectMethodHandle$Holder.invokeStaticInit(java.lang.Object)'> (0x00000000830f9228) 
thrown [s\src\hotspot\share\interpreter\linkResolver.cpp, line 771]
Event: 1.938 Thread 0x000001ab9e3a2860 Exception <a 'java/lang/NoSuchMethodError'{0x0000000082fe9f10}: 'java.lang.Object java.lang.invoke.DirectMethodHandle$Holder.newInvokeSpecial(java.lang.Object, java.lang.Object, java.lang.Object, int)'> (0x0000000082fe9f10) 
thrown [s\src\hotspot\share\interpreter\linkResolver.cpp, line 771]
Event: 1.939 Thread 0x000001ab9e3a2860 Exception <a 'java/lang/NoSuchMethodError'{0x0000000082fee840}: 'java.lang.Object java.lang.invoke.DirectMethodHandle$Holder.invokeSpecial(java.lang.Object, java.lang.Object, java.lang.Object, java.lang.Object, int)'> (0x0000000082fee840) 
thrown [s\src\hotspot\share\interpreter\linkResolver.cpp, line 771]
Event: 1.939 Thread 0x000001ab9e3a2860 Exception <a 'java/lang/NoSuchMethodError'{0x0000000082ff2958}: 'java.lang.Object java.lang.invoke.Invokers$Holder.linkToTargetMethod(java.lang.Object, java.lang.Object, int, java.lang.Object)'> (0x0000000082ff2958) 
thrown [s\src\hotspot\share\interpreter\linkResolver.cpp, line 771]
Event: 2.021 Thread 0x000001ab9e3a2860 Exception <a 'java/lang/NoSuchMethodError'{0x0000000082a80480}: 'int java.lang.invoke.DirectMethodHandle$Holder.invokeVirtual(java.lang.Object, java.lang.Object, java.lang.Object)'> (0x0000000082a80480) 
thrown [s\src\hotspot\share\interpreter\linkResolver.cpp, line 771]
Event: 2.037 Thread 0x000001ab9e3a2860 Exception <a 'java/lang/NoSuchMethodError'{0x0000000082986f90}: 'int java.lang.invoke.DirectMethodHandle$Holder.invokeSpecialIFC(java.lang.Object, java.lang.Object, java.lang.Object, java.lang.Object)'> (0x0000000082986f90) 
thrown [s\src\hotspot\share\interpreter\linkResolver.cpp, line 771]
Event: 2.038 Thread 0x000001ab9e3a2860 Exception <a 'java/lang/NoSuchMethodError'{0x0000000082995e80}: 'java.lang.Object java.lang.invoke.DirectMethodHandle$Holder.invokeInterface(java.lang.Object, java.lang.Object, java.lang.Object)'> (0x0000000082995e80) 
thrown [s\src\hotspot\share\interpreter\linkResolver.cpp, line 771]
Event: 2.039 Thread 0x000001ab9e3a2860 Exception <a 'java/lang/IncompatibleClassChangeError'{0x0000000082999a98}: Found class java.lang.Object, but interface was expected> (0x0000000082999a98) 
thrown [s\src\hotspot\share\interpreter\linkResolver.cpp, line 838]
Event: 2.054 Thread 0x000001ab9e3a2860 Implicit null exception at 0x000001ab87af9358 to 0x000001ab87af93ea
Event: 2.063 Thread 0x000001ab9e3a2860 Exception <a 'java/lang/NoSuchMethodError'{0x0000000082777958}: 'int java.lang.invoke.DirectMethodHandle$Holder.invokeStatic(java.lang.Object, java.lang.Object, java.lang.Object, java.lang.Object)'> (0x0000000082777958) 
thrown [s\src\hotspot\share\interpreter\linkResolver.cpp, line 771]
Event: 2.063 Thread 0x000001ab9e3a2860 Exception <a 'java/lang/NoSuchMethodError'{0x000000008277b580}: 'java.lang.Object java.lang.invoke.Invokers$Holder.invokeExact_MT(java.lang.Object, java.lang.Object, java.lang.Object, java.lang.Object, java.lang.Object, java.lang.Object)'> (0x000000008277b580) 
thrown [s\src\hotspot\share\interpreter\linkResolver.cpp, line 771]
Event: 2.113 Thread 0x000001ab9e3a2860 Exception <a 'java/lang/IncompatibleClassChangeError'{0x00000000824643e8}: Found class java.lang.Object, but interface was expected> (0x00000000824643e8) 
thrown [s\src\hotspot\share\interpreter\linkResolver.cpp, line 838]

VM Operations (20 events):
Event: 1.477 Executing VM operation: HandshakeAllThreads
Event: 1.477 Executing VM operation: HandshakeAllThreads done
Event: 1.519 Executing VM operation: HandshakeAllThreads
Event: 1.519 Executing VM operation: HandshakeAllThreads done
Event: 1.666 Executing VM operation: ICBufferFull
Event: 1.666 Executing VM operation: ICBufferFull done
Event: 1.678 Executing VM operation: CollectForMetadataAllocation
Event: 1.684 Executing VM operation: CollectForMetadataAllocation done
Event: 1.686 Executing VM operation: G1PauseRemark
Event: 1.687 Executing VM operation: G1PauseRemark done
Event: 1.688 Executing VM operation: G1PauseCleanup
Event: 1.692 Executing VM operation: G1PauseCleanup done
Event: 1.758 Executing VM operation: HandshakeAllThreads
Event: 1.758 Executing VM operation: HandshakeAllThreads done
Event: 2.101 Executing VM operation: HandshakeAllThreads
Event: 2.101 Executing VM operation: HandshakeAllThreads done
Event: 2.101 Executing VM operation: HandshakeAllThreads
Event: 2.101 Executing VM operation: HandshakeAllThreads done
Event: 2.298 Executing VM operation: G1CollectForAllocation
Event: 2.304 Executing VM operation: G1CollectForAllocation done

Events (20 events):
Event: 2.036 loading class java/nio/file/FileVisitOption
Event: 2.036 loading class java/nio/file/FileVisitOption done
Event: 2.039 loading class java/util/stream/ReduceOps$1
Event: 2.039 loading class java/util/stream/ReduceOps$1 done
Event: 2.039 loading class java/util/stream/ReduceOps$1ReducingSink
Event: 2.039 loading class java/util/stream/ReduceOps$1ReducingSink done
Event: 2.131 loading class java/util/Collections$2
Event: 2.131 loading class java/util/Collections$2 done
Event: 2.243 loading class java/util/function/LongFunction
Event: 2.243 loading class java/util/function/LongFunction done
Event: 2.270 loading class java/lang/management/MemoryType
Event: 2.270 loading class java/security/InvalidKeyException
Event: 2.271 loading class java/security/KeyException
Event: 2.271 loading class java/security/KeyException done
Event: 2.271 loading class java/security/InvalidKeyException done
Event: 2.271 loading class java/lang/management/MemoryType done
Event: 2.271 loading class java/lang/management/MemoryUsage
Event: 2.271 loading class java/lang/management/MemoryUsage done
Event: 2.271 loading class java/util/concurrent/LinkedBlockingDeque$Node
Event: 2.272 loading class java/util/concurrent/LinkedBlockingDeque$Node done


Dynamic libraries:
0x00007ff75f430000 - 0x00007ff75f43a000 	C:\Program Files\Android\Android Studio\jbr\bin\java.exe
0x00007fffc4190000 - 0x00007fffc43a7000 	C:\WINDOWS\SYSTEM32\ntdll.dll
0x00007fffc20c0000 - 0x00007fffc2184000 	C:\WINDOWS\System32\KERNEL32.DLL
0x00007fffc1510000 - 0x00007fffc18ca000 	C:\WINDOWS\System32\KERNELBASE.dll
0x00007fffc1d80000 - 0x00007fffc1e91000 	C:\WINDOWS\System32\ucrtbase.dll
0x00007fff92df0000 - 0x00007fff92e0b000 	C:\Program Files\Android\Android Studio\jbr\bin\VCRUNTIME140.dll
0x00007fff96f20000 - 0x00007fff96f37000 	C:\Program Files\Android\Android Studio\jbr\bin\jli.dll
0x00007fffc3d30000 - 0x00007fffc3ede000 	C:\WINDOWS\System32\USER32.dll
0x00007fffc1d50000 - 0x00007fffc1d76000 	C:\WINDOWS\System32\win32u.dll
0x00007fffb5950000 - 0x00007fffb5be2000 	C:\WINDOWS\WinSxS\amd64_microsoft.windows.common-controls_6595b64144ccf1df_6.0.22621.4541_none_2710d1c57384c085\COMCTL32.dll
0x00007fffc2360000 - 0x00007fffc2389000 	C:\WINDOWS\System32\GDI32.dll
0x00007fffc22b0000 - 0x00007fffc2357000 	C:\WINDOWS\System32\msvcrt.dll
0x00007fffc18d0000 - 0x00007fffc19eb000 	C:\WINDOWS\System32\gdi32full.dll
0x00007fffc1470000 - 0x00007fffc150a000 	C:\WINDOWS\System32\msvcp_win.dll
0x00007fffc1eb0000 - 0x00007fffc1ee1000 	C:\WINDOWS\System32\IMM32.DLL
0x00007fffa8b00000 - 0x00007fffa8b0c000 	C:\Program Files\Android\Android Studio\jbr\bin\vcruntime140_1.dll
0x00007fff86b40000 - 0x00007fff86bcd000 	C:\Program Files\Android\Android Studio\jbr\bin\msvcp140.dll
0x00007fff60d00000 - 0x00007fff61983000 	C:\Program Files\Android\Android Studio\jbr\bin\server\jvm.dll
0x00007fffc2e10000 - 0x00007fffc2ec2000 	C:\WINDOWS\System32\ADVAPI32.dll
0x00007fffc2010000 - 0x00007fffc20b7000 	C:\WINDOWS\System32\sechost.dll
0x00007fffc1ca0000 - 0x00007fffc1cc8000 	C:\WINDOWS\System32\bcrypt.dll
0x00007fffc1ef0000 - 0x00007fffc2004000 	C:\WINDOWS\System32\RPCRT4.dll
0x00007fffa1ae0000 - 0x00007fffa1ae9000 	C:\WINDOWS\SYSTEM32\WSOCK32.dll
0x00007fffb8a20000 - 0x00007fffb8a54000 	C:\WINDOWS\SYSTEM32\WINMM.dll
0x00007fffc02d0000 - 0x00007fffc031d000 	C:\WINDOWS\SYSTEM32\POWRPROF.dll
0x00007fffc2230000 - 0x00007fffc22a1000 	C:\WINDOWS\System32\WS2_32.dll
0x00007fffb6250000 - 0x00007fffb625a000 	C:\WINDOWS\SYSTEM32\VERSION.dll
0x00007fffc02b0000 - 0x00007fffc02c3000 	C:\WINDOWS\SYSTEM32\UMPDC.dll
0x00007fffc0570000 - 0x00007fffc0588000 	C:\WINDOWS\SYSTEM32\kernel.appcore.dll
0x00007fffb9140000 - 0x00007fffb914a000 	C:\Program Files\Android\Android Studio\jbr\bin\jimage.dll
0x00007fffbe890000 - 0x00007fffbeac2000 	C:\WINDOWS\SYSTEM32\DBGHELP.DLL
0x00007fffc39a0000 - 0x00007fffc3d2f000 	C:\WINDOWS\System32\combase.dll
0x00007fffc2d30000 - 0x00007fffc2e07000 	C:\WINDOWS\System32\OLEAUT32.dll
0x00007fffb1490000 - 0x00007fffb14c2000 	C:\WINDOWS\SYSTEM32\dbgcore.DLL
0x00007fffc1cd0000 - 0x00007fffc1d4b000 	C:\WINDOWS\System32\bcryptPrimitives.dll
0x00007fffade60000 - 0x00007fffade6e000 	C:\Program Files\Android\Android Studio\jbr\bin\instrument.dll
0x00007fffa7ac0000 - 0x00007fffa7ae5000 	C:\Program Files\Android\Android Studio\jbr\bin\java.dll
0x00007fffa7b60000 - 0x00007fffa7b78000 	C:\Program Files\Android\Android Studio\jbr\bin\zip.dll
0x00007fffc24b0000 - 0x00007fffc2d28000 	C:\WINDOWS\System32\SHELL32.dll
0x00007fffbf370000 - 0x00007fffbfc78000 	C:\WINDOWS\SYSTEM32\windows.storage.dll
0x00007fffbf230000 - 0x00007fffbf36f000 	C:\WINDOWS\SYSTEM32\wintypes.dll
0x00007fffc3f40000 - 0x00007fffc403a000 	C:\WINDOWS\System32\SHCORE.dll
0x00007fffc3940000 - 0x00007fffc399e000 	C:\WINDOWS\System32\shlwapi.dll
0x00007fffc13a0000 - 0x00007fffc13cb000 	C:\WINDOWS\SYSTEM32\profapi.dll
0x00007fffa6600000 - 0x00007fffa6619000 	C:\Program Files\Android\Android Studio\jbr\bin\net.dll
0x00007fffba5a0000 - 0x00007fffba6d6000 	C:\WINDOWS\SYSTEM32\WINHTTP.dll
0x00007fffc0a00000 - 0x00007fffc0a69000 	C:\WINDOWS\system32\mswsock.dll
0x00007fff9baf0000 - 0x00007fff9bb06000 	C:\Program Files\Android\Android Studio\jbr\bin\nio.dll
0x00007fffb5bf0000 - 0x00007fffb5c00000 	C:\Program Files\Android\Android Studio\jbr\bin\verify.dll
0x00007fff92100000 - 0x00007fff92127000 	C:\Users\nvhoa\.gradle\native\c067742578af261105cb4f569cf0c3c89f3d7b1fecec35dd04571415982c5e48\windows-amd64\native-platform.dll
0x00007fff74660000 - 0x00007fff747a4000 	C:\Users\nvhoa\.gradle\native\38dada09dfb8b06ba9b0570ebf7e218e3eb74d4ef43ca46872605cf95ebc2f47\windows-amd64\native-platform-file-events.dll
0x00007fffb6690000 - 0x00007fffb6699000 	C:\Program Files\Android\Android Studio\jbr\bin\management.dll
0x00007fffb6630000 - 0x00007fffb663b000 	C:\Program Files\Android\Android Studio\jbr\bin\management_ext.dll
0x00007fffc2190000 - 0x00007fffc2198000 	C:\WINDOWS\System32\PSAPI.DLL
0x00007fffc0c50000 - 0x00007fffc0c6b000 	C:\WINDOWS\SYSTEM32\CRYPTSP.dll
0x00007fffc04d0000 - 0x00007fffc0505000 	C:\WINDOWS\system32\rsaenh.dll
0x00007fffc0af0000 - 0x00007fffc0b18000 	C:\WINDOWS\SYSTEM32\USERENV.dll
0x00007fffc0c70000 - 0x00007fffc0c7c000 	C:\WINDOWS\SYSTEM32\CRYPTBASE.dll
0x00007fffbff50000 - 0x00007fffbff7d000 	C:\WINDOWS\SYSTEM32\IPHLPAPI.DLL
0x00007fffc2ed0000 - 0x00007fffc2ed9000 	C:\WINDOWS\System32\NSI.dll
0x00007fffba1a0000 - 0x00007fffba1b9000 	C:\WINDOWS\SYSTEM32\dhcpcsvc6.DLL
0x00007fffba160000 - 0x00007fffba17f000 	C:\WINDOWS\SYSTEM32\dhcpcsvc.DLL
0x00007fffbffc0000 - 0x00007fffc00c2000 	C:\WINDOWS\SYSTEM32\DNSAPI.dll
0x00007fffb90d0000 - 0x00007fffb90d9000 	C:\Program Files\Android\Android Studio\jbr\bin\extnet.dll
0x00007fffb9910000 - 0x00007fffb9918000 	C:\WINDOWS\system32\wshunix.dll

dbghelp: loaded successfully - version: 4.0.5 - missing functions: none
symbol engine: initialized successfully - sym options: 0x614 - pdb path: .;C:\Program Files\Android\Android Studio\jbr\bin;C:\WINDOWS\SYSTEM32;C:\WINDOWS\WinSxS\amd64_microsoft.windows.common-controls_6595b64144ccf1df_6.0.22621.4541_none_2710d1c57384c085;C:\Program Files\Android\Android Studio\jbr\bin\server;C:\Users\nvhoa\.gradle\native\c067742578af261105cb4f569cf0c3c89f3d7b1fecec35dd04571415982c5e48\windows-amd64;C:\Users\nvhoa\.gradle\native\38dada09dfb8b06ba9b0570ebf7e218e3eb74d4ef43ca46872605cf95ebc2f47\windows-amd64

VM Arguments:
jvm_args: --add-opens=java.base/java.util=ALL-UNNAMED --add-opens=java.base/java.lang=ALL-UNNAMED --add-opens=java.base/java.lang.invoke=ALL-UNNAMED --add-opens=java.prefs/java.util.prefs=ALL-UNNAMED --add-opens=java.base/java.nio.charset=ALL-UNNAMED --add-opens=java.base/java.net=ALL-UNNAMED --add-opens=java.base/java.util.concurrent.atomic=ALL-UNNAMED -Xmx2048m -Dfile.encoding=UTF-8 -Duser.country=US -Duser.language=en -Duser.variant -javaagent:C:\Users\nvhoa\.gradle\wrapper\dists\gradle-8.7-bin\bhs2wmbdwecv87pi65oeuq5iu\gradle-8.7\lib\agents\gradle-instrumentation-agent-8.7.jar 
java_command: org.gradle.launcher.daemon.bootstrap.GradleDaemon 8.7
java_class_path (initial): C:\Users\nvhoa\.gradle\wrapper\dists\gradle-8.7-bin\bhs2wmbdwecv87pi65oeuq5iu\gradle-8.7\lib\gradle-launcher-8.7.jar
Launcher Type: SUN_STANDARD

[Global flags]
     intx CICompilerCount                          = 4                                         {product} {ergonomic}
     uint ConcGCThreads                            = 3                                         {product} {ergonomic}
     uint G1ConcRefinementThreads                  = 10                                        {product} {ergonomic}
   size_t G1HeapRegionSize                         = 1048576                                   {product} {ergonomic}
    uintx GCDrainStackTargetSize                   = 64                                        {product} {ergonomic}
   size_t InitialHeapSize                          = 130023424                                 {product} {ergonomic}
   size_t MarkStackSize                            = 4194304                                   {product} {ergonomic}
   size_t MaxHeapSize                              = 2147483648                                {product} {command line}
   size_t MaxNewSize                               = 1287651328                                {product} {ergonomic}
   size_t MinHeapDeltaBytes                        = 1048576                                   {product} {ergonomic}
   size_t MinHeapSize                              = 8388608                                   {product} {ergonomic}
    uintx NonNMethodCodeHeapSize                   = 5839372                                {pd product} {ergonomic}
    uintx NonProfiledCodeHeapSize                  = 122909434                              {pd product} {ergonomic}
    uintx ProfiledCodeHeapSize                     = 122909434                              {pd product} {ergonomic}
    uintx ReservedCodeCacheSize                    = 251658240                              {pd product} {ergonomic}
     bool SegmentedCodeCache                       = true                                      {product} {ergonomic}
   size_t SoftMaxHeapSize                          = 2147483648                             {manageable} {ergonomic}
     bool UseCompressedClassPointers               = true                           {product lp64_product} {ergonomic}
     bool UseCompressedOops                        = true                           {product lp64_product} {ergonomic}
     bool UseG1GC                                  = true                                      {product} {ergonomic}
     bool UseLargePagesIndividualAllocation        = false                                  {pd product} {ergonomic}

Logging:
Log output configuration:
 #0: stdout all=warning uptime,level,tags
 #1: stderr all=off uptime,level,tags

Environment Variables:
PATH=C:\Program Files\Common Files\Oracle\Java\javapath;C:\Windows\system32;C:\Windows;C:\Windows\System32\Wbem;C:\Windows\System32\WindowsPowerShell\v1.0\;C:\Windows\System32\OpenSSH\;C:\Program Files (x86)\NVIDIA Corporation\PhysX\Common;C:\WINDOWS\system32;C:\WINDOWS;C:\WINDOWS\System32\Wbem;C:\WINDOWS\System32\WindowsPowerShell\v1.0\;C:\WINDOWS\System32\OpenSSH\;C:\Program Files\NVIDIA Corporation\NVIDIA NvDLISR;C:\WINDOWS\system32;C:\WINDOWS;C:\WINDOWS\System32\Wbem;C:\WINDOWS\System32\WindowsPowerShell\v1.0\;C:\WINDOWS\System32\OpenSSH\;C:\Program Files\dotnet\;C:\Program Files (x86)\mingw-w64\i686-8.1.0-posix-dwarf-rt_v6-rev0;C:\Program Files\Java\jdk-21\bin;D:\Git\cmd;C:\Program Files\Azure Data Studio\bin;C:\Program Files\MongoDB\Server\6.0\bin;C:\Program Files\MongoDB\Tools\100\bin;C:\Program Files\Microsoft SQL Server\Client SDK\ODBC\170\Tools\Binn\;C:\Program Files (x86)\Microsoft SQL Server\150\Tools\Binn\;C:\Program Files\Microsoft SQL Server\150\Tools\Binn\;C:\Program Files\Microsoft SQL Server\150\DTS\Binn\;C:\Program Files (x86)\Microsoft SQL Server\160\Tools\Binn\;C:\Program Files\Microsoft SQL Server\160\Tools\Binn\;C:\Program Files\Microsoft SQL Server\160\DTS\Binn\;C:\Program Files (x86)\Microsoft SQL Server\160\DTS\Binn\;C:\Users\nvhoa\AppData\Local\Microsoft\WindowsApps;C:\Users\nvhoa\AppData\Local\Programs\Microsoft VS Code\bin;C:\Users\nvhoa\OneDrive\My tnh\IntelliJ IDEA 2023.2\bin;;C:\Users\nvhoa\OneDrive\My tnh\IntelliJ IDEA Community Edition 2023.2\bin;;C:\Program Files\Azure Data Studio\bin;C:\Users\nvhoa\AppData\Local\Programs\mongosh\;C:\Users\nvhoa\AppData\Local\GitHubDesktop\bin;C:\Users\nvhoa\.dotnet\tools
USERNAME=nvhoang
OS=Windows_NT
PROCESSOR_IDENTIFIER=Intel64 Family 6 Model 141 Stepping 1, GenuineIntel
TMP=C:\Users\nvhoa\AppData\Local\Temp
TEMP=C:\Users\nvhoa\AppData\Local\Temp



Periodic native trim disabled

JNI global refs:
JNI global refs: 24, weak refs: 0

JNI global refs memory usage: 843, weak refs: 841

Process memory usage:
Resident Set Size: 177316K (2% of 8103892K total physical memory with 194460K free physical memory)

OOME stack traces (most recent first):
Classloader memory used:
Loader bootstrap                                                                       : 1893K
Loader org.gradle.internal.classloader.VisitableURLClassLoader                         : 1260K
Loader org.gradle.initialization.MixInLegacyTypesClassLoader                           : 154K
Loader jdk.internal.loader.ClassLoaders$AppClassLoader                                 : 28714B
Loader jdk.internal.loader.ClassLoaders$PlatformClassLoader                            : 14866B
Loader jdk.internal.reflect.DelegatingClassLoader                                      : 2261B

Classes loaded by more than one classloader:
Class org.gradle.internal.installation.GradleInstallation                             : loaded 2 times (x 73B)
Class org.gradle.internal.classpath.ClassPath                                         : loaded 2 times (x 68B)
Class org.gradle.api.internal.classpath.DefaultModuleRegistry                         : loaded 2 times (x 84B)
Class org.gradle.api.Action                                                           : loaded 2 times (x 68B)
Class org.gradle.api.internal.DefaultClassPathProvider                                : loaded 2 times (x 74B)
Class org.gradle.internal.installation.GradleInstallation$1                           : loaded 2 times (x 73B)
Class org.gradle.internal.classloader.FilteringClassLoader                            : loaded 2 times (x 103B)
Class org.gradle.internal.classpath.DefaultClassPath$ImmutableUniqueList$Builder      : loaded 2 times (x 73B)
Class org.gradle.internal.classloader.ClassLoaderVisitor                              : loaded 2 times (x 74B)
Class org.gradle.internal.service.DefaultServiceLocator                               : loaded 2 times (x 81B)
Class org.gradle.internal.service.UnknownServiceException                             : loaded 2 times (x 81B)
Class org.gradle.internal.classloader.DefaultClassLoaderFactory                       : loaded 2 times (x 80B)
Class org.gradle.internal.classloader.VisitableURLClassLoader$Spec                    : loaded 2 times (x 72B)
Class org.gradle.api.GradleException                                                  : loaded 2 times (x 80B)
Class org.gradle.api.internal.classpath.ModuleRegistry                                : loaded 2 times (x 68B)
Class org.gradle.api.internal.ClassPathProvider                                       : loaded 2 times (x 68B)
Class org.gradle.internal.classloader.ClasspathUtil$1                                 : loaded 2 times (x 74B)
Class org.gradle.internal.classloader.ClassLoaderFactory                              : loaded 2 times (x 68B)
Class org.gradle.api.internal.classpath.ManifestUtil                                  : loaded 2 times (x 69B)
Class org.gradle.api.specs.Spec                                                       : loaded 2 times (x 68B)
Class org.gradle.internal.IoActions                                                   : loaded 2 times (x 69B)
Class org.gradle.api.internal.classpath.EffectiveClassPath                            : loaded 2 times (x 88B)
Class org.gradle.internal.installation.CurrentGradleInstallation                      : loaded 2 times (x 71B)
Class org.gradle.internal.agents.InstrumentingClassLoader                             : loaded 2 times (x 68B)
Class org.gradle.internal.installation.CurrentGradleInstallationLocator               : loaded 2 times (x 69B)
Class org.gradle.api.internal.classpath.Module                                        : loaded 2 times (x 68B)
Class org.gradle.internal.service.CachingServiceLocator                               : loaded 2 times (x 80B)
Class org.gradle.internal.classpath.DefaultClassPath                                  : loaded 2 times (x 88B)
Class org.gradle.internal.classloader.SystemClassLoaderSpec                           : loaded 2 times (x 69B)
Class org.gradle.api.UncheckedIOException                                             : loaded 2 times (x 80B)
Class org.gradle.internal.classloader.ClasspathUtil                                   : loaded 2 times (x 69B)
Class org.gradle.api.internal.DefaultClassPathRegistry                                : loaded 2 times (x 74B)
Class org.gradle.api.internal.classpath.DefaultModuleRegistry$DefaultModule           : loaded 2 times (x 84B)
Class org.gradle.api.internal.classpath.UnknownModuleException                        : loaded 2 times (x 80B)
Class org.gradle.internal.service.ServiceLookupException                              : loaded 2 times (x 80B)
Class org.gradle.cache.GlobalCache                                                    : loaded 2 times (x 68B)
Class [Lorg.gradle.api.internal.ClassPathProvider;                                    : loaded 2 times (x 67B)
Class org.gradle.util.internal.GUtil                                                  : loaded 2 times (x 69B)
Class org.gradle.internal.classloader.ClassLoaderSpec                                 : loaded 2 times (x 69B)
Class org.gradle.internal.classloader.VisitableURLClassLoader                         : loaded 2 times (x 115B)
Class org.gradle.internal.Cast                                                        : loaded 2 times (x 69B)
Class org.gradle.api.internal.ClassPathRegistry                                       : loaded 2 times (x 68B)
Class org.gradle.internal.classloader.VisitableURLClassLoader$InstrumentingVisitableURLClassLoader: loaded 2 times (x 121B)
Class org.gradle.internal.classloader.ClassLoaderHierarchy                            : loaded 2 times (x 68B)
Class org.gradle.internal.InternalTransformer                                         : loaded 2 times (x 68B)
Class org.gradle.internal.service.ServiceLocator                                      : loaded 2 times (x 68B)
Class org.gradle.internal.classpath.DefaultClassPath$ImmutableUniqueList              : loaded 2 times (x 159B)
Class org.gradle.internal.classpath.TransformedClassPath                              : loaded 2 times (x 94B)


---------------  S Y S T E M  ---------------

OS:
 Windows 11 , 64 bit Build 22621 (10.0.22621.4391)
OS uptime: 6 days 23:00 hours
Hyper-V role detected

CPU: total 12 (initial active 12) (6 cores per cpu, 2 threads per core) family 6 model 141 stepping 1 microcode 0x34, cx8, cmov, fxsr, ht, mmx, 3dnowpref, sse, sse2, sse3, ssse3, sse4.1, sse4.2, popcnt, lzcnt, tsc, tscinvbit, avx, avx2, aes, erms, clmul, bmi1, bmi2, adx, avx512f, avx512dq, avx512cd, avx512bw, avx512vl, sha, fma, vzeroupper, avx512_vpopcntdq, avx512_vpclmulqdq, avx512_vaes, avx512_vnni, clflush, clflushopt, clwb, avx512_vbmi2, avx512_vbmi, hv
Processor Information for all 12 processors :
  Max Mhz: 2688, Current Mhz: 2688, Mhz Limit: 2688

Memory: 4k page, system-wide physical 7913M (184M free)
TotalPageFile size 15081M (AvailPageFile size 6M)
current process WorkingSet (physical memory assigned to process): 173M, peak: 173M
current process commit charge ("private bytes"): 224M, peak: 265M

vm_info: OpenJDK 64-Bit Server VM (17.0.11+0--11852314) for windows-amd64 JRE (17.0.11+0--11852314), built on May 16 2024 21:29:20 by "androidbuild" with MS VC++ 16.10 / 16.11 (VS2019)

END.
